<?xml version="1.0" encoding="UTF-8"?>
<testsuite xmlns:xsi="http://www.w3.org/2001/XMLSchema-instance" xsi:noNamespaceSchemaLocation="https://maven.apache.org/surefire/maven-surefire-plugin/xsd/surefire-test-report-3.0.xsd" version="3.0" name="glamping.glamping.GlampingApplicationTests" time="21.411" tests="1" errors="0" skipped="0" failures="0">
  <properties>
[...]
</properties>
  <testcase name="contextLoads" classname="glamping.glamping.GlampingApplicationTests" time="0.97">
    <system-out><![CDATA[19:03:55.328 [main] INFO org.springframework.test.context.support.AnnotationConfigContextLoaderUtils -- Could not detect default configuration classes for test class [glamping.glamping.GlampingApplicationTests]: GlampingApplicationTests does not declare any static, non-private, non-final, nested classes annotated with @Configuration.
19:03:55.541 [main] INFO org.springframework.boot.test.context.SpringBootTestContextBootstrapper -- Found @SpringBootConfiguration glamping.glamping.GlampingApplication for test class glamping.glamping.GlampingApplicationTests

  .   ____          _            __ _ _
 /\\ / ___'_ __ _ _(_)_ __  __ _ \ \ \ \
( ( )\___ | '_ | '_| | '_ \/ _` | \ \ \ \
 \\/  ___)| |_)| | | | | || (_| |  ) ) ) )
  '  |____| .__|_| |_|_| |_\__, | / / / /
 =========|_|==============|___/=/_/_/_/
 :: Spring Boot ::                (v3.2.1)

2024-06-03T19:03:56.445-05:00  INFO 15756 --- [app_mantra] [           main] g.glamping.GlampingApplicationTests      : Starting GlampingApplicationTests using Java 19.0.1 with PID 15756 (started by USUARIO in C:\Users\USUARIO\Documents\NetBeansProjects\Glamping)
2024-06-03T19:03:56.447-05:00  INFO 15756 --- [app_mantra] [           main] g.glamping.GlampingApplicationTests      : No active profile set, falling back to 1 default profile: "default"
2024-06-03T19:03:56.448-05:00 DEBUG 15756 --- [app_mantra] [           main] o.s.boot.SpringApplication               : Loading source class glamping.glamping.GlampingApplication
2024-06-03T19:03:56.514-05:00 DEBUG 15756 --- [app_mantra] [           main] o.s.w.c.s.GenericWebApplicationContext   : Refreshing org.springframework.web.context.support.GenericWebApplicationContext@30c0ccff
2024-06-03T19:03:57.335-05:00 DEBUG 15756 --- [app_mantra] [           main] ySourcesPropertyResolver$DefaultResolver : Found key 'DB_NAME' in PropertySource 'systemEnvironment' with value of type String
2024-06-03T19:03:57.996-05:00  INFO 15756 --- [app_mantra] [           main] .s.d.r.c.RepositoryConfigurationDelegate : Multiple Spring Data modules found, entering strict repository configuration mode
2024-06-03T19:03:57.999-05:00  INFO 15756 --- [app_mantra] [           main] .s.d.r.c.RepositoryConfigurationDelegate : Bootstrapping Spring Data JDBC repositories in DEFAULT mode.
2024-06-03T19:03:58.027-05:00 DEBUG 15756 --- [app_mantra] [           main] o.s.b.a.AutoConfigurationPackages        : @EnableAutoConfiguration was declared on a class in the package 'glamping.glamping'. Automatic @Repository and @Entity scanning is enabled.
2024-06-03T19:03:58.062-05:00  INFO 15756 --- [app_mantra] [           main] .RepositoryConfigurationExtensionSupport : Spring Data JDBC - Could not safely identify store assignment for repository candidate interface glamping.glamping.repositorios.CabaniaRepositorio; If you want this repository to be a JDBC repository, consider annotating your entities with one of these annotations: org.springframework.data.relational.core.mapping.Table.
2024-06-03T19:03:58.066-05:00  INFO 15756 --- [app_mantra] [           main] .RepositoryConfigurationExtensionSupport : Spring Data JDBC - Could not safely identify store assignment for repository candidate interface glamping.glamping.repositorios.ImagenRepositorio; If you want this repository to be a JDBC repository, consider annotating your entities with one of these annotations: org.springframework.data.relational.core.mapping.Table.
2024-06-03T19:03:58.069-05:00  INFO 15756 --- [app_mantra] [           main] .RepositoryConfigurationExtensionSupport : Spring Data JDBC - Could not safely identify store assignment for repository candidate interface glamping.glamping.repositorios.InformacionRepositorio; If you want this repository to be a JDBC repository, consider annotating your entities with one of these annotations: org.springframework.data.relational.core.mapping.Table.
2024-06-03T19:03:58.072-05:00  INFO 15756 --- [app_mantra] [           main] .RepositoryConfigurationExtensionSupport : Spring Data JDBC - Could not safely identify store assignment for repository candidate interface glamping.glamping.repositorios.PasswordResetTokenRepository; If you want this repository to be a JDBC repository, consider annotating your entities with one of these annotations: org.springframework.data.relational.core.mapping.Table.
2024-06-03T19:03:58.075-05:00  INFO 15756 --- [app_mantra] [           main] .RepositoryConfigurationExtensionSupport : Spring Data JDBC - Could not safely identify store assignment for repository candidate interface glamping.glamping.repositorios.ReservaRepositorio; If you want this repository to be a JDBC repository, consider annotating your entities with one of these annotations: org.springframework.data.relational.core.mapping.Table.
2024-06-03T19:03:58.077-05:00  INFO 15756 --- [app_mantra] [           main] .RepositoryConfigurationExtensionSupport : Spring Data JDBC - Could not safely identify store assignment for repository candidate interface glamping.glamping.repositorios.RolesRepositorio; If you want this repository to be a JDBC repository, consider annotating your entities with one of these annotations: org.springframework.data.relational.core.mapping.Table.
2024-06-03T19:03:58.080-05:00  INFO 15756 --- [app_mantra] [           main] .RepositoryConfigurationExtensionSupport : Spring Data JDBC - Could not safely identify store assignment for repository candidate interface glamping.glamping.repositorios.UsuarioRepositorio; If you want this repository to be a JDBC repository, consider annotating your entities with one of these annotations: org.springframework.data.relational.core.mapping.Table.
2024-06-03T19:03:58.081-05:00  INFO 15756 --- [app_mantra] [           main] .s.d.r.c.RepositoryConfigurationDelegate : Finished Spring Data repository scanning in 73 ms. Found 0 JDBC repository interfaces.
2024-06-03T19:03:58.103-05:00  INFO 15756 --- [app_mantra] [           main] .s.d.r.c.RepositoryConfigurationDelegate : Multiple Spring Data modules found, entering strict repository configuration mode
2024-06-03T19:03:58.105-05:00  INFO 15756 --- [app_mantra] [           main] .s.d.r.c.RepositoryConfigurationDelegate : Bootstrapping Spring Data JPA repositories in DEFAULT mode.
2024-06-03T19:03:58.188-05:00  INFO 15756 --- [app_mantra] [           main] .s.d.r.c.RepositoryConfigurationDelegate : Finished Spring Data repository scanning in 76 ms. Found 7 JPA repository interfaces.
2024-06-03T19:03:59.003-05:00 DEBUG 15756 --- [app_mantra] [           main] ySourcesPropertyResolver$DefaultResolver : Found key 'DB_PASSWORD' in PropertySource 'systemEnvironment' with value of type String
2024-06-03T19:03:59.004-05:00 DEBUG 15756 --- [app_mantra] [           main] ySourcesPropertyResolver$DefaultResolver : Found key 'DB_NAME' in PropertySource 'systemEnvironment' with value of type String
2024-06-03T19:03:59.004-05:00 DEBUG 15756 --- [app_mantra] [           main] ySourcesPropertyResolver$DefaultResolver : Found key 'DB_USERNAME' in PropertySource 'systemEnvironment' with value of type String
2024-06-03T19:03:59.278-05:00 DEBUG 15756 --- [app_mantra] [           main] o.hibernate.jpa.internal.util.LogHelper  : PersistenceUnitInfo [
	name: default
	persistence provider classname: null
	classloader: jdk.internal.loader.ClassLoaders$AppClassLoader@c387f44
	excludeUnlistedClasses: true
	JTA datasource: null
	Non JTA datasource: HikariDataSource (null)
	Transaction type: RESOURCE_LOCAL
	PU root URL: file:/C:/Users/USUARIO/Documents/NetBeansProjects/Glamping/target/test-classes/
	Shared Cache Mode: UNSPECIFIED
	Validation Mode: AUTO
	Jar files URLs []
	Managed classes names [
		glamping.glamping.entidades.Cabania
		glamping.glamping.entidades.Imagen
		glamping.glamping.entidades.Informacion
		glamping.glamping.entidades.PasswordResetToken
		glamping.glamping.entidades.Reserva
		glamping.glamping.entidades.Roles
		glamping.glamping.entidades.Usuario]
	Mapping files names []
	Properties []
2024-06-03T19:03:59.306-05:00 DEBUG 15756 --- [app_mantra] [           main] o.h.i.internal.IntegratorServiceImpl     : Adding Integrator [org.hibernate.boot.beanvalidation.BeanValidationIntegrator].
2024-06-03T19:03:59.309-05:00 DEBUG 15756 --- [app_mantra] [           main] o.h.i.internal.IntegratorServiceImpl     : Adding Integrator [org.hibernate.cache.internal.CollectionCacheInvalidator].
2024-06-03T19:03:59.447-05:00  INFO 15756 --- [app_mantra] [           main] org.hibernate.Version                    : HHH000412: Hibernate ORM core version 6.4.1.Final
2024-06-03T19:03:59.450-05:00 DEBUG 15756 --- [app_mantra] [           main] org.hibernate.cfg.Environment            : HHH000206: 'hibernate.properties' not found
2024-06-03T19:03:59.504-05:00 DEBUG 15756 --- [app_mantra] [           main] org.hibernate.orm.idgen.factory          : Registering IdentifierGenerator strategy [uuid2] -> [org.hibernate.id.UUIDGenerator]
2024-06-03T19:03:59.505-05:00 DEBUG 15756 --- [app_mantra] [           main] org.hibernate.orm.idgen.factory          : Registering IdentifierGenerator strategy [guid] -> [org.hibernate.id.GUIDGenerator]
2024-06-03T19:03:59.506-05:00 DEBUG 15756 --- [app_mantra] [           main] org.hibernate.orm.idgen.factory          : Registering IdentifierGenerator strategy [uuid] -> [org.hibernate.id.UUIDHexGenerator]
2024-06-03T19:03:59.507-05:00 DEBUG 15756 --- [app_mantra] [           main] org.hibernate.orm.idgen.factory          : Registering IdentifierGenerator strategy [uuid.hex] -> [org.hibernate.id.UUIDHexGenerator]
2024-06-03T19:03:59.507-05:00 DEBUG 15756 --- [app_mantra] [           main] org.hibernate.orm.idgen.factory          : Registering IdentifierGenerator strategy [assigned] -> [org.hibernate.id.Assigned]
2024-06-03T19:03:59.509-05:00 DEBUG 15756 --- [app_mantra] [           main] org.hibernate.orm.idgen.factory          : Registering IdentifierGenerator strategy [identity] -> [org.hibernate.id.IdentityGenerator]
2024-06-03T19:03:59.510-05:00 DEBUG 15756 --- [app_mantra] [           main] org.hibernate.orm.idgen.factory          : Registering IdentifierGenerator strategy [select] -> [org.hibernate.id.SelectGenerator]
2024-06-03T19:03:59.513-05:00 DEBUG 15756 --- [app_mantra] [           main] org.hibernate.orm.idgen.factory          : Registering IdentifierGenerator strategy [sequence] -> [org.hibernate.id.enhanced.SequenceStyleGenerator]
2024-06-03T19:03:59.514-05:00 DEBUG 15756 --- [app_mantra] [           main] org.hibernate.orm.idgen.factory          : Registering IdentifierGenerator strategy [increment] -> [org.hibernate.id.IncrementGenerator]
2024-06-03T19:03:59.515-05:00 DEBUG 15756 --- [app_mantra] [           main] org.hibernate.orm.idgen.factory          : Registering IdentifierGenerator strategy [foreign] -> [org.hibernate.id.ForeignGenerator]
2024-06-03T19:03:59.515-05:00 DEBUG 15756 --- [app_mantra] [           main] org.hibernate.orm.idgen.factory          : Registering IdentifierGenerator strategy [enhanced-sequence] -> [org.hibernate.id.enhanced.SequenceStyleGenerator]
2024-06-03T19:03:59.517-05:00 DEBUG 15756 --- [app_mantra] [           main] org.hibernate.orm.idgen.factory          : Registering IdentifierGenerator strategy [enhanced-table] -> [org.hibernate.id.enhanced.TableGenerator]
2024-06-03T19:03:59.534-05:00 DEBUG 15756 --- [app_mantra] [           main] o.h.c.internal.RegionFactoryInitiator    : Cannot default RegionFactory based on registered strategies as `[]` RegionFactory strategies were registered
2024-06-03T19:03:59.537-05:00  INFO 15756 --- [app_mantra] [           main] o.h.c.internal.RegionFactoryInitiator    : HHH000026: Second-level cache disabled
2024-06-03T19:03:59.863-05:00 DEBUG 15756 --- [app_mantra] [           main] org.hibernate.type.BasicTypeRegistry     : Adding type registration boolean -> org.hibernate.type.BasicTypeReference@4c18516
2024-06-03T19:03:59.863-05:00 DEBUG 15756 --- [app_mantra] [           main] org.hibernate.type.BasicTypeRegistry     : Adding type registration boolean -> org.hibernate.type.BasicTypeReference@4c18516
2024-06-03T19:03:59.863-05:00 DEBUG 15756 --- [app_mantra] [           main] org.hibernate.type.BasicTypeRegistry     : Adding type registration java.lang.Boolean -> org.hibernate.type.BasicTypeReference@4c18516
2024-06-03T19:03:59.863-05:00 DEBUG 15756 --- [app_mantra] [           main] org.hibernate.type.BasicTypeRegistry     : Adding type registration numeric_boolean -> org.hibernate.type.BasicTypeReference@2a0b901c
2024-06-03T19:03:59.863-05:00 DEBUG 15756 --- [app_mantra] [           main] org.hibernate.type.BasicTypeRegistry     : Adding type registration org.hibernate.type.NumericBooleanConverter -> org.hibernate.type.BasicTypeReference@2a0b901c
2024-06-03T19:03:59.863-05:00 DEBUG 15756 --- [app_mantra] [           main] org.hibernate.type.BasicTypeRegistry     : Adding type registration true_false -> org.hibernate.type.BasicTypeReference@3d104c9b
2024-06-03T19:03:59.864-05:00 DEBUG 15756 --- [app_mantra] [           main] org.hibernate.type.BasicTypeRegistry     : Adding type registration org.hibernate.type.TrueFalseConverter -> org.hibernate.type.BasicTypeReference@3d104c9b
2024-06-03T19:03:59.864-05:00 DEBUG 15756 --- [app_mantra] [           main] org.hibernate.type.BasicTypeRegistry     : Adding type registration yes_no -> org.hibernate.type.BasicTypeReference@6544899b
2024-06-03T19:03:59.864-05:00 DEBUG 15756 --- [app_mantra] [           main] org.hibernate.type.BasicTypeRegistry     : Adding type registration org.hibernate.type.YesNoConverter -> org.hibernate.type.BasicTypeReference@6544899b
2024-06-03T19:03:59.864-05:00 DEBUG 15756 --- [app_mantra] [           main] org.hibernate.type.BasicTypeRegistry     : Adding type registration byte -> org.hibernate.type.BasicTypeReference@6da54910
2024-06-03T19:03:59.864-05:00 DEBUG 15756 --- [app_mantra] [           main] org.hibernate.type.BasicTypeRegistry     : Adding type registration byte -> org.hibernate.type.BasicTypeReference@6da54910
2024-06-03T19:03:59.864-05:00 DEBUG 15756 --- [app_mantra] [           main] org.hibernate.type.BasicTypeRegistry     : Adding type registration java.lang.Byte -> org.hibernate.type.BasicTypeReference@6da54910
2024-06-03T19:03:59.864-05:00 DEBUG 15756 --- [app_mantra] [           main] org.hibernate.type.BasicTypeRegistry     : Adding type registration binary -> org.hibernate.type.BasicTypeReference@1bd8afc8
2024-06-03T19:03:59.865-05:00 DEBUG 15756 --- [app_mantra] [           main] org.hibernate.type.BasicTypeRegistry     : Adding type registration byte[] -> org.hibernate.type.BasicTypeReference@1bd8afc8
2024-06-03T19:03:59.865-05:00 DEBUG 15756 --- [app_mantra] [           main] org.hibernate.type.BasicTypeRegistry     : Adding type registration [B -> org.hibernate.type.BasicTypeReference@1bd8afc8
2024-06-03T19:03:59.865-05:00 DEBUG 15756 --- [app_mantra] [           main] org.hibernate.type.BasicTypeRegistry     : Adding type registration binary_wrapper -> org.hibernate.type.BasicTypeReference@24134cbc
2024-06-03T19:03:59.865-05:00 DEBUG 15756 --- [app_mantra] [           main] org.hibernate.type.BasicTypeRegistry     : Adding type registration wrapper-binary -> org.hibernate.type.BasicTypeReference@24134cbc
2024-06-03T19:03:59.865-05:00 DEBUG 15756 --- [app_mantra] [           main] org.hibernate.type.BasicTypeRegistry     : Adding type registration image -> org.hibernate.type.BasicTypeReference@65da01f4
2024-06-03T19:03:59.865-05:00 DEBUG 15756 --- [app_mantra] [           main] org.hibernate.type.BasicTypeRegistry     : Adding type registration blob -> org.hibernate.type.BasicTypeReference@22f02996
2024-06-03T19:03:59.865-05:00 DEBUG 15756 --- [app_mantra] [           main] org.hibernate.type.BasicTypeRegistry     : Adding type registration java.sql.Blob -> org.hibernate.type.BasicTypeReference@22f02996
2024-06-03T19:03:59.865-05:00 DEBUG 15756 --- [app_mantra] [           main] org.hibernate.type.BasicTypeRegistry     : Adding type registration materialized_blob -> org.hibernate.type.BasicTypeReference@7c8874ef
2024-06-03T19:03:59.865-05:00 DEBUG 15756 --- [app_mantra] [           main] org.hibernate.type.BasicTypeRegistry     : Adding type registration materialized_blob_wrapper -> org.hibernate.type.BasicTypeReference@42c0a16e
2024-06-03T19:03:59.865-05:00 DEBUG 15756 --- [app_mantra] [           main] org.hibernate.type.BasicTypeRegistry     : Adding type registration short -> org.hibernate.type.BasicTypeReference@77a0dd63
2024-06-03T19:03:59.865-05:00 DEBUG 15756 --- [app_mantra] [           main] org.hibernate.type.BasicTypeRegistry     : Adding type registration short -> org.hibernate.type.BasicTypeReference@77a0dd63
2024-06-03T19:03:59.866-05:00 DEBUG 15756 --- [app_mantra] [           main] org.hibernate.type.BasicTypeRegistry     : Adding type registration java.lang.Short -> org.hibernate.type.BasicTypeReference@77a0dd63
2024-06-03T19:03:59.866-05:00 DEBUG 15756 --- [app_mantra] [           main] org.hibernate.type.BasicTypeRegistry     : Adding type registration integer -> org.hibernate.type.BasicTypeReference@543fe698
2024-06-03T19:03:59.866-05:00 DEBUG 15756 --- [app_mantra] [           main] org.hibernate.type.BasicTypeRegistry     : Adding type registration int -> org.hibernate.type.BasicTypeReference@543fe698
2024-06-03T19:03:59.866-05:00 DEBUG 15756 --- [app_mantra] [           main] org.hibernate.type.BasicTypeRegistry     : Adding type registration java.lang.Integer -> org.hibernate.type.BasicTypeReference@543fe698
2024-06-03T19:03:59.866-05:00 DEBUG 15756 --- [app_mantra] [           main] org.hibernate.type.BasicTypeRegistry     : Adding type registration long -> org.hibernate.type.BasicTypeReference@6b2fdffc
2024-06-03T19:03:59.866-05:00 DEBUG 15756 --- [app_mantra] [           main] org.hibernate.type.BasicTypeRegistry     : Adding type registration long -> org.hibernate.type.BasicTypeReference@6b2fdffc
2024-06-03T19:03:59.866-05:00 DEBUG 15756 --- [app_mantra] [           main] org.hibernate.type.BasicTypeRegistry     : Adding type registration java.lang.Long -> org.hibernate.type.BasicTypeReference@6b2fdffc
2024-06-03T19:03:59.866-05:00 DEBUG 15756 --- [app_mantra] [           main] org.hibernate.type.BasicTypeRegistry     : Adding type registration float -> org.hibernate.type.BasicTypeReference@2ca3d826
2024-06-03T19:03:59.866-05:00 DEBUG 15756 --- [app_mantra] [           main] org.hibernate.type.BasicTypeRegistry     : Adding type registration float -> org.hibernate.type.BasicTypeReference@2ca3d826
2024-06-03T19:03:59.866-05:00 DEBUG 15756 --- [app_mantra] [           main] org.hibernate.type.BasicTypeRegistry     : Adding type registration java.lang.Float -> org.hibernate.type.BasicTypeReference@2ca3d826
2024-06-03T19:03:59.866-05:00 DEBUG 15756 --- [app_mantra] [           main] org.hibernate.type.BasicTypeRegistry     : Adding type registration double -> org.hibernate.type.BasicTypeReference@5d194314
2024-06-03T19:03:59.867-05:00 DEBUG 15756 --- [app_mantra] [           main] org.hibernate.type.BasicTypeRegistry     : Adding type registration double -> org.hibernate.type.BasicTypeReference@5d194314
2024-06-03T19:03:59.867-05:00 DEBUG 15756 --- [app_mantra] [           main] org.hibernate.type.BasicTypeRegistry     : Adding type registration java.lang.Double -> org.hibernate.type.BasicTypeReference@5d194314
2024-06-03T19:03:59.867-05:00 DEBUG 15756 --- [app_mantra] [           main] org.hibernate.type.BasicTypeRegistry     : Adding type registration big_integer -> org.hibernate.type.BasicTypeReference@76396509
2024-06-03T19:03:59.867-05:00 DEBUG 15756 --- [app_mantra] [           main] org.hibernate.type.BasicTypeRegistry     : Adding type registration java.math.BigInteger -> org.hibernate.type.BasicTypeReference@76396509
2024-06-03T19:03:59.867-05:00 DEBUG 15756 --- [app_mantra] [           main] org.hibernate.type.BasicTypeRegistry     : Adding type registration big_decimal -> org.hibernate.type.BasicTypeReference@637c840d
2024-06-03T19:03:59.867-05:00 DEBUG 15756 --- [app_mantra] [           main] org.hibernate.type.BasicTypeRegistry     : Adding type registration java.math.BigDecimal -> org.hibernate.type.BasicTypeReference@637c840d
2024-06-03T19:03:59.867-05:00 DEBUG 15756 --- [app_mantra] [           main] org.hibernate.type.BasicTypeRegistry     : Adding type registration character -> org.hibernate.type.BasicTypeReference@51ac12ac
2024-06-03T19:03:59.867-05:00 DEBUG 15756 --- [app_mantra] [           main] org.hibernate.type.BasicTypeRegistry     : Adding type registration char -> org.hibernate.type.BasicTypeReference@51ac12ac
2024-06-03T19:03:59.867-05:00 DEBUG 15756 --- [app_mantra] [           main] org.hibernate.type.BasicTypeRegistry     : Adding type registration java.lang.Character -> org.hibernate.type.BasicTypeReference@51ac12ac
2024-06-03T19:03:59.867-05:00 DEBUG 15756 --- [app_mantra] [           main] org.hibernate.type.BasicTypeRegistry     : Adding type registration character_nchar -> org.hibernate.type.BasicTypeReference@463afa6e
2024-06-03T19:03:59.868-05:00 DEBUG 15756 --- [app_mantra] [           main] org.hibernate.type.BasicTypeRegistry     : Adding type registration string -> org.hibernate.type.BasicTypeReference@7b96de8d
2024-06-03T19:03:59.868-05:00 DEBUG 15756 --- [app_mantra] [           main] org.hibernate.type.BasicTypeRegistry     : Adding type registration java.lang.String -> org.hibernate.type.BasicTypeReference@7b96de8d
2024-06-03T19:03:59.868-05:00 DEBUG 15756 --- [app_mantra] [           main] org.hibernate.type.BasicTypeRegistry     : Adding type registration nstring -> org.hibernate.type.BasicTypeReference@7ccd611e
2024-06-03T19:03:59.868-05:00 DEBUG 15756 --- [app_mantra] [           main] org.hibernate.type.BasicTypeRegistry     : Adding type registration characters -> org.hibernate.type.BasicTypeReference@4dc52559
2024-06-03T19:03:59.868-05:00 DEBUG 15756 --- [app_mantra] [           main] org.hibernate.type.BasicTypeRegistry     : Adding type registration char[] -> org.hibernate.type.BasicTypeReference@4dc52559
2024-06-03T19:03:59.868-05:00 DEBUG 15756 --- [app_mantra] [           main] org.hibernate.type.BasicTypeRegistry     : Adding type registration [C -> org.hibernate.type.BasicTypeReference@4dc52559
2024-06-03T19:03:59.868-05:00 DEBUG 15756 --- [app_mantra] [           main] org.hibernate.type.BasicTypeRegistry     : Adding type registration wrapper-characters -> org.hibernate.type.BasicTypeReference@5c3d4f05
2024-06-03T19:03:59.868-05:00 DEBUG 15756 --- [app_mantra] [           main] org.hibernate.type.BasicTypeRegistry     : Adding type registration text -> org.hibernate.type.BasicTypeReference@119290b9
2024-06-03T19:03:59.868-05:00 DEBUG 15756 --- [app_mantra] [           main] org.hibernate.type.BasicTypeRegistry     : Adding type registration ntext -> org.hibernate.type.BasicTypeReference@640d604
2024-06-03T19:03:59.868-05:00 DEBUG 15756 --- [app_mantra] [           main] org.hibernate.type.BasicTypeRegistry     : Adding type registration clob -> org.hibernate.type.BasicTypeReference@62cbc478
2024-06-03T19:03:59.868-05:00 DEBUG 15756 --- [app_mantra] [           main] org.hibernate.type.BasicTypeRegistry     : Adding type registration java.sql.Clob -> org.hibernate.type.BasicTypeReference@62cbc478
2024-06-03T19:03:59.868-05:00 DEBUG 15756 --- [app_mantra] [           main] org.hibernate.type.BasicTypeRegistry     : Adding type registration nclob -> org.hibernate.type.BasicTypeReference@5438fa43
2024-06-03T19:03:59.869-05:00 DEBUG 15756 --- [app_mantra] [           main] org.hibernate.type.BasicTypeRegistry     : Adding type registration java.sql.NClob -> org.hibernate.type.BasicTypeReference@5438fa43
2024-06-03T19:03:59.869-05:00 DEBUG 15756 --- [app_mantra] [           main] org.hibernate.type.BasicTypeRegistry     : Adding type registration materialized_clob -> org.hibernate.type.BasicTypeReference@512abf25
2024-06-03T19:03:59.869-05:00 DEBUG 15756 --- [app_mantra] [           main] org.hibernate.type.BasicTypeRegistry     : Adding type registration materialized_clob_char_array -> org.hibernate.type.BasicTypeReference@515ab3f2
2024-06-03T19:03:59.869-05:00 DEBUG 15756 --- [app_mantra] [           main] org.hibernate.type.BasicTypeRegistry     : Adding type registration materialized_clob_character_array -> org.hibernate.type.BasicTypeReference@6d0e45a5
2024-06-03T19:03:59.869-05:00 DEBUG 15756 --- [app_mantra] [           main] org.hibernate.type.BasicTypeRegistry     : Adding type registration materialized_nclob -> org.hibernate.type.BasicTypeReference@7e7740a5
2024-06-03T19:03:59.869-05:00 DEBUG 15756 --- [app_mantra] [           main] org.hibernate.type.BasicTypeRegistry     : Adding type registration materialized_nclob_character_array -> org.hibernate.type.BasicTypeReference@7aa01bd9
2024-06-03T19:03:59.869-05:00 DEBUG 15756 --- [app_mantra] [           main] org.hibernate.type.BasicTypeRegistry     : Adding type registration materialized_nclob_char_array -> org.hibernate.type.BasicTypeReference@7e61e25c
2024-06-03T19:03:59.869-05:00 DEBUG 15756 --- [app_mantra] [           main] org.hibernate.type.BasicTypeRegistry     : Adding type registration Duration -> org.hibernate.type.BasicTypeReference@615db358
2024-06-03T19:03:59.869-05:00 DEBUG 15756 --- [app_mantra] [           main] org.hibernate.type.BasicTypeRegistry     : Adding type registration java.time.Duration -> org.hibernate.type.BasicTypeReference@615db358
2024-06-03T19:03:59.869-05:00 DEBUG 15756 --- [app_mantra] [           main] org.hibernate.type.BasicTypeRegistry     : Adding type registration LocalDateTime -> org.hibernate.type.BasicTypeReference@256bb5be
2024-06-03T19:03:59.869-05:00 DEBUG 15756 --- [app_mantra] [           main] org.hibernate.type.BasicTypeRegistry     : Adding type registration java.time.LocalDateTime -> org.hibernate.type.BasicTypeReference@256bb5be
2024-06-03T19:03:59.870-05:00 DEBUG 15756 --- [app_mantra] [           main] org.hibernate.type.BasicTypeRegistry     : Adding type registration LocalDate -> org.hibernate.type.BasicTypeReference@5fef0c19
2024-06-03T19:03:59.870-05:00 DEBUG 15756 --- [app_mantra] [           main] org.hibernate.type.BasicTypeRegistry     : Adding type registration java.time.LocalDate -> org.hibernate.type.BasicTypeReference@5fef0c19
2024-06-03T19:03:59.870-05:00 DEBUG 15756 --- [app_mantra] [           main] org.hibernate.type.BasicTypeRegistry     : Adding type registration LocalTime -> org.hibernate.type.BasicTypeReference@2e6d76ba
2024-06-03T19:03:59.870-05:00 DEBUG 15756 --- [app_mantra] [           main] org.hibernate.type.BasicTypeRegistry     : Adding type registration java.time.LocalTime -> org.hibernate.type.BasicTypeReference@2e6d76ba
2024-06-03T19:03:59.870-05:00 DEBUG 15756 --- [app_mantra] [           main] org.hibernate.type.BasicTypeRegistry     : Adding type registration OffsetDateTime -> org.hibernate.type.BasicTypeReference@22a6d75c
2024-06-03T19:03:59.870-05:00 DEBUG 15756 --- [app_mantra] [           main] org.hibernate.type.BasicTypeRegistry     : Adding type registration java.time.OffsetDateTime -> org.hibernate.type.BasicTypeReference@22a6d75c
2024-06-03T19:03:59.870-05:00 DEBUG 15756 --- [app_mantra] [           main] org.hibernate.type.BasicTypeRegistry     : Adding type registration OffsetDateTimeWithTimezone -> org.hibernate.type.BasicTypeReference@5a9840f3
2024-06-03T19:03:59.870-05:00 DEBUG 15756 --- [app_mantra] [           main] org.hibernate.type.BasicTypeRegistry     : Adding type registration OffsetDateTimeWithoutTimezone -> org.hibernate.type.BasicTypeReference@7d30007d
2024-06-03T19:03:59.870-05:00 DEBUG 15756 --- [app_mantra] [           main] org.hibernate.type.BasicTypeRegistry     : Adding type registration OffsetTime -> org.hibernate.type.BasicTypeReference@382d71c7
2024-06-03T19:03:59.870-05:00 DEBUG 15756 --- [app_mantra] [           main] org.hibernate.type.BasicTypeRegistry     : Adding type registration java.time.OffsetTime -> org.hibernate.type.BasicTypeReference@382d71c7
2024-06-03T19:03:59.870-05:00 DEBUG 15756 --- [app_mantra] [           main] org.hibernate.type.BasicTypeRegistry     : Adding type registration OffsetTimeUtc -> org.hibernate.type.BasicTypeReference@2ca54da9
2024-06-03T19:03:59.870-05:00 DEBUG 15756 --- [app_mantra] [           main] org.hibernate.type.BasicTypeRegistry     : Adding type registration OffsetTimeWithTimezone -> org.hibernate.type.BasicTypeReference@34a20f16
2024-06-03T19:03:59.870-05:00 DEBUG 15756 --- [app_mantra] [           main] org.hibernate.type.BasicTypeRegistry     : Adding type registration OffsetTimeWithoutTimezone -> org.hibernate.type.BasicTypeReference@496cc217
2024-06-03T19:03:59.870-05:00 DEBUG 15756 --- [app_mantra] [           main] org.hibernate.type.BasicTypeRegistry     : Adding type registration ZonedDateTime -> org.hibernate.type.BasicTypeReference@1a1c21b4
2024-06-03T19:03:59.871-05:00 DEBUG 15756 --- [app_mantra] [           main] org.hibernate.type.BasicTypeRegistry     : Adding type registration java.time.ZonedDateTime -> org.hibernate.type.BasicTypeReference@1a1c21b4
2024-06-03T19:03:59.871-05:00 DEBUG 15756 --- [app_mantra] [           main] org.hibernate.type.BasicTypeRegistry     : Adding type registration ZonedDateTimeWithTimezone -> org.hibernate.type.BasicTypeReference@1cd2ff5b
2024-06-03T19:03:59.871-05:00 DEBUG 15756 --- [app_mantra] [           main] org.hibernate.type.BasicTypeRegistry     : Adding type registration ZonedDateTimeWithoutTimezone -> org.hibernate.type.BasicTypeReference@38ac8968
2024-06-03T19:03:59.871-05:00 DEBUG 15756 --- [app_mantra] [           main] org.hibernate.type.BasicTypeRegistry     : Adding type registration date -> org.hibernate.type.BasicTypeReference@17ff8810
2024-06-03T19:03:59.871-05:00 DEBUG 15756 --- [app_mantra] [           main] org.hibernate.type.BasicTypeRegistry     : Adding type registration java.sql.Date -> org.hibernate.type.BasicTypeReference@17ff8810
2024-06-03T19:03:59.871-05:00 DEBUG 15756 --- [app_mantra] [           main] org.hibernate.type.BasicTypeRegistry     : Adding type registration time -> org.hibernate.type.BasicTypeReference@6c951ada
2024-06-03T19:03:59.871-05:00 DEBUG 15756 --- [app_mantra] [           main] org.hibernate.type.BasicTypeRegistry     : Adding type registration java.sql.Time -> org.hibernate.type.BasicTypeReference@6c951ada
2024-06-03T19:03:59.871-05:00 DEBUG 15756 --- [app_mantra] [           main] org.hibernate.type.BasicTypeRegistry     : Adding type registration timestamp -> org.hibernate.type.BasicTypeReference@67b61834
2024-06-03T19:03:59.871-05:00 DEBUG 15756 --- [app_mantra] [           main] org.hibernate.type.BasicTypeRegistry     : Adding type registration java.sql.Timestamp -> org.hibernate.type.BasicTypeReference@67b61834
2024-06-03T19:03:59.871-05:00 DEBUG 15756 --- [app_mantra] [           main] org.hibernate.type.BasicTypeRegistry     : Adding type registration java.util.Date -> org.hibernate.type.BasicTypeReference@67b61834
2024-06-03T19:03:59.871-05:00 DEBUG 15756 --- [app_mantra] [           main] org.hibernate.type.BasicTypeRegistry     : Adding type registration calendar -> org.hibernate.type.BasicTypeReference@3b0d3a63
2024-06-03T19:03:59.871-05:00 DEBUG 15756 --- [app_mantra] [           main] org.hibernate.type.BasicTypeRegistry     : Adding type registration java.util.Calendar -> org.hibernate.type.BasicTypeReference@3b0d3a63
2024-06-03T19:03:59.871-05:00 DEBUG 15756 --- [app_mantra] [           main] org.hibernate.type.BasicTypeRegistry     : Adding type registration java.util.GregorianCalendar -> org.hibernate.type.BasicTypeReference@3b0d3a63
2024-06-03T19:03:59.871-05:00 DEBUG 15756 --- [app_mantra] [           main] org.hibernate.type.BasicTypeRegistry     : Adding type registration calendar_date -> org.hibernate.type.BasicTypeReference@50598a1a
2024-06-03T19:03:59.871-05:00 DEBUG 15756 --- [app_mantra] [           main] org.hibernate.type.BasicTypeRegistry     : Adding type registration calendar_time -> org.hibernate.type.BasicTypeReference@14de1901
2024-06-03T19:03:59.872-05:00 DEBUG 15756 --- [app_mantra] [           main] org.hibernate.type.BasicTypeRegistry     : Adding type registration instant -> org.hibernate.type.BasicTypeReference@437ed416
2024-06-03T19:03:59.872-05:00 DEBUG 15756 --- [app_mantra] [           main] org.hibernate.type.BasicTypeRegistry     : Adding type registration java.time.Instant -> org.hibernate.type.BasicTypeReference@437ed416
2024-06-03T19:03:59.872-05:00 DEBUG 15756 --- [app_mantra] [           main] org.hibernate.type.BasicTypeRegistry     : Adding type registration uuid -> org.hibernate.type.BasicTypeReference@11f23038
2024-06-03T19:03:59.872-05:00 DEBUG 15756 --- [app_mantra] [           main] org.hibernate.type.BasicTypeRegistry     : Adding type registration java.util.UUID -> org.hibernate.type.BasicTypeReference@11f23038
2024-06-03T19:03:59.872-05:00 DEBUG 15756 --- [app_mantra] [           main] org.hibernate.type.BasicTypeRegistry     : Adding type registration pg-uuid -> org.hibernate.type.BasicTypeReference@11f23038
2024-06-03T19:03:59.872-05:00 DEBUG 15756 --- [app_mantra] [           main] org.hibernate.type.BasicTypeRegistry     : Adding type registration uuid-binary -> org.hibernate.type.BasicTypeReference@de77146
2024-06-03T19:03:59.872-05:00 DEBUG 15756 --- [app_mantra] [           main] org.hibernate.type.BasicTypeRegistry     : Adding type registration uuid-char -> org.hibernate.type.BasicTypeReference@691567ea
2024-06-03T19:03:59.872-05:00 DEBUG 15756 --- [app_mantra] [           main] org.hibernate.type.BasicTypeRegistry     : Adding type registration class -> org.hibernate.type.BasicTypeReference@5cfed0ba
2024-06-03T19:03:59.872-05:00 DEBUG 15756 --- [app_mantra] [           main] org.hibernate.type.BasicTypeRegistry     : Adding type registration java.lang.Class -> org.hibernate.type.BasicTypeReference@5cfed0ba
2024-06-03T19:03:59.872-05:00 DEBUG 15756 --- [app_mantra] [           main] org.hibernate.type.BasicTypeRegistry     : Adding type registration currency -> org.hibernate.type.BasicTypeReference@5c8d58ed
2024-06-03T19:03:59.872-05:00 DEBUG 15756 --- [app_mantra] [           main] org.hibernate.type.BasicTypeRegistry     : Adding type registration Currency -> org.hibernate.type.BasicTypeReference@5c8d58ed
2024-06-03T19:03:59.873-05:00 DEBUG 15756 --- [app_mantra] [           main] org.hibernate.type.BasicTypeRegistry     : Adding type registration java.util.Currency -> org.hibernate.type.BasicTypeReference@5c8d58ed
2024-06-03T19:03:59.873-05:00 DEBUG 15756 --- [app_mantra] [           main] org.hibernate.type.BasicTypeRegistry     : Adding type registration locale -> org.hibernate.type.BasicTypeReference@28be7fec
2024-06-03T19:03:59.873-05:00 DEBUG 15756 --- [app_mantra] [           main] org.hibernate.type.BasicTypeRegistry     : Adding type registration java.util.Locale -> org.hibernate.type.BasicTypeReference@28be7fec
2024-06-03T19:03:59.873-05:00 DEBUG 15756 --- [app_mantra] [           main] org.hibernate.type.BasicTypeRegistry     : Adding type registration serializable -> org.hibernate.type.BasicTypeReference@26f0141
2024-06-03T19:03:59.873-05:00 DEBUG 15756 --- [app_mantra] [           main] org.hibernate.type.BasicTypeRegistry     : Adding type registration java.io.Serializable -> org.hibernate.type.BasicTypeReference@26f0141
2024-06-03T19:03:59.873-05:00 DEBUG 15756 --- [app_mantra] [           main] org.hibernate.type.BasicTypeRegistry     : Adding type registration timezone -> org.hibernate.type.BasicTypeReference@34136bd1
2024-06-03T19:03:59.873-05:00 DEBUG 15756 --- [app_mantra] [           main] org.hibernate.type.BasicTypeRegistry     : Adding type registration java.util.TimeZone -> org.hibernate.type.BasicTypeReference@34136bd1
2024-06-03T19:03:59.873-05:00 DEBUG 15756 --- [app_mantra] [           main] org.hibernate.type.BasicTypeRegistry     : Adding type registration ZoneOffset -> org.hibernate.type.BasicTypeReference@6de7778f
2024-06-03T19:03:59.873-05:00 DEBUG 15756 --- [app_mantra] [           main] org.hibernate.type.BasicTypeRegistry     : Adding type registration java.time.ZoneOffset -> org.hibernate.type.BasicTypeReference@6de7778f
2024-06-03T19:03:59.873-05:00 DEBUG 15756 --- [app_mantra] [           main] org.hibernate.type.BasicTypeRegistry     : Adding type registration url -> org.hibernate.type.BasicTypeReference@367d34c0
2024-06-03T19:03:59.873-05:00 DEBUG 15756 --- [app_mantra] [           main] org.hibernate.type.BasicTypeRegistry     : Adding type registration java.net.URL -> org.hibernate.type.BasicTypeReference@367d34c0
2024-06-03T19:03:59.874-05:00 DEBUG 15756 --- [app_mantra] [           main] org.hibernate.type.BasicTypeRegistry     : Adding type registration vector -> org.hibernate.type.BasicTypeReference@4ce25e47
2024-06-03T19:03:59.874-05:00 DEBUG 15756 --- [app_mantra] [           main] org.hibernate.type.BasicTypeRegistry     : Adding type registration row_version -> org.hibernate.type.BasicTypeReference@6380e9e9
2024-06-03T19:03:59.883-05:00 DEBUG 15756 --- [app_mantra] [           main] org.hibernate.type.BasicTypeRegistry     : Adding type registration object -> org.hibernate.type.JavaObjectType@6094de13
2024-06-03T19:03:59.883-05:00 DEBUG 15756 --- [app_mantra] [           main] org.hibernate.type.BasicTypeRegistry     : Adding type registration java.lang.Object -> org.hibernate.type.JavaObjectType@6094de13
2024-06-03T19:03:59.886-05:00 DEBUG 15756 --- [app_mantra] [           main] org.hibernate.type.BasicTypeRegistry     : Adding type registration null -> org.hibernate.type.NullType@251c90f
2024-06-03T19:03:59.888-05:00 DEBUG 15756 --- [app_mantra] [           main] org.hibernate.type.BasicTypeRegistry     : Adding type registration imm_date -> org.hibernate.type.BasicTypeReference@6629643d
2024-06-03T19:03:59.888-05:00 DEBUG 15756 --- [app_mantra] [           main] org.hibernate.type.BasicTypeRegistry     : Adding type registration imm_time -> org.hibernate.type.BasicTypeReference@2dd178f3
2024-06-03T19:03:59.888-05:00 DEBUG 15756 --- [app_mantra] [           main] org.hibernate.type.BasicTypeRegistry     : Adding type registration imm_timestamp -> org.hibernate.type.BasicTypeReference@64656b9e
2024-06-03T19:03:59.888-05:00 DEBUG 15756 --- [app_mantra] [           main] org.hibernate.type.BasicTypeRegistry     : Adding type registration imm_calendar -> org.hibernate.type.BasicTypeReference@6870cfac
2024-06-03T19:03:59.888-05:00 DEBUG 15756 --- [app_mantra] [           main] org.hibernate.type.BasicTypeRegistry     : Adding type registration imm_calendar_date -> org.hibernate.type.BasicTypeReference@45554613
2024-06-03T19:03:59.888-05:00 DEBUG 15756 --- [app_mantra] [           main] org.hibernate.type.BasicTypeRegistry     : Adding type registration imm_calendar_time -> org.hibernate.type.BasicTypeReference@63e5b8aa
2024-06-03T19:03:59.888-05:00 DEBUG 15756 --- [app_mantra] [           main] org.hibernate.type.BasicTypeRegistry     : Adding type registration imm_binary -> org.hibernate.type.BasicTypeReference@2c9306d3
2024-06-03T19:03:59.888-05:00 DEBUG 15756 --- [app_mantra] [           main] org.hibernate.type.BasicTypeRegistry     : Adding type registration imm_serializable -> org.hibernate.type.BasicTypeReference@4270b142
2024-06-03T19:03:59.902-05:00 DEBUG 15756 --- [app_mantra] [           main] o.h.boot.internal.BootstrapContextImpl   : Injecting JPA temp ClassLoader [org.springframework.instrument.classloading.SimpleThrowawayClassLoader@6459f4ea] into BootstrapContext; was [null]
2024-06-03T19:03:59.902-05:00 DEBUG 15756 --- [app_mantra] [           main] o.h.boot.internal.ClassLoaderAccessImpl  : ClassLoaderAccessImpl#injectTempClassLoader(org.springframework.instrument.classloading.SimpleThrowawayClassLoader@6459f4ea) [was null]
2024-06-03T19:03:59.903-05:00 DEBUG 15756 --- [app_mantra] [           main] o.h.boot.internal.BootstrapContextImpl   : Injecting ScanEnvironment [org.hibernate.jpa.boot.internal.StandardJpaScanEnvironmentImpl@52354202] into BootstrapContext; was [null]
2024-06-03T19:03:59.903-05:00 DEBUG 15756 --- [app_mantra] [           main] o.h.boot.internal.BootstrapContextImpl   : Injecting ScanOptions [org.hibernate.boot.archive.scan.internal.StandardScanOptions@6b1321b7] into BootstrapContext; was [org.hibernate.boot.archive.scan.internal.StandardScanOptions@342ee097]
2024-06-03T19:03:59.943-05:00 DEBUG 15756 --- [app_mantra] [           main] o.h.b.i.BytecodeProviderInitiator        : HHH000021: Bytecode provider: bytebuddy
2024-06-03T19:04:00.332-05:00  INFO 15756 --- [app_mantra] [           main] o.s.o.j.p.SpringPersistenceUnitInfo      : No LoadTimeWeaver setup: ignoring JPA class transformer
2024-06-03T19:04:00.332-05:00 DEBUG 15756 --- [app_mantra] [           main] o.h.boot.internal.BootstrapContextImpl   : Injecting JPA temp ClassLoader [null] into BootstrapContext; was [org.springframework.instrument.classloading.SimpleThrowawayClassLoader@6459f4ea]
2024-06-03T19:04:00.332-05:00 DEBUG 15756 --- [app_mantra] [           main] o.h.boot.internal.ClassLoaderAccessImpl  : ClassLoaderAccessImpl#injectTempClassLoader(null) [was org.springframework.instrument.classloading.SimpleThrowawayClassLoader@6459f4ea]
2024-06-03T19:04:00.399-05:00  INFO 15756 --- [app_mantra] [           main] com.zaxxer.hikari.HikariDataSource       : glamping - Starting...
2024-06-03T19:04:02.326-05:00  INFO 15756 --- [app_mantra] [           main] com.zaxxer.hikari.pool.HikariPool        : glamping - Added connection com.mysql.cj.jdbc.ConnectionImpl@3d53e876
2024-06-03T19:04:02.331-05:00  INFO 15756 --- [app_mantra] [           main] com.zaxxer.hikari.HikariDataSource       : glamping - Start completed.
2024-06-03T19:04:02.339-05:00 DEBUG 15756 --- [app_mantra] [           main] o.h.e.j.e.i.JdbcEnvironmentInitiator     : Database ->
       name : MySQL
    version : 5.5.5-10.11.7-MariaDB-cll-lve
      major : 5
      minor : 5
2024-06-03T19:04:02.339-05:00 DEBUG 15756 --- [app_mantra] [           main] o.h.e.j.e.i.JdbcEnvironmentInitiator     : Driver ->
       name : MySQL Connector/J
    version : mysql-connector-j-8.1.0 (Revision: 7b6f9a337afe6ccb41823df485bf848ca7952b09)
      major : 8
      minor : 1
2024-06-03T19:04:02.339-05:00 DEBUG 15756 --- [app_mantra] [           main] o.h.e.j.e.i.JdbcEnvironmentInitiator     : JDBC version : 4.2
2024-06-03T19:04:02.563-05:00  WARN 15756 --- [app_mantra] [           main] org.hibernate.dialect.Dialect            : HHH000511: The 5.5.0 version for [org.hibernate.dialect.MySQLDialect] is no longer supported, hence certain features may not work properly. The minimum supported version is 8.0.0. Check the community dialects project for available legacy versions.
2024-06-03T19:04:02.571-05:00  WARN 15756 --- [app_mantra] [           main] org.hibernate.orm.deprecation            : HHH90000025: MySQLDialect does not need to be specified explicitly using 'hibernate.dialect' (remove the property setting and it will be selected by default)
2024-06-03T19:04:02.574-05:00 DEBUG 15756 --- [app_mantra] [           main] org.hibernate.orm.dialect                : HHH035001: Using dialect: org.hibernate.dialect.MySQLDialect, version: 5.5
2024-06-03T19:04:02.592-05:00 DEBUG 15756 --- [app_mantra] [           main] o.h.e.j.env.spi.IdentifierHelperBuilder  : JDBC driver metadata reported database stores quoted identifiers in more than one case
2024-06-03T19:04:02.592-05:00 DEBUG 15756 --- [app_mantra] [           main] o.h.e.j.env.spi.IdentifierHelperBuilder  : IdentifierCaseStrategy for both quoted and unquoted identifiers was set to the same strategy [MIXED]; that will likely lead to problems in schema update and validation if using quoted identifiers
2024-06-03T19:04:02.610-05:00 DEBUG 15756 --- [app_mantra] [           main] org.hibernate.orm.jdbc.lob               : HHH10010001: Disabling contextual LOB creation as hibernate.jdbc.lob.non_contextual_creation is true
2024-06-03T19:04:02.631-05:00 DEBUG 15756 --- [app_mantra] [           main] o.h.t.d.sql.spi.DdlTypeRegistry          : addDescriptor(12, org.hibernate.type.descriptor.sql.internal.CapacityDependentDdlType@698ac187) replaced previous registration(org.hibernate.type.descriptor.sql.internal.CapacityDependentDdlType@4fea5ee0)
2024-06-03T19:04:02.632-05:00 DEBUG 15756 --- [app_mantra] [           main] o.h.t.d.sql.spi.DdlTypeRegistry          : addDescriptor(-9, org.hibernate.type.descriptor.sql.internal.CapacityDependentDdlType@65f5cae3) replaced previous registration(org.hibernate.type.descriptor.sql.internal.CapacityDependentDdlType@6630dd28)
2024-06-03T19:04:02.632-05:00 DEBUG 15756 --- [app_mantra] [           main] o.h.t.d.sql.spi.DdlTypeRegistry          : addDescriptor(-3, org.hibernate.type.descriptor.sql.internal.CapacityDependentDdlType@5909ae90) replaced previous registration(org.hibernate.type.descriptor.sql.internal.CapacityDependentDdlType@4489f60f)
2024-06-03T19:04:02.632-05:00 DEBUG 15756 --- [app_mantra] [           main] o.h.t.d.sql.spi.DdlTypeRegistry          : addDescriptor(4003, org.hibernate.type.descriptor.sql.internal.DdlTypeImpl@fe08eaf) replaced previous registration(org.hibernate.type.descriptor.sql.internal.DdlTypeImpl@6fd9dbe6)
2024-06-03T19:04:02.632-05:00 DEBUG 15756 --- [app_mantra] [           main] o.h.t.d.sql.spi.DdlTypeRegistry          : addDescriptor(4001, org.hibernate.type.descriptor.sql.internal.DdlTypeImpl@7b3085a3) replaced previous registration(org.hibernate.type.descriptor.sql.internal.DdlTypeImpl@70022d44)
2024-06-03T19:04:02.632-05:00 DEBUG 15756 --- [app_mantra] [           main] o.h.t.d.sql.spi.DdlTypeRegistry          : addDescriptor(4002, org.hibernate.type.descriptor.sql.internal.DdlTypeImpl@7b1c501d) replaced previous registration(org.hibernate.type.descriptor.sql.internal.DdlTypeImpl@5abbb273)
2024-06-03T19:04:02.632-05:00 DEBUG 15756 --- [app_mantra] [           main] o.h.t.d.sql.spi.DdlTypeRegistry          : addDescriptor(2004, org.hibernate.type.descriptor.sql.internal.CapacityDependentDdlType@25d9291a) replaced previous registration(org.hibernate.type.descriptor.sql.internal.DdlTypeImpl@445058e8)
2024-06-03T19:04:02.632-05:00 DEBUG 15756 --- [app_mantra] [           main] o.h.t.d.sql.spi.DdlTypeRegistry          : addDescriptor(2005, org.hibernate.type.descriptor.sql.internal.CapacityDependentDdlType@5d5574c7) replaced previous registration(org.hibernate.type.descriptor.sql.internal.DdlTypeImpl@5a7a6d34)
2024-06-03T19:04:02.632-05:00 DEBUG 15756 --- [app_mantra] [           main] o.h.t.d.sql.spi.DdlTypeRegistry          : addDescriptor(2011, org.hibernate.type.descriptor.sql.internal.CapacityDependentDdlType@36871e98) replaced previous registration(org.hibernate.type.descriptor.sql.internal.DdlTypeImpl@70d687b8)
2024-06-03T19:04:02.637-05:00 DEBUG 15756 --- [app_mantra] [           main] o.h.t.d.jdbc.spi.JdbcTypeRegistry        : addDescriptor(NCharTypeDescriptor) replaced previous registration(CharTypeDescriptor)
2024-06-03T19:04:02.637-05:00 DEBUG 15756 --- [app_mantra] [           main] o.h.t.d.jdbc.spi.JdbcTypeRegistry        : addDescriptor(NVarcharTypeDescriptor) replaced previous registration(VarcharTypeDescriptor)
2024-06-03T19:04:02.638-05:00 DEBUG 15756 --- [app_mantra] [           main] o.h.t.d.jdbc.spi.JdbcTypeRegistry        : addDescriptor(LongNVarcharTypeDescriptor) replaced previous registration(LongVarcharTypeDescriptor)
2024-06-03T19:04:02.644-05:00 DEBUG 15756 --- [app_mantra] [           main] o.h.t.d.jdbc.spi.JdbcTypeRegistry        : addDescriptor(NClobTypeDescriptor(DEFAULT)) replaced previous registration(ClobTypeDescriptor(DEFAULT))
2024-06-03T19:04:02.644-05:00 DEBUG 15756 --- [app_mantra] [           main] o.h.t.d.jdbc.spi.JdbcTypeRegistry        : addDescriptor(2005, ClobTypeDescriptor(STREAM_BINDING)) replaced previous registration(ClobTypeDescriptor(DEFAULT))
2024-06-03T19:04:02.652-05:00 DEBUG 15756 --- [app_mantra] [           main] org.hibernate.type.BasicTypeRegistry     : Adding type registration null -> org.hibernate.type.NullType@603f4e3e
2024-06-03T19:04:02.652-05:00 DEBUG 15756 --- [app_mantra] [           main] org.hibernate.type.BasicTypeRegistry     : Type registration key [null] overrode previous entry : `org.hibernate.type.NullType@251c90f`
2024-06-03T19:04:02.664-05:00 DEBUG 15756 --- [app_mantra] [           main] org.hibernate.type.BasicTypeRegistry     : Adding type registration org.hibernate.type.DurationType -> basicType@1(java.time.Duration,2)
2024-06-03T19:04:02.664-05:00 DEBUG 15756 --- [app_mantra] [           main] org.hibernate.type.BasicTypeRegistry     : Adding type registration Duration -> basicType@1(java.time.Duration,2)
2024-06-03T19:04:02.664-05:00 DEBUG 15756 --- [app_mantra] [           main] org.hibernate.type.BasicTypeRegistry     : Adding type registration java.time.Duration -> basicType@1(java.time.Duration,2)
2024-06-03T19:04:02.672-05:00 DEBUG 15756 --- [app_mantra] [           main] org.hibernate.type.BasicTypeRegistry     : Adding type registration org.hibernate.type.OffsetDateTimeType -> basicType@2(java.time.OffsetDateTime,3003)
2024-06-03T19:04:02.672-05:00 DEBUG 15756 --- [app_mantra] [           main] org.hibernate.type.BasicTypeRegistry     : Adding type registration OffsetDateTime -> basicType@2(java.time.OffsetDateTime,3003)
2024-06-03T19:04:02.672-05:00 DEBUG 15756 --- [app_mantra] [           main] org.hibernate.type.BasicTypeRegistry     : Adding type registration java.time.OffsetDateTime -> basicType@2(java.time.OffsetDateTime,3003)
2024-06-03T19:04:02.672-05:00 DEBUG 15756 --- [app_mantra] [           main] org.hibernate.type.BasicTypeRegistry     : Adding type registration org.hibernate.type.ZonedDateTimeType -> basicType@3(java.time.ZonedDateTime,3003)
2024-06-03T19:04:02.672-05:00 DEBUG 15756 --- [app_mantra] [           main] org.hibernate.type.BasicTypeRegistry     : Adding type registration ZonedDateTime -> basicType@3(java.time.ZonedDateTime,3003)
2024-06-03T19:04:02.672-05:00 DEBUG 15756 --- [app_mantra] [           main] org.hibernate.type.BasicTypeRegistry     : Adding type registration java.time.ZonedDateTime -> basicType@3(java.time.ZonedDateTime,3003)
2024-06-03T19:04:02.674-05:00 DEBUG 15756 --- [app_mantra] [           main] org.hibernate.type.BasicTypeRegistry     : Adding type registration org.hibernate.type.OffsetTimeType -> basicType@4(java.time.OffsetTime,3007)
2024-06-03T19:04:02.674-05:00 DEBUG 15756 --- [app_mantra] [           main] org.hibernate.type.BasicTypeRegistry     : Adding type registration OffsetTime -> basicType@4(java.time.OffsetTime,3007)
2024-06-03T19:04:02.674-05:00 DEBUG 15756 --- [app_mantra] [           main] org.hibernate.type.BasicTypeRegistry     : Adding type registration java.time.OffsetTime -> basicType@4(java.time.OffsetTime,3007)
2024-06-03T19:04:02.677-05:00 DEBUG 15756 --- [app_mantra] [           main] o.h.type.spi.TypeConfiguration$Scope     : Scoping TypeConfiguration [org.hibernate.type.spi.TypeConfiguration@1dbeedff] to MetadataBuildingContext [org.hibernate.boot.internal.MetadataBuildingContextRootImpl@62b786dc]
2024-06-03T19:04:02.756-05:00 DEBUG 15756 --- [app_mantra] [           main] o.h.boot.model.relational.Namespace      : Created database namespace [logicalName=Name{catalog=null, schema=null}, physicalName=Name{catalog=null, schema=null}]
2024-06-03T19:04:02.816-05:00 DEBUG 15756 --- [app_mantra] [           main] o.h.boot.model.internal.EntityBinder     : Binding entity from annotated class: glamping.glamping.entidades.Cabania
2024-06-03T19:04:02.839-05:00 DEBUG 15756 --- [app_mantra] [           main] o.h.boot.model.internal.EntityBinder     : Import with entity name Cabania
2024-06-03T19:04:02.855-05:00 DEBUG 15756 --- [app_mantra] [           main] o.h.boot.model.internal.EntityBinder     : Bind entity glamping.glamping.entidades.Cabania on table cabania
2024-06-03T19:04:02.876-05:00 DEBUG 15756 --- [app_mantra] [           main] o.h.boot.model.internal.AnnotatedColumn  : Binding column: AnnotatedDiscriminatorColumn(column='DTYPE')
2024-06-03T19:04:02.914-05:00 DEBUG 15756 --- [app_mantra] [           main] o.h.boot.model.internal.AnnotatedColumn  : Binding column: AnnotatedColumn(column='Cabania_id')
2024-06-03T19:04:02.918-05:00 DEBUG 15756 --- [app_mantra] [           main] o.h.boot.internal.ClassLoaderAccessImpl  : Not known whether passed class name [glamping.glamping.entidades.Cabania] is safe
2024-06-03T19:04:02.918-05:00 DEBUG 15756 --- [app_mantra] [           main] o.h.boot.internal.ClassLoaderAccessImpl  : No temp ClassLoader provided; using live ClassLoader for loading potentially unsafe class : glamping.glamping.entidades.Cabania
2024-06-03T19:04:02.941-05:00 DEBUG 15756 --- [app_mantra] [           main] o.h.boot.model.internal.PropertyBinder   : MetadataSourceProcessor property id with lazy=false
2024-06-03T19:04:02.950-05:00 DEBUG 15756 --- [app_mantra] [           main] o.h.b.m.internal.AbstractPropertyHolder  : Attempting to locate auto-apply AttributeConverter for property [glamping.glamping.entidades.Cabania:id]
2024-06-03T19:04:02.961-05:00 DEBUG 15756 --- [app_mantra] [           main] o.h.b.model.internal.BasicValueBinder    : building BasicValue for id
2024-06-03T19:04:02.967-05:00 DEBUG 15756 --- [app_mantra] [           main] org.hibernate.mapping.BasicValue         : Skipping column re-registration: cabania.cabania_id
2024-06-03T19:04:02.968-05:00 DEBUG 15756 --- [app_mantra] [           main] o.h.boot.model.internal.PropertyBinder   : Building property id
2024-06-03T19:04:02.975-05:00 DEBUG 15756 --- [app_mantra] [           main] o.h.boot.model.internal.BinderHelper     : #makeIdGenerator(BasicValue([Column(cabania_id)]), id, org.hibernate.id.enhanced.SequenceStyleGenerator, , ...)
2024-06-03T19:04:02.980-05:00 DEBUG 15756 --- [app_mantra] [           main] o.h.boot.model.internal.AnnotatedColumn  : Binding column: AnnotatedColumn()
2024-06-03T19:04:02.980-05:00 DEBUG 15756 --- [app_mantra] [           main] o.h.boot.model.internal.PropertyBinder   : MetadataSourceProcessor property capacidad with lazy=false
2024-06-03T19:04:02.980-05:00 DEBUG 15756 --- [app_mantra] [           main] o.h.b.m.internal.AbstractPropertyHolder  : Attempting to locate auto-apply AttributeConverter for property [glamping.glamping.entidades.Cabania:capacidad]
2024-06-03T19:04:02.980-05:00 DEBUG 15756 --- [app_mantra] [           main] o.h.b.model.internal.BasicValueBinder    : building BasicValue for capacidad
2024-06-03T19:04:02.981-05:00 DEBUG 15756 --- [app_mantra] [           main] org.hibernate.mapping.BasicValue         : Skipping column re-registration: cabania.capacidad
2024-06-03T19:04:02.982-05:00 DEBUG 15756 --- [app_mantra] [           main] o.h.boot.model.internal.PropertyBinder   : Building property capacidad
2024-06-03T19:04:02.982-05:00 DEBUG 15756 --- [app_mantra] [           main] o.h.boot.model.internal.AnnotatedColumn  : Binding column: AnnotatedColumn()
2024-06-03T19:04:02.983-05:00 DEBUG 15756 --- [app_mantra] [           main] o.h.boot.model.internal.PropertyBinder   : MetadataSourceProcessor property descripcion with lazy=false
2024-06-03T19:04:02.983-05:00 DEBUG 15756 --- [app_mantra] [           main] o.h.b.m.internal.AbstractPropertyHolder  : Attempting to locate auto-apply AttributeConverter for property [glamping.glamping.entidades.Cabania:descripcion]
2024-06-03T19:04:02.983-05:00 DEBUG 15756 --- [app_mantra] [           main] o.h.b.model.internal.BasicValueBinder    : building BasicValue for descripcion
2024-06-03T19:04:02.983-05:00 DEBUG 15756 --- [app_mantra] [           main] org.hibernate.mapping.BasicValue         : Skipping column re-registration: cabania.descripcion
2024-06-03T19:04:02.983-05:00 DEBUG 15756 --- [app_mantra] [           main] o.h.boot.model.internal.PropertyBinder   : Building property descripcion
2024-06-03T19:04:02.983-05:00 DEBUG 15756 --- [app_mantra] [           main] o.h.boot.model.internal.AnnotatedColumn  : Binding column: AnnotatedColumn()
2024-06-03T19:04:02.983-05:00 DEBUG 15756 --- [app_mantra] [           main] o.h.boot.model.internal.PropertyBinder   : MetadataSourceProcessor property estado with lazy=false
2024-06-03T19:04:02.983-05:00 DEBUG 15756 --- [app_mantra] [           main] o.h.b.m.internal.AbstractPropertyHolder  : Attempting to locate auto-apply AttributeConverter for property [glamping.glamping.entidades.Cabania:estado]
2024-06-03T19:04:02.983-05:00 DEBUG 15756 --- [app_mantra] [           main] o.h.b.model.internal.BasicValueBinder    : building BasicValue for estado
2024-06-03T19:04:02.984-05:00 DEBUG 15756 --- [app_mantra] [           main] org.hibernate.mapping.BasicValue         : Skipping column re-registration: cabania.estado
2024-06-03T19:04:02.984-05:00 DEBUG 15756 --- [app_mantra] [           main] o.h.boot.model.internal.PropertyBinder   : Building property estado
2024-06-03T19:04:02.984-05:00 DEBUG 15756 --- [app_mantra] [           main] o.h.boot.model.internal.AnnotatedColumn  : Binding column: AnnotatedColumn(column='imagen_id')
2024-06-03T19:04:03.007-05:00 DEBUG 15756 --- [app_mantra] [           main] o.h.boot.model.internal.AnnotatedColumn  : Binding column: IndexColumn(column='imagen_ORDER')
2024-06-03T19:04:03.019-05:00 DEBUG 15756 --- [app_mantra] [           main] o.h.boot.model.internal.AnnotatedColumn  : Binding column: AnnotatedColumn(column='imagen_id')
2024-06-03T19:04:03.021-05:00 DEBUG 15756 --- [app_mantra] [           main] o.h.boot.model.internal.AnnotatedColumn  : Binding column: AnnotatedColumn(column='imagen_KEY')
2024-06-03T19:04:03.026-05:00 DEBUG 15756 --- [app_mantra] [           main] o.h.boot.model.internal.AnnotatedColumn  : Binding column: AnnotatedJoinColumn(column='imagen_KEY')
2024-06-03T19:04:03.028-05:00 DEBUG 15756 --- [app_mantra] [           main] o.h.boot.model.internal.AnnotatedColumn  : Binding column: AnnotatedJoinColumn()
2024-06-03T19:04:03.029-05:00 DEBUG 15756 --- [app_mantra] [           main] o.h.boot.model.internal.AnnotatedColumn  : Binding column: AnnotatedJoinColumn()
2024-06-03T19:04:03.032-05:00 DEBUG 15756 --- [app_mantra] [           main] o.h.b.model.internal.CollectionBinder    : Collection role: glamping.glamping.entidades.Cabania.imagen
2024-06-03T19:04:03.038-05:00 DEBUG 15756 --- [app_mantra] [           main] o.h.boot.model.internal.PropertyBinder   : Building property imagen
2024-06-03T19:04:03.038-05:00 DEBUG 15756 --- [app_mantra] [           main] o.h.boot.model.internal.AnnotatedColumn  : Binding column: AnnotatedColumn()
2024-06-03T19:04:03.038-05:00 DEBUG 15756 --- [app_mantra] [           main] o.h.boot.model.internal.PropertyBinder   : MetadataSourceProcessor property nombre with lazy=false
2024-06-03T19:04:03.038-05:00 DEBUG 15756 --- [app_mantra] [           main] o.h.b.m.internal.AbstractPropertyHolder  : Attempting to locate auto-apply AttributeConverter for property [glamping.glamping.entidades.Cabania:nombre]
2024-06-03T19:04:03.038-05:00 DEBUG 15756 --- [app_mantra] [           main] o.h.b.model.internal.BasicValueBinder    : building BasicValue for nombre
2024-06-03T19:04:03.038-05:00 DEBUG 15756 --- [app_mantra] [           main] org.hibernate.mapping.BasicValue         : Skipping column re-registration: cabania.nombre
2024-06-03T19:04:03.038-05:00 DEBUG 15756 --- [app_mantra] [           main] o.h.boot.model.internal.PropertyBinder   : Building property nombre
2024-06-03T19:04:03.039-05:00 DEBUG 15756 --- [app_mantra] [           main] o.h.boot.model.internal.AnnotatedColumn  : Binding column: AnnotatedColumn(column='reserva_id')
2024-06-03T19:04:03.039-05:00 DEBUG 15756 --- [app_mantra] [           main] o.h.boot.model.internal.AnnotatedColumn  : Binding column: IndexColumn(column='reserva_ORDER')
2024-06-03T19:04:03.039-05:00 DEBUG 15756 --- [app_mantra] [           main] o.h.boot.model.internal.AnnotatedColumn  : Binding column: AnnotatedColumn(column='reserva_id')
2024-06-03T19:04:03.039-05:00 DEBUG 15756 --- [app_mantra] [           main] o.h.boot.model.internal.AnnotatedColumn  : Binding column: AnnotatedColumn(column='reserva_KEY')
2024-06-03T19:04:03.040-05:00 DEBUG 15756 --- [app_mantra] [           main] o.h.boot.model.internal.AnnotatedColumn  : Binding column: AnnotatedJoinColumn(column='reserva_KEY')
2024-06-03T19:04:03.040-05:00 DEBUG 15756 --- [app_mantra] [           main] o.h.boot.model.internal.AnnotatedColumn  : Binding column: AnnotatedJoinColumn()
2024-06-03T19:04:03.040-05:00 DEBUG 15756 --- [app_mantra] [           main] o.h.boot.model.internal.AnnotatedColumn  : Binding column: AnnotatedJoinColumn()
2024-06-03T19:04:03.040-05:00 DEBUG 15756 --- [app_mantra] [           main] o.h.b.model.internal.CollectionBinder    : Collection role: glamping.glamping.entidades.Cabania.reserva
2024-06-03T19:04:03.040-05:00 DEBUG 15756 --- [app_mantra] [           main] o.h.boot.model.internal.PropertyBinder   : Building property reserva
2024-06-03T19:04:03.043-05:00 DEBUG 15756 --- [app_mantra] [           main] o.h.b.r.c.i.ClassLoaderServiceImpl       : HHH000194: Package not found or wo package-info.java: glamping.glamping.entidades
2024-06-03T19:04:03.054-05:00 DEBUG 15756 --- [app_mantra] [           main] o.h.boot.model.internal.EntityBinder     : Binding entity from annotated class: glamping.glamping.entidades.Imagen
2024-06-03T19:04:03.056-05:00 DEBUG 15756 --- [app_mantra] [           main] o.h.boot.model.internal.EntityBinder     : Import with entity name Imagen
2024-06-03T19:04:03.058-05:00 DEBUG 15756 --- [app_mantra] [           main] o.h.boot.model.internal.EntityBinder     : Bind entity glamping.glamping.entidades.Imagen on table imagenes
2024-06-03T19:04:03.059-05:00 DEBUG 15756 --- [app_mantra] [           main] o.h.boot.model.internal.AnnotatedColumn  : Binding column: AnnotatedDiscriminatorColumn(column='DTYPE')
2024-06-03T19:04:03.065-05:00 DEBUG 15756 --- [app_mantra] [           main] o.h.boot.model.internal.AnnotatedColumn  : Binding column: AnnotatedColumn(column='imagen_id')
2024-06-03T19:04:03.066-05:00 DEBUG 15756 --- [app_mantra] [           main] o.h.boot.internal.ClassLoaderAccessImpl  : Not known whether passed class name [glamping.glamping.entidades.Imagen] is safe
2024-06-03T19:04:03.066-05:00 DEBUG 15756 --- [app_mantra] [           main] o.h.boot.internal.ClassLoaderAccessImpl  : No temp ClassLoader provided; using live ClassLoader for loading potentially unsafe class : glamping.glamping.entidades.Imagen
2024-06-03T19:04:03.066-05:00 DEBUG 15756 --- [app_mantra] [           main] o.h.boot.model.internal.PropertyBinder   : MetadataSourceProcessor property id with lazy=false
2024-06-03T19:04:03.066-05:00 DEBUG 15756 --- [app_mantra] [           main] o.h.b.m.internal.AbstractPropertyHolder  : Attempting to locate auto-apply AttributeConverter for property [glamping.glamping.entidades.Imagen:id]
2024-06-03T19:04:03.066-05:00 DEBUG 15756 --- [app_mantra] [           main] o.h.b.model.internal.BasicValueBinder    : building BasicValue for id
2024-06-03T19:04:03.066-05:00 DEBUG 15756 --- [app_mantra] [           main] org.hibernate.mapping.BasicValue         : Skipping column re-registration: imagenes.imagen_id
2024-06-03T19:04:03.066-05:00 DEBUG 15756 --- [app_mantra] [           main] o.h.boot.model.internal.PropertyBinder   : Building property id
2024-06-03T19:04:03.066-05:00 DEBUG 15756 --- [app_mantra] [           main] o.h.boot.model.internal.BinderHelper     : #makeIdGenerator(BasicValue([Column(imagen_id)]), id, org.hibernate.id.enhanced.SequenceStyleGenerator, , ...)
2024-06-03T19:04:03.067-05:00 DEBUG 15756 --- [app_mantra] [           main] o.h.boot.model.internal.AnnotatedColumn  : Binding column: AnnotatedJoinColumn(column='Cabania_id')
2024-06-03T19:04:03.067-05:00 DEBUG 15756 --- [app_mantra] [           main] o.h.boot.model.internal.AnnotatedColumn  : Binding column: AnnotatedColumn()
2024-06-03T19:04:03.072-05:00 DEBUG 15756 --- [app_mantra] [           main] o.h.boot.model.internal.PropertyBinder   : Building property cabania
2024-06-03T19:04:03.074-05:00 DEBUG 15756 --- [app_mantra] [           main] o.h.boot.model.internal.AnnotatedColumn  : Binding column: AnnotatedColumn()
2024-06-03T19:04:03.074-05:00 DEBUG 15756 --- [app_mantra] [           main] o.h.boot.model.internal.PropertyBinder   : MetadataSourceProcessor property fileName with lazy=false
2024-06-03T19:04:03.075-05:00 DEBUG 15756 --- [app_mantra] [           main] o.h.b.m.internal.AbstractPropertyHolder  : Attempting to locate auto-apply AttributeConverter for property [glamping.glamping.entidades.Imagen:fileName]
2024-06-03T19:04:03.075-05:00 DEBUG 15756 --- [app_mantra] [           main] o.h.b.model.internal.BasicValueBinder    : building BasicValue for fileName
2024-06-03T19:04:03.075-05:00 DEBUG 15756 --- [app_mantra] [           main] org.hibernate.mapping.BasicValue         : Skipping column re-registration: imagenes.file_name
2024-06-03T19:04:03.075-05:00 DEBUG 15756 --- [app_mantra] [           main] o.h.boot.model.internal.PropertyBinder   : Building property fileName
2024-06-03T19:04:03.075-05:00 DEBUG 15756 --- [app_mantra] [           main] o.h.boot.model.internal.AnnotatedColumn  : Binding column: AnnotatedColumn()
2024-06-03T19:04:03.075-05:00 DEBUG 15756 --- [app_mantra] [           main] o.h.boot.model.internal.PropertyBinder   : MetadataSourceProcessor property fileType with lazy=false
2024-06-03T19:04:03.075-05:00 DEBUG 15756 --- [app_mantra] [           main] o.h.b.m.internal.AbstractPropertyHolder  : Attempting to locate auto-apply AttributeConverter for property [glamping.glamping.entidades.Imagen:fileType]
2024-06-03T19:04:03.075-05:00 DEBUG 15756 --- [app_mantra] [           main] o.h.b.model.internal.BasicValueBinder    : building BasicValue for fileType
2024-06-03T19:04:03.076-05:00 DEBUG 15756 --- [app_mantra] [           main] org.hibernate.mapping.BasicValue         : Skipping column re-registration: imagenes.file_type
2024-06-03T19:04:03.076-05:00 DEBUG 15756 --- [app_mantra] [           main] o.h.boot.model.internal.PropertyBinder   : Building property fileType
2024-06-03T19:04:03.076-05:00 DEBUG 15756 --- [app_mantra] [           main] o.h.boot.model.internal.AnnotatedColumn  : Binding column: AnnotatedJoinColumn(column='Informacion_id')
2024-06-03T19:04:03.077-05:00 DEBUG 15756 --- [app_mantra] [           main] o.h.boot.model.internal.AnnotatedColumn  : Binding column: AnnotatedColumn()
2024-06-03T19:04:03.077-05:00 DEBUG 15756 --- [app_mantra] [           main] o.h.boot.model.internal.PropertyBinder   : Building property info
2024-06-03T19:04:03.077-05:00 DEBUG 15756 --- [app_mantra] [           main] o.h.boot.model.internal.AnnotatedColumn  : Binding column: AnnotatedColumn()
2024-06-03T19:04:03.077-05:00 DEBUG 15756 --- [app_mantra] [           main] o.h.boot.model.internal.PropertyBinder   : MetadataSourceProcessor property ruta with lazy=false
2024-06-03T19:04:03.078-05:00 DEBUG 15756 --- [app_mantra] [           main] o.h.b.m.internal.AbstractPropertyHolder  : Attempting to locate auto-apply AttributeConverter for property [glamping.glamping.entidades.Imagen:ruta]
2024-06-03T19:04:03.078-05:00 DEBUG 15756 --- [app_mantra] [           main] o.h.b.model.internal.BasicValueBinder    : building BasicValue for ruta
2024-06-03T19:04:03.078-05:00 DEBUG 15756 --- [app_mantra] [           main] org.hibernate.mapping.BasicValue         : Skipping column re-registration: imagenes.ruta
2024-06-03T19:04:03.078-05:00 DEBUG 15756 --- [app_mantra] [           main] o.h.boot.model.internal.PropertyBinder   : Building property ruta
2024-06-03T19:04:03.078-05:00 DEBUG 15756 --- [app_mantra] [           main] o.h.boot.model.internal.AnnotatedColumn  : Binding column: AnnotatedColumn()
2024-06-03T19:04:03.078-05:00 DEBUG 15756 --- [app_mantra] [           main] o.h.boot.model.internal.PropertyBinder   : MetadataSourceProcessor property tamano with lazy=false
2024-06-03T19:04:03.078-05:00 DEBUG 15756 --- [app_mantra] [           main] o.h.b.m.internal.AbstractPropertyHolder  : Attempting to locate auto-apply AttributeConverter for property [glamping.glamping.entidades.Imagen:tamano]
2024-06-03T19:04:03.078-05:00 DEBUG 15756 --- [app_mantra] [           main] o.h.b.model.internal.BasicValueBinder    : building BasicValue for tamano
2024-06-03T19:04:03.078-05:00 DEBUG 15756 --- [app_mantra] [           main] org.hibernate.mapping.BasicValue         : Skipping column re-registration: imagenes.tamano
2024-06-03T19:04:03.078-05:00 DEBUG 15756 --- [app_mantra] [           main] o.h.boot.model.internal.PropertyBinder   : Building property tamano
2024-06-03T19:04:03.080-05:00 DEBUG 15756 --- [app_mantra] [           main] o.h.b.r.c.i.ClassLoaderServiceImpl       : HHH000194: Package not found or wo package-info.java: glamping.glamping.entidades
2024-06-03T19:04:03.081-05:00 DEBUG 15756 --- [app_mantra] [           main] o.h.boot.model.internal.EntityBinder     : Binding entity from annotated class: glamping.glamping.entidades.Informacion
2024-06-03T19:04:03.081-05:00 DEBUG 15756 --- [app_mantra] [           main] o.h.boot.model.internal.EntityBinder     : Import with entity name Informacion
2024-06-03T19:04:03.081-05:00 DEBUG 15756 --- [app_mantra] [           main] o.h.boot.model.internal.EntityBinder     : Bind entity glamping.glamping.entidades.Informacion on table informacion
2024-06-03T19:04:03.081-05:00 DEBUG 15756 --- [app_mantra] [           main] o.h.boot.model.internal.AnnotatedColumn  : Binding column: AnnotatedDiscriminatorColumn(column='DTYPE')
2024-06-03T19:04:03.083-05:00 DEBUG 15756 --- [app_mantra] [           main] o.h.boot.model.internal.AnnotatedColumn  : Binding column: AnnotatedColumn()
2024-06-03T19:04:03.083-05:00 DEBUG 15756 --- [app_mantra] [           main] o.h.boot.internal.ClassLoaderAccessImpl  : Not known whether passed class name [glamping.glamping.entidades.Informacion] is safe
2024-06-03T19:04:03.083-05:00 DEBUG 15756 --- [app_mantra] [           main] o.h.boot.internal.ClassLoaderAccessImpl  : No temp ClassLoader provided; using live ClassLoader for loading potentially unsafe class : glamping.glamping.entidades.Informacion
2024-06-03T19:04:03.083-05:00 DEBUG 15756 --- [app_mantra] [           main] o.h.boot.model.internal.PropertyBinder   : MetadataSourceProcessor property id with lazy=false
2024-06-03T19:04:03.083-05:00 DEBUG 15756 --- [app_mantra] [           main] o.h.b.m.internal.AbstractPropertyHolder  : Attempting to locate auto-apply AttributeConverter for property [glamping.glamping.entidades.Informacion:id]
2024-06-03T19:04:03.083-05:00 DEBUG 15756 --- [app_mantra] [           main] o.h.b.model.internal.BasicValueBinder    : building BasicValue for id
2024-06-03T19:04:03.083-05:00 DEBUG 15756 --- [app_mantra] [           main] org.hibernate.mapping.BasicValue         : Skipping column re-registration: informacion.id
2024-06-03T19:04:03.083-05:00 DEBUG 15756 --- [app_mantra] [           main] o.h.boot.model.internal.PropertyBinder   : Building property id
2024-06-03T19:04:03.084-05:00 DEBUG 15756 --- [app_mantra] [           main] o.h.boot.model.internal.BinderHelper     : #makeIdGenerator(BasicValue([Column(id)]), id, org.hibernate.id.enhanced.SequenceStyleGenerator, , ...)
2024-06-03T19:04:03.084-05:00 DEBUG 15756 --- [app_mantra] [           main] o.h.boot.model.internal.AnnotatedColumn  : Binding column: AnnotatedColumn()
2024-06-03T19:04:03.084-05:00 DEBUG 15756 --- [app_mantra] [           main] o.h.boot.model.internal.PropertyBinder   : MetadataSourceProcessor property iconoServicio with lazy=false
2024-06-03T19:04:03.084-05:00 DEBUG 15756 --- [app_mantra] [           main] o.h.b.m.internal.AbstractPropertyHolder  : Attempting to locate auto-apply AttributeConverter for property [glamping.glamping.entidades.Informacion:iconoServicio]
2024-06-03T19:04:03.084-05:00 DEBUG 15756 --- [app_mantra] [           main] o.h.b.model.internal.BasicValueBinder    : building BasicValue for iconoServicio
2024-06-03T19:04:03.084-05:00 DEBUG 15756 --- [app_mantra] [           main] org.hibernate.mapping.BasicValue         : Skipping column re-registration: informacion.icono_servicio
2024-06-03T19:04:03.085-05:00 DEBUG 15756 --- [app_mantra] [           main] o.h.boot.model.internal.PropertyBinder   : Building property iconoServicio
2024-06-03T19:04:03.086-05:00 DEBUG 15756 --- [app_mantra] [           main] o.h.boot.model.internal.AnnotatedColumn  : Binding column: AnnotatedJoinColumn()
2024-06-03T19:04:03.087-05:00 DEBUG 15756 --- [app_mantra] [           main] o.h.boot.model.internal.AnnotatedColumn  : Binding column: AnnotatedColumn()
2024-06-03T19:04:03.089-05:00 DEBUG 15756 --- [app_mantra] [           main] o.h.boot.model.internal.AnnotatedColumn  : Binding column: AnnotatedColumn()
2024-06-03T19:04:03.089-05:00 DEBUG 15756 --- [app_mantra] [           main] o.h.boot.model.internal.PropertyBinder   : MetadataSourceProcessor property seccion with lazy=false
2024-06-03T19:04:03.090-05:00 DEBUG 15756 --- [app_mantra] [           main] o.h.b.m.internal.AbstractPropertyHolder  : Attempting to locate auto-apply AttributeConverter for property [glamping.glamping.entidades.Informacion:seccion]
2024-06-03T19:04:03.090-05:00 DEBUG 15756 --- [app_mantra] [           main] o.h.b.model.internal.BasicValueBinder    : building BasicValue for seccion
2024-06-03T19:04:03.090-05:00 DEBUG 15756 --- [app_mantra] [           main] org.hibernate.mapping.BasicValue         : Skipping column re-registration: informacion.seccion
2024-06-03T19:04:03.090-05:00 DEBUG 15756 --- [app_mantra] [           main] o.h.boot.model.internal.PropertyBinder   : Building property seccion
2024-06-03T19:04:03.090-05:00 DEBUG 15756 --- [app_mantra] [           main] o.h.boot.model.internal.AnnotatedColumn  : Binding column: AnnotatedColumn()
2024-06-03T19:04:03.090-05:00 DEBUG 15756 --- [app_mantra] [           main] o.h.boot.model.internal.PropertyBinder   : MetadataSourceProcessor property texto with lazy=false
2024-06-03T19:04:03.090-05:00 DEBUG 15756 --- [app_mantra] [           main] o.h.b.m.internal.AbstractPropertyHolder  : Attempting to locate auto-apply AttributeConverter for property [glamping.glamping.entidades.Informacion:texto]
2024-06-03T19:04:03.090-05:00 DEBUG 15756 --- [app_mantra] [           main] o.h.b.model.internal.BasicValueBinder    : building BasicValue for texto
2024-06-03T19:04:03.090-05:00 DEBUG 15756 --- [app_mantra] [           main] org.hibernate.mapping.BasicValue         : Skipping column re-registration: informacion.texto
2024-06-03T19:04:03.090-05:00 DEBUG 15756 --- [app_mantra] [           main] o.h.boot.model.internal.PropertyBinder   : Building property texto
2024-06-03T19:04:03.090-05:00 DEBUG 15756 --- [app_mantra] [           main] o.h.boot.model.internal.AnnotatedColumn  : Binding column: AnnotatedColumn()
2024-06-03T19:04:03.090-05:00 DEBUG 15756 --- [app_mantra] [           main] o.h.boot.model.internal.PropertyBinder   : MetadataSourceProcessor property titulo with lazy=false
2024-06-03T19:04:03.091-05:00 DEBUG 15756 --- [app_mantra] [           main] o.h.b.m.internal.AbstractPropertyHolder  : Attempting to locate auto-apply AttributeConverter for property [glamping.glamping.entidades.Informacion:titulo]
2024-06-03T19:04:03.091-05:00 DEBUG 15756 --- [app_mantra] [           main] o.h.b.model.internal.BasicValueBinder    : building BasicValue for titulo
2024-06-03T19:04:03.091-05:00 DEBUG 15756 --- [app_mantra] [           main] org.hibernate.mapping.BasicValue         : Skipping column re-registration: informacion.titulo
2024-06-03T19:04:03.091-05:00 DEBUG 15756 --- [app_mantra] [           main] o.h.boot.model.internal.PropertyBinder   : Building property titulo
2024-06-03T19:04:03.093-05:00 DEBUG 15756 --- [app_mantra] [           main] o.h.b.r.c.i.ClassLoaderServiceImpl       : HHH000194: Package not found or wo package-info.java: glamping.glamping.entidades
2024-06-03T19:04:03.096-05:00 DEBUG 15756 --- [app_mantra] [           main] o.h.boot.model.internal.EntityBinder     : Binding entity from annotated class: glamping.glamping.entidades.PasswordResetToken
2024-06-03T19:04:03.096-05:00 DEBUG 15756 --- [app_mantra] [           main] o.h.boot.model.internal.EntityBinder     : Import with entity name PasswordResetToken
2024-06-03T19:04:03.097-05:00 DEBUG 15756 --- [app_mantra] [           main] o.h.boot.model.internal.EntityBinder     : Bind entity glamping.glamping.entidades.PasswordResetToken on table password_reset_token
2024-06-03T19:04:03.097-05:00 DEBUG 15756 --- [app_mantra] [           main] o.h.boot.model.internal.AnnotatedColumn  : Binding column: AnnotatedDiscriminatorColumn(column='DTYPE')
2024-06-03T19:04:03.098-05:00 DEBUG 15756 --- [app_mantra] [           main] o.h.boot.model.internal.AnnotatedColumn  : Binding column: AnnotatedColumn()
2024-06-03T19:04:03.098-05:00 DEBUG 15756 --- [app_mantra] [           main] o.h.boot.internal.ClassLoaderAccessImpl  : Not known whether passed class name [glamping.glamping.entidades.PasswordResetToken] is safe
2024-06-03T19:04:03.098-05:00 DEBUG 15756 --- [app_mantra] [           main] o.h.boot.internal.ClassLoaderAccessImpl  : No temp ClassLoader provided; using live ClassLoader for loading potentially unsafe class : glamping.glamping.entidades.PasswordResetToken
2024-06-03T19:04:03.098-05:00 DEBUG 15756 --- [app_mantra] [           main] o.h.boot.model.internal.PropertyBinder   : MetadataSourceProcessor property id with lazy=false
2024-06-03T19:04:03.098-05:00 DEBUG 15756 --- [app_mantra] [           main] o.h.b.m.internal.AbstractPropertyHolder  : Attempting to locate auto-apply AttributeConverter for property [glamping.glamping.entidades.PasswordResetToken:id]
2024-06-03T19:04:03.099-05:00 DEBUG 15756 --- [app_mantra] [           main] o.h.b.model.internal.BasicValueBinder    : building BasicValue for id
2024-06-03T19:04:03.099-05:00 DEBUG 15756 --- [app_mantra] [           main] org.hibernate.mapping.BasicValue         : Skipping column re-registration: password_reset_token.id
2024-06-03T19:04:03.099-05:00 DEBUG 15756 --- [app_mantra] [           main] o.h.boot.model.internal.PropertyBinder   : Building property id
2024-06-03T19:04:03.099-05:00 DEBUG 15756 --- [app_mantra] [           main] o.h.boot.model.internal.BinderHelper     : #makeIdGenerator(BasicValue([Column(id)]), id, org.hibernate.id.enhanced.SequenceStyleGenerator, , ...)
2024-06-03T19:04:03.099-05:00 DEBUG 15756 --- [app_mantra] [           main] o.h.boot.model.internal.AnnotatedColumn  : Binding column: AnnotatedColumn()
2024-06-03T19:04:03.099-05:00 DEBUG 15756 --- [app_mantra] [           main] o.h.boot.model.internal.PropertyBinder   : MetadataSourceProcessor property email with lazy=false
2024-06-03T19:04:03.099-05:00 DEBUG 15756 --- [app_mantra] [           main] o.h.b.m.internal.AbstractPropertyHolder  : Attempting to locate auto-apply AttributeConverter for property [glamping.glamping.entidades.PasswordResetToken:email]
2024-06-03T19:04:03.099-05:00 DEBUG 15756 --- [app_mantra] [           main] o.h.b.model.internal.BasicValueBinder    : building BasicValue for email
2024-06-03T19:04:03.099-05:00 DEBUG 15756 --- [app_mantra] [           main] org.hibernate.mapping.BasicValue         : Skipping column re-registration: password_reset_token.email
2024-06-03T19:04:03.099-05:00 DEBUG 15756 --- [app_mantra] [           main] o.h.boot.model.internal.PropertyBinder   : Building property email
[...]
	  glamping.glamping.entidades.Roles(36322019679200) -> EntityResultInitializer(glamping.glamping.entidades.Roles(36322019679200))@1214118601 (SingleTableEntityPersister(glamping.glamping.entidades.Roles))

2024-06-03T19:04:14.801-05:00 DEBUG 15756 --- [app_mantra] [           main] org.hibernate.SQL                        : select r1_0.rol_id,r1_0.nombre from roles r1_0 where r1_0.nombre=?
2024-06-03T19:04:14.946-05:00 DEBUG 15756 --- [app_mantra] [           main] org.hibernate.orm.results                : Extracted JDBC value [0] - [1]
2024-06-03T19:04:14.947-05:00 DEBUG 15756 --- [app_mantra] [           main] o.hibernate.orm.results.loading.entity   : (EntityResultInitializer) Hydrated EntityKey (glamping.glamping.entidades.Roles(36322019679200)): 1
2024-06-03T19:04:14.947-05:00 DEBUG 15756 --- [app_mantra] [           main] o.h.o.r.l.o.h.o.r.loading.collection     : (SelectEagerCollectionInitializer) Current row collection key : glamping.glamping.entidades.Roles(36322019679200).usuario#1
2024-06-03T19:04:14.947-05:00 DEBUG 15756 --- [app_mantra] [           main] o.hibernate.orm.results.loading.entity   : (EntityResultInitializer) Created new entity instance [glamping.glamping.entidades.Roles(36322019679200)#1] : 104794426
2024-06-03T19:04:14.947-05:00 DEBUG 15756 --- [app_mantra] [           main] org.hibernate.orm.results                : Extracted JDBC value [1] - [usuario]
2024-06-03T19:04:14.947-05:00 DEBUG 15756 --- [app_mantra] [           main] o.hibernate.orm.results.loading.entity   : (EntityResultInitializer) Done materializing entityInstance : glamping.glamping.entidades.Roles(36322019679200)#1
2024-06-03T19:04:14.947-05:00 DEBUG 15756 --- [app_mantra] [           main] org.hibernate.orm.results.loading        : Calling top-level assembler (0 / 1) : org.hibernate.sql.results.graph.entity.internal.EntityAssembler@e36a4c1
2024-06-03T19:04:14.950-05:00 DEBUG 15756 --- [app_mantra] [           main] org.hibernate.orm.sql.exec               : Skipping reading Query result cache data: cache-enabled = false, cache-mode = IGNORE
2024-06-03T19:04:14.951-05:00 DEBUG 15756 --- [app_mantra] [           main] org.hibernate.orm.results                : Initializer list:
	  glamping.glamping.entidades.Roles.usuario.{element}.roles.usuario -> SelectEagerCollectionInitializer(glamping.glamping.entidades.Roles.usuario.{element}.roles.usuario)@118519761 (PluralAttribute(glamping.glamping.entidades.Roles.usuario))
	  glamping.glamping.entidades.Roles.usuario.{element}.roles -> EntityJoinedFetchInitializer(glamping.glamping.entidades.Roles.usuario.{element}.roles)@921155868 (ToOneAttributeMapping(NavigableRole[glamping.glamping.entidades.Usuario.roles])@1728158149)
	  glamping.glamping.entidades.Roles.usuario.{element}.reserva -> DelayedCollectionInitializer(glamping.glamping.entidades.Roles.usuario.{element}.reserva)@1661625468 (PluralAttribute(glamping.glamping.entidades.Usuario.reserva))
	  glamping.glamping.entidades.Roles.usuario -> BagInitializer(glamping.glamping.entidades.Roles.usuario)@500153041 (PluralAttribute(glamping.glamping.entidades.Roles.usuario))
	  glamping.glamping.entidades.Roles.usuario.{element} -> EntityJoinedFetchInitializer(glamping.glamping.entidades.Roles.usuario.{element})@434497606 (EntityCollectionPart(glamping.glamping.entidades.Roles.usuario#{element})@1953887614)

2024-06-03T19:04:14.951-05:00 DEBUG 15756 --- [app_mantra] [           main] org.hibernate.SQL                        : select u1_0.usuario_id,u1_0.nombre_contacto_emergencia,u1_0.contacto,u1_0.contacto_emergencia,u1_0.email,u1_0.fecha_nacimiento,u1_0.nombre,u1_0.parentesco,u1_0.password,r1_0.rol_id,r1_0.nombre,u1_0.username from usuario u1_0 left join roles r1_0 on r1_0.rol_id=u1_0.roles_rol_id where u1_0.usuario_id=?
2024-06-03T19:04:15.096-05:00 DEBUG 15756 --- [app_mantra] [           main] org.hibernate.orm.results                : Extracted JDBC value [9] - [1]
2024-06-03T19:04:15.096-05:00 DEBUG 15756 --- [app_mantra] [           main] o.hibernate.orm.results.loading.entity   : (EntityJoinedFetchInitializer) Hydrated EntityKey (glamping.glamping.entidades.Roles.usuario.{element}.roles): 1
2024-06-03T19:04:15.096-05:00 DEBUG 15756 --- [app_mantra] [           main] org.hibernate.orm.results                : Extracted JDBC value [0] - [1]
2024-06-03T19:04:15.096-05:00 DEBUG 15756 --- [app_mantra] [           main] o.hibernate.orm.results.loading.entity   : (EntityJoinedFetchInitializer) Hydrated EntityKey (glamping.glamping.entidades.Roles.usuario.{element}): 1
2024-06-03T19:04:15.096-05:00 DEBUG 15756 --- [app_mantra] [           main] org.hibernate.orm.results                : Extracted JDBC value [0] - [1]
2024-06-03T19:04:15.096-05:00 DEBUG 15756 --- [app_mantra] [           main] o.h.o.r.l.o.h.o.r.loading.collection     : (DelayedCollectionInitializer) Current row collection key : glamping.glamping.entidades.Roles.usuario.{element}.reserva#1
2024-06-03T19:04:15.096-05:00 DEBUG 15756 --- [app_mantra] [           main] o.h.o.r.l.o.h.o.r.loading.collection     : (SelectEagerCollectionInitializer) Current row collection key : glamping.glamping.entidades.Roles.usuario.{element}.roles.usuario#1
2024-06-03T19:04:15.096-05:00 DEBUG 15756 --- [app_mantra] [           main] org.hibernate.orm.results                : Extracted JDBC value [0] - [1]
2024-06-03T19:04:15.096-05:00 DEBUG 15756 --- [app_mantra] [           main] o.h.o.r.l.o.h.o.r.loading.collection     : (BagInitializer) Current row collection key : glamping.glamping.entidades.Roles.usuario#1
2024-06-03T19:04:15.096-05:00 DEBUG 15756 --- [app_mantra] [           main] org.hibernate.orm.results                : Extracted JDBC value [0] - [1]
2024-06-03T19:04:15.097-05:00 DEBUG 15756 --- [app_mantra] [           main] o.hibernate.orm.results.loading.entity   : (EntityJoinedFetchInitializer) Created new entity instance [glamping.glamping.entidades.Roles.usuario.{element}#1] : 1109462311
2024-06-03T19:04:15.097-05:00 DEBUG 15756 --- [app_mantra] [           main] o.h.o.r.l.o.h.o.r.loading.collection     : (BagInitializer) Responsible for loading collection [glamping.glamping.entidades.Roles.usuario#1] : org.hibernate.collection.spi.PersistentBag@554901638
2024-06-03T19:04:15.097-05:00 DEBUG 15756 --- [app_mantra] [           main] org.hibernate.orm.results                : Extracted JDBC value [1] - [null]
2024-06-03T19:04:15.097-05:00 DEBUG 15756 --- [app_mantra] [           main] org.hibernate.orm.results                : Extracted JDBC value [2] - [null]
2024-06-03T19:04:15.097-05:00 DEBUG 15756 --- [app_mantra] [           main] org.hibernate.orm.results                : Extracted JDBC value [3] - [null]
2024-06-03T19:04:15.097-05:00 DEBUG 15756 --- [app_mantra] [           main] org.hibernate.orm.results                : Extracted JDBC value [4] - [josedavids123@live.com]
2024-06-03T19:04:15.097-05:00 DEBUG 15756 --- [app_mantra] [           main] org.hibernate.orm.results                : Extracted JDBC value [5] - [null]
2024-06-03T19:04:15.097-05:00 DEBUG 15756 --- [app_mantra] [           main] org.hibernate.orm.results                : Extracted JDBC value [6] - [jose]
2024-06-03T19:04:15.097-05:00 DEBUG 15756 --- [app_mantra] [           main] org.hibernate.orm.results                : Extracted JDBC value [7] - [null]
2024-06-03T19:04:15.097-05:00 DEBUG 15756 --- [app_mantra] [           main] org.hibernate.orm.results                : Extracted JDBC value [8] - [$2a$10$ag3JnNH8QSo5SNpJsgJkM.A9iUaCfrm5ZTzBhSeD1oc4v9CTkk/eG]
2024-06-03T19:04:15.097-05:00 DEBUG 15756 --- [app_mantra] [           main] org.hibernate.orm.results                : Extracted JDBC value [11] - [user]
2024-06-03T19:04:15.097-05:00 DEBUG 15756 --- [app_mantra] [           main] o.hibernate.orm.results.loading.entity   : (EntityJoinedFetchInitializer) Done materializing entityInstance : glamping.glamping.entidades.Roles.usuario.{element}#1
2024-06-03T19:04:15.097-05:00 DEBUG 15756 --- [app_mantra] [           main] o.h.o.r.l.o.h.o.r.loading.collection     : (BagInitializer) Reading element from row for collection [glamping.glamping.entidades.Roles.usuario#1] -> org.hibernate.collection.spi.PersistentBag@554901638
2024-06-03T19:04:15.097-05:00 DEBUG 15756 --- [app_mantra] [           main] org.hibernate.orm.results.loading        : Calling top-level assembler (0 / 1) : org.hibernate.sql.results.graph.collection.internal.EagerCollectionAssembler@6a063931
2024-06-03T19:04:15.097-05:00 DEBUG 15756 --- [app_mantra] [           main] o.h.sql.results.internal.ResultsHelper   : Collection fully initialized: [glamping.glamping.entidades.Roles.usuario#1]
2024-06-03T19:04:15.098-05:00 DEBUG 15756 --- [app_mantra] [           main] org.hibernate.orm.sql.ast.create         : Created new SQL alias : r1_0
2024-06-03T19:04:15.098-05:00 DEBUG 15756 --- [app_mantra] [           main] org.hibernate.orm.sql.ast.create         : Registration of TableGroup [StandardTableGroup(glamping.glamping.entidades.Roles(36322019679200))] with identifierForTableGroup [glamping.glamping.entidades.Roles] for NavigablePath [glamping.glamping.entidades.Roles] 
2024-06-03T19:04:15.099-05:00 DEBUG 15756 --- [app_mantra] [           main] o.h.q.sqm.sql.BaseSqmToSqlAstConverter   : Determining mapping-model type for SqmParameter : org.hibernate.query.sqm.tree.expression.SqmJpaCriteriaParameterWrapper@43ab4e83
2024-06-03T19:04:15.099-05:00 DEBUG 15756 --- [app_mantra] [           main] o.h.q.sqm.sql.BaseSqmToSqlAstConverter   : Determining mapping-model type for SqmPath : SqmBasicValuedSimplePath(glamping.glamping.entidades.Roles(36322019679200).name) 
2024-06-03T19:04:15.099-05:00 DEBUG 15756 --- [app_mantra] [           main] org.hibernate.orm.results.graph.AST      : DomainResult Graph:
 \-EntityResultImpl [glamping.glamping.entidades.Roles(36322019679200)]
 |  +-BasicFetch [glamping.glamping.entidades.Roles(36322019679200).name]
 |  \-SelectEagerCollectionFetch [glamping.glamping.entidades.Roles(36322019679200).usuario]

2024-06-03T19:04:15.099-05:00 DEBUG 15756 --- [app_mantra] [           main] org.hibernate.orm.sql.ast.tree           : SQL AST Tree:
    SelectStatement {
      FromClause {
        StandardTableGroup (r1 : glamping.glamping.entidades.Roles(36322019679200)) {
          primaryTableReference : roles as r1_0
        }
      }
    }

2024-06-03T19:04:15.099-05:00 DEBUG 15756 --- [app_mantra] [           main] org.hibernate.orm.sql.exec               : Skipping reading Query result cache data: cache-enabled = false, cache-mode = NORMAL
2024-06-03T19:04:15.099-05:00 DEBUG 15756 --- [app_mantra] [           main] org.hibernate.orm.results                : Initializer list:
	  glamping.glamping.entidades.Roles(36322019679200).usuario -> SelectEagerCollectionInitializer(glamping.glamping.entidades.Roles(36322019679200).usuario)@793999565 (PluralAttribute(glamping.glamping.entidades.Roles.usuario))
	  glamping.glamping.entidades.Roles(36322019679200) -> EntityResultInitializer(glamping.glamping.entidades.Roles(36322019679200))@915793138 (SingleTableEntityPersister(glamping.glamping.entidades.Roles))

2024-06-03T19:04:15.099-05:00 DEBUG 15756 --- [app_mantra] [           main] org.hibernate.SQL                        : select r1_0.rol_id,r1_0.nombre from roles r1_0 where r1_0.nombre=?
2024-06-03T19:04:15.243-05:00 DEBUG 15756 --- [app_mantra] [           main] org.hibernate.orm.results                : Extracted JDBC value [0] - [2]
2024-06-03T19:04:15.243-05:00 DEBUG 15756 --- [app_mantra] [           main] o.hibernate.orm.results.loading.entity   : (EntityResultInitializer) Hydrated EntityKey (glamping.glamping.entidades.Roles(36322019679200)): 2
2024-06-03T19:04:15.243-05:00 DEBUG 15756 --- [app_mantra] [           main] o.h.o.r.l.o.h.o.r.loading.collection     : (SelectEagerCollectionInitializer) Current row collection key : glamping.glamping.entidades.Roles(36322019679200).usuario#2
2024-06-03T19:04:15.243-05:00 DEBUG 15756 --- [app_mantra] [           main] o.hibernate.orm.results.loading.entity   : (EntityResultInitializer) Created new entity instance [glamping.glamping.entidades.Roles(36322019679200)#2] : 2056843526
2024-06-03T19:04:15.243-05:00 DEBUG 15756 --- [app_mantra] [           main] org.hibernate.orm.results                : Extracted JDBC value [1] - [admin]
2024-06-03T19:04:15.243-05:00 DEBUG 15756 --- [app_mantra] [           main] o.hibernate.orm.results.loading.entity   : (EntityResultInitializer) Done materializing entityInstance : glamping.glamping.entidades.Roles(36322019679200)#2
2024-06-03T19:04:15.244-05:00 DEBUG 15756 --- [app_mantra] [           main] org.hibernate.orm.results.loading        : Calling top-level assembler (0 / 1) : org.hibernate.sql.results.graph.entity.internal.EntityAssembler@45382749
2024-06-03T19:04:15.244-05:00 DEBUG 15756 --- [app_mantra] [           main] org.hibernate.orm.sql.exec               : Skipping reading Query result cache data: cache-enabled = false, cache-mode = IGNORE
2024-06-03T19:04:15.244-05:00 DEBUG 15756 --- [app_mantra] [           main] org.hibernate.orm.results                : Initializer list:
	  glamping.glamping.entidades.Roles.usuario.{element}.roles.usuario -> SelectEagerCollectionInitializer(glamping.glamping.entidades.Roles.usuario.{element}.roles.usuario)@2101422773 (PluralAttribute(glamping.glamping.entidades.Roles.usuario))
	  glamping.glamping.entidades.Roles.usuario.{element}.roles -> EntityJoinedFetchInitializer(glamping.glamping.entidades.Roles.usuario.{element}.roles)@122609790 (ToOneAttributeMapping(NavigableRole[glamping.glamping.entidades.Usuario.roles])@1728158149)
	  glamping.glamping.entidades.Roles.usuario.{element}.reserva -> DelayedCollectionInitializer(glamping.glamping.entidades.Roles.usuario.{element}.reserva)@63475121 (PluralAttribute(glamping.glamping.entidades.Usuario.reserva))
	  glamping.glamping.entidades.Roles.usuario -> BagInitializer(glamping.glamping.entidades.Roles.usuario)@605577660 (PluralAttribute(glamping.glamping.entidades.Roles.usuario))
	  glamping.glamping.entidades.Roles.usuario.{element} -> EntityJoinedFetchInitializer(glamping.glamping.entidades.Roles.usuario.{element})@1350099720 (EntityCollectionPart(glamping.glamping.entidades.Roles.usuario#{element})@1953887614)

2024-06-03T19:04:15.244-05:00 DEBUG 15756 --- [app_mantra] [           main] org.hibernate.SQL                        : select u1_0.usuario_id,u1_0.nombre_contacto_emergencia,u1_0.contacto,u1_0.contacto_emergencia,u1_0.email,u1_0.fecha_nacimiento,u1_0.nombre,u1_0.parentesco,u1_0.password,r1_0.rol_id,r1_0.nombre,u1_0.username from usuario u1_0 left join roles r1_0 on r1_0.rol_id=u1_0.roles_rol_id where u1_0.usuario_id=?
2024-06-03T19:04:15.397-05:00 DEBUG 15756 --- [app_mantra] [           main] org.hibernate.orm.results                : Extracted JDBC value [9] - [2]
2024-06-03T19:04:15.397-05:00 DEBUG 15756 --- [app_mantra] [           main] o.hibernate.orm.results.loading.entity   : (EntityJoinedFetchInitializer) Hydrated EntityKey (glamping.glamping.entidades.Roles.usuario.{element}.roles): 2
2024-06-03T19:04:15.397-05:00 DEBUG 15756 --- [app_mantra] [           main] org.hibernate.orm.results                : Extracted JDBC value [0] - [2]
2024-06-03T19:04:15.397-05:00 DEBUG 15756 --- [app_mantra] [           main] o.hibernate.orm.results.loading.entity   : (EntityJoinedFetchInitializer) Hydrated EntityKey (glamping.glamping.entidades.Roles.usuario.{element}): 2
2024-06-03T19:04:15.397-05:00 DEBUG 15756 --- [app_mantra] [           main] org.hibernate.orm.results                : Extracted JDBC value [0] - [2]
2024-06-03T19:04:15.397-05:00 DEBUG 15756 --- [app_mantra] [           main] o.h.o.r.l.o.h.o.r.loading.collection     : (DelayedCollectionInitializer) Current row collection key : glamping.glamping.entidades.Roles.usuario.{element}.reserva#2
2024-06-03T19:04:15.397-05:00 DEBUG 15756 --- [app_mantra] [           main] o.h.o.r.l.o.h.o.r.loading.collection     : (SelectEagerCollectionInitializer) Current row collection key : glamping.glamping.entidades.Roles.usuario.{element}.roles.usuario#2
2024-06-03T19:04:15.397-05:00 DEBUG 15756 --- [app_mantra] [           main] org.hibernate.orm.results                : Extracted JDBC value [0] - [2]
2024-06-03T19:04:15.397-05:00 DEBUG 15756 --- [app_mantra] [           main] o.h.o.r.l.o.h.o.r.loading.collection     : (BagInitializer) Current row collection key : glamping.glamping.entidades.Roles.usuario#2
2024-06-03T19:04:15.397-05:00 DEBUG 15756 --- [app_mantra] [           main] org.hibernate.orm.results                : Extracted JDBC value [0] - [2]
2024-06-03T19:04:15.397-05:00 DEBUG 15756 --- [app_mantra] [           main] o.hibernate.orm.results.loading.entity   : (EntityJoinedFetchInitializer) Created new entity instance [glamping.glamping.entidades.Roles.usuario.{element}#2] : 5605388
2024-06-03T19:04:15.397-05:00 DEBUG 15756 --- [app_mantra] [           main] o.h.o.r.l.o.h.o.r.loading.collection     : (BagInitializer) Responsible for loading collection [glamping.glamping.entidades.Roles.usuario#2] : org.hibernate.collection.spi.PersistentBag@1664297171
2024-06-03T19:04:15.397-05:00 DEBUG 15756 --- [app_mantra] [           main] org.hibernate.orm.results                : Extracted JDBC value [1] - [null]
2024-06-03T19:04:15.397-05:00 DEBUG 15756 --- [app_mantra] [           main] org.hibernate.orm.results                : Extracted JDBC value [2] - [null]
2024-06-03T19:04:15.397-05:00 DEBUG 15756 --- [app_mantra] [           main] org.hibernate.orm.results                : Extracted JDBC value [3] - [null]
2024-06-03T19:04:15.397-05:00 DEBUG 15756 --- [app_mantra] [           main] org.hibernate.orm.results                : Extracted JDBC value [4] - [josedavids123@gmail.com]
2024-06-03T19:04:15.397-05:00 DEBUG 15756 --- [app_mantra] [           main] org.hibernate.orm.results                : Extracted JDBC value [5] - [null]
2024-06-03T19:04:15.398-05:00 DEBUG 15756 --- [app_mantra] [           main] org.hibernate.orm.results                : Extracted JDBC value [6] - [jose]
2024-06-03T19:04:15.398-05:00 DEBUG 15756 --- [app_mantra] [           main] org.hibernate.orm.results                : Extracted JDBC value [7] - [null]
2024-06-03T19:04:15.398-05:00 DEBUG 15756 --- [app_mantra] [           main] org.hibernate.orm.results                : Extracted JDBC value [8] - [$2a$10$m5IDnUww8J9fUfHdgiSFrOz4Y7zhEtfapcmIgqOJ3hI5jnqbnoW9O]
2024-06-03T19:04:15.398-05:00 DEBUG 15756 --- [app_mantra] [           main] org.hibernate.orm.results                : Extracted JDBC value [11] - [admin]
2024-06-03T19:04:15.398-05:00 DEBUG 15756 --- [app_mantra] [           main] o.hibernate.orm.results.loading.entity   : (EntityJoinedFetchInitializer) Done materializing entityInstance : glamping.glamping.entidades.Roles.usuario.{element}#2
2024-06-03T19:04:15.398-05:00 DEBUG 15756 --- [app_mantra] [           main] o.h.o.r.l.o.h.o.r.loading.collection     : (BagInitializer) Reading element from row for collection [glamping.glamping.entidades.Roles.usuario#2] -> org.hibernate.collection.spi.PersistentBag@1664297171
2024-06-03T19:04:15.398-05:00 DEBUG 15756 --- [app_mantra] [           main] org.hibernate.orm.results.loading        : Calling top-level assembler (0 / 1) : org.hibernate.sql.results.graph.collection.internal.EagerCollectionAssembler@1ac9c3cc
2024-06-03T19:04:15.398-05:00 DEBUG 15756 --- [app_mantra] [           main] o.h.sql.results.internal.ResultsHelper   : Collection fully initialized: [glamping.glamping.entidades.Roles.usuario#2]
Usuario ya existe
Usuario admin ya existe
2024-06-03T19:04:15.399-05:00 DEBUG 15756 --- [app_mantra] [           main] o.s.b.a.ApplicationAvailabilityBean      : Application availability state ReadinessState changed to ACCEPTING_TRAFFIC
]]></system-out>
  </testcase>
</testsuite>