<?xml version="1.0" encoding="UTF-8"?>
<testsuite xmlns:xsi="http://www.w3.org/2001/XMLSchema-instance" xsi:noNamespaceSchemaLocation="https://maven.apache.org/surefire/maven-surefire-plugin/xsd/surefire-test-report-3.0.xsd" version="3.0" name="glamping.glamping.GlampingApplicationTests" time="16.432" tests="1" errors="0" skipped="0" failures="0">
  <properties>
[...]
</properties>
  <testcase name="contextLoads" classname="glamping.glamping.GlampingApplicationTests" time="0.459">
    <system-out><![CDATA[15:29:44.302 [main] INFO org.springframework.test.context.support.AnnotationConfigContextLoaderUtils -- Could not detect default configuration classes for test class [glamping.glamping.GlampingApplicationTests]: GlampingApplicationTests does not declare any static, non-private, non-final, nested classes annotated with @Configuration.
15:29:44.435 [main] INFO org.springframework.boot.test.context.SpringBootTestContextBootstrapper -- Found @SpringBootConfiguration glamping.glamping.GlampingApplication for test class glamping.glamping.GlampingApplicationTests

  .   ____          _            __ _ _
 /\\ / ___'_ __ _ _(_)_ __  __ _ \ \ \ \
( ( )\___ | '_ | '_| | '_ \/ _` | \ \ \ \
 \\/  ___)| |_)| | | | | || (_| |  ) ) ) )
  '  |____| .__|_| |_|_| |_\__, | / / / /
 =========|_|==============|___/=/_/_/_/
 :: Spring Boot ::                (v3.2.1)

2024-05-29T15:29:44.979-05:00  INFO 1432 --- [app_mantra] [           main] g.glamping.GlampingApplicationTests      : Starting GlampingApplicationTests using Java 21.0.1 with PID 1432 (started by laura in C:\Users\laura\OneDrive\Documentos\NetBeansProjects\mantra.final)
2024-05-29T15:29:44.980-05:00  INFO 1432 --- [app_mantra] [           main] g.glamping.GlampingApplicationTests      : No active profile set, falling back to 1 default profile: "default"
2024-05-29T15:29:44.981-05:00 DEBUG 1432 --- [app_mantra] [           main] o.s.boot.SpringApplication               : Loading source class glamping.glamping.GlampingApplication
2024-05-29T15:29:45.020-05:00 DEBUG 1432 --- [app_mantra] [           main] o.s.w.c.s.GenericWebApplicationContext   : Refreshing org.springframework.web.context.support.GenericWebApplicationContext@3c291aad
2024-05-29T15:29:45.571-05:00 DEBUG 1432 --- [app_mantra] [           main] ySourcesPropertyResolver$DefaultResolver : Found key 'DB_NAME' in PropertySource 'systemEnvironment' with value of type String
2024-05-29T15:29:45.995-05:00  INFO 1432 --- [app_mantra] [           main] .s.d.r.c.RepositoryConfigurationDelegate : Multiple Spring Data modules found, entering strict repository configuration mode
2024-05-29T15:29:45.998-05:00  INFO 1432 --- [app_mantra] [           main] .s.d.r.c.RepositoryConfigurationDelegate : Bootstrapping Spring Data JDBC repositories in DEFAULT mode.
2024-05-29T15:29:46.012-05:00 DEBUG 1432 --- [app_mantra] [           main] o.s.b.a.AutoConfigurationPackages        : @EnableAutoConfiguration was declared on a class in the package 'glamping.glamping'. Automatic @Repository and @Entity scanning is enabled.
2024-05-29T15:29:46.033-05:00  INFO 1432 --- [app_mantra] [           main] .RepositoryConfigurationExtensionSupport : Spring Data JDBC - Could not safely identify store assignment for repository candidate interface glamping.glamping.repositorios.CabaniaRepositorio; If you want this repository to be a JDBC repository, consider annotating your entities with one of these annotations: org.springframework.data.relational.core.mapping.Table.
2024-05-29T15:29:46.035-05:00  INFO 1432 --- [app_mantra] [           main] .RepositoryConfigurationExtensionSupport : Spring Data JDBC - Could not safely identify store assignment for repository candidate interface glamping.glamping.repositorios.ImagenRepositorio; If you want this repository to be a JDBC repository, consider annotating your entities with one of these annotations: org.springframework.data.relational.core.mapping.Table.
2024-05-29T15:29:46.038-05:00  INFO 1432 --- [app_mantra] [           main] .RepositoryConfigurationExtensionSupport : Spring Data JDBC - Could not safely identify store assignment for repository candidate interface glamping.glamping.repositorios.InformacionRepositorio; If you want this repository to be a JDBC repository, consider annotating your entities with one of these annotations: org.springframework.data.relational.core.mapping.Table.
2024-05-29T15:29:46.040-05:00  INFO 1432 --- [app_mantra] [           main] .RepositoryConfigurationExtensionSupport : Spring Data JDBC - Could not safely identify store assignment for repository candidate interface glamping.glamping.repositorios.PasswordResetTokenRepository; If you want this repository to be a JDBC repository, consider annotating your entities with one of these annotations: org.springframework.data.relational.core.mapping.Table.
2024-05-29T15:29:46.042-05:00  INFO 1432 --- [app_mantra] [           main] .RepositoryConfigurationExtensionSupport : Spring Data JDBC - Could not safely identify store assignment for repository candidate interface glamping.glamping.repositorios.ReservaRepositorio; If you want this repository to be a JDBC repository, consider annotating your entities with one of these annotations: org.springframework.data.relational.core.mapping.Table.
2024-05-29T15:29:46.042-05:00  INFO 1432 --- [app_mantra] [           main] .RepositoryConfigurationExtensionSupport : Spring Data JDBC - Could not safely identify store assignment for repository candidate interface glamping.glamping.repositorios.RolesRepositorio; If you want this repository to be a JDBC repository, consider annotating your entities with one of these annotations: org.springframework.data.relational.core.mapping.Table.
2024-05-29T15:29:46.044-05:00  INFO 1432 --- [app_mantra] [           main] .RepositoryConfigurationExtensionSupport : Spring Data JDBC - Could not safely identify store assignment for repository candidate interface glamping.glamping.repositorios.UsuarioRepositorio; If you want this repository to be a JDBC repository, consider annotating your entities with one of these annotations: org.springframework.data.relational.core.mapping.Table.
2024-05-29T15:29:46.045-05:00  INFO 1432 --- [app_mantra] [           main] .s.d.r.c.RepositoryConfigurationDelegate : Finished Spring Data repository scanning in 44 ms. Found 0 JDBC repository interfaces.
2024-05-29T15:29:46.055-05:00  INFO 1432 --- [app_mantra] [           main] .s.d.r.c.RepositoryConfigurationDelegate : Multiple Spring Data modules found, entering strict repository configuration mode
2024-05-29T15:29:46.056-05:00  INFO 1432 --- [app_mantra] [           main] .s.d.r.c.RepositoryConfigurationDelegate : Bootstrapping Spring Data JPA repositories in DEFAULT mode.
2024-05-29T15:29:46.097-05:00  INFO 1432 --- [app_mantra] [           main] .s.d.r.c.RepositoryConfigurationDelegate : Finished Spring Data repository scanning in 37 ms. Found 7 JPA repository interfaces.
2024-05-29T15:29:46.533-05:00 DEBUG 1432 --- [app_mantra] [           main] ySourcesPropertyResolver$DefaultResolver : Found key 'DB_PASSWORD' in PropertySource 'systemEnvironment' with value of type String
2024-05-29T15:29:46.534-05:00 DEBUG 1432 --- [app_mantra] [           main] ySourcesPropertyResolver$DefaultResolver : Found key 'DB_NAME' in PropertySource 'systemEnvironment' with value of type String
2024-05-29T15:29:46.535-05:00 DEBUG 1432 --- [app_mantra] [           main] ySourcesPropertyResolver$DefaultResolver : Found key 'DB_USERNAME' in PropertySource 'systemEnvironment' with value of type String
2024-05-29T15:29:46.686-05:00 DEBUG 1432 --- [app_mantra] [           main] o.hibernate.jpa.internal.util.LogHelper  : PersistenceUnitInfo [
	name: default
	persistence provider classname: null
	classloader: jdk.internal.loader.ClassLoaders$AppClassLoader@70dea4e
	excludeUnlistedClasses: true
	JTA datasource: null
	Non JTA datasource: HikariDataSource (null)
	Transaction type: RESOURCE_LOCAL
	PU root URL: file:/C:/Users/laura/OneDrive/Documentos/NetBeansProjects/mantra.final/target/test-classes/
	Shared Cache Mode: UNSPECIFIED
	Validation Mode: AUTO
	Jar files URLs []
	Managed classes names [
		glamping.glamping.entidades.Cabania
		glamping.glamping.entidades.Imagen
		glamping.glamping.entidades.Informacion
		glamping.glamping.entidades.PasswordResetToken
		glamping.glamping.entidades.Reserva
		glamping.glamping.entidades.Roles
		glamping.glamping.entidades.Usuario]
	Mapping files names []
	Properties []
2024-05-29T15:29:46.697-05:00 DEBUG 1432 --- [app_mantra] [           main] o.h.i.internal.IntegratorServiceImpl     : Adding Integrator [org.hibernate.boot.beanvalidation.BeanValidationIntegrator].
2024-05-29T15:29:46.698-05:00 DEBUG 1432 --- [app_mantra] [           main] o.h.i.internal.IntegratorServiceImpl     : Adding Integrator [org.hibernate.cache.internal.CollectionCacheInvalidator].
2024-05-29T15:29:46.737-05:00  INFO 1432 --- [app_mantra] [           main] org.hibernate.Version                    : HHH000412: Hibernate ORM core version 6.4.1.Final
2024-05-29T15:29:46.739-05:00 DEBUG 1432 --- [app_mantra] [           main] org.hibernate.cfg.Environment            : HHH000206: 'hibernate.properties' not found
2024-05-29T15:29:46.759-05:00 DEBUG 1432 --- [app_mantra] [           main] org.hibernate.orm.idgen.factory          : Registering IdentifierGenerator strategy [uuid2] -> [org.hibernate.id.UUIDGenerator]
2024-05-29T15:29:46.759-05:00 DEBUG 1432 --- [app_mantra] [           main] org.hibernate.orm.idgen.factory          : Registering IdentifierGenerator strategy [guid] -> [org.hibernate.id.GUIDGenerator]
2024-05-29T15:29:46.760-05:00 DEBUG 1432 --- [app_mantra] [           main] org.hibernate.orm.idgen.factory          : Registering IdentifierGenerator strategy [uuid] -> [org.hibernate.id.UUIDHexGenerator]
2024-05-29T15:29:46.760-05:00 DEBUG 1432 --- [app_mantra] [           main] org.hibernate.orm.idgen.factory          : Registering IdentifierGenerator strategy [uuid.hex] -> [org.hibernate.id.UUIDHexGenerator]
2024-05-29T15:29:46.761-05:00 DEBUG 1432 --- [app_mantra] [           main] org.hibernate.orm.idgen.factory          : Registering IdentifierGenerator strategy [assigned] -> [org.hibernate.id.Assigned]
2024-05-29T15:29:46.762-05:00 DEBUG 1432 --- [app_mantra] [           main] org.hibernate.orm.idgen.factory          : Registering IdentifierGenerator strategy [identity] -> [org.hibernate.id.IdentityGenerator]
2024-05-29T15:29:46.762-05:00 DEBUG 1432 --- [app_mantra] [           main] org.hibernate.orm.idgen.factory          : Registering IdentifierGenerator strategy [select] -> [org.hibernate.id.SelectGenerator]
2024-05-29T15:29:46.763-05:00 DEBUG 1432 --- [app_mantra] [           main] org.hibernate.orm.idgen.factory          : Registering IdentifierGenerator strategy [sequence] -> [org.hibernate.id.enhanced.SequenceStyleGenerator]
2024-05-29T15:29:46.764-05:00 DEBUG 1432 --- [app_mantra] [           main] org.hibernate.orm.idgen.factory          : Registering IdentifierGenerator strategy [increment] -> [org.hibernate.id.IncrementGenerator]
2024-05-29T15:29:46.764-05:00 DEBUG 1432 --- [app_mantra] [           main] org.hibernate.orm.idgen.factory          : Registering IdentifierGenerator strategy [foreign] -> [org.hibernate.id.ForeignGenerator]
2024-05-29T15:29:46.764-05:00 DEBUG 1432 --- [app_mantra] [           main] org.hibernate.orm.idgen.factory          : Registering IdentifierGenerator strategy [enhanced-sequence] -> [org.hibernate.id.enhanced.SequenceStyleGenerator]
2024-05-29T15:29:46.767-05:00 DEBUG 1432 --- [app_mantra] [           main] org.hibernate.orm.idgen.factory          : Registering IdentifierGenerator strategy [enhanced-table] -> [org.hibernate.id.enhanced.TableGenerator]
2024-05-29T15:29:46.772-05:00 DEBUG 1432 --- [app_mantra] [           main] o.h.c.internal.RegionFactoryInitiator    : Cannot default RegionFactory based on registered strategies as `[]` RegionFactory strategies were registered
2024-05-29T15:29:46.773-05:00  INFO 1432 --- [app_mantra] [           main] o.h.c.internal.RegionFactoryInitiator    : HHH000026: Second-level cache disabled
2024-05-29T15:29:46.863-05:00 DEBUG 1432 --- [app_mantra] [           main] org.hibernate.type.BasicTypeRegistry     : Adding type registration boolean -> org.hibernate.type.BasicTypeReference@b1b471
2024-05-29T15:29:46.863-05:00 DEBUG 1432 --- [app_mantra] [           main] org.hibernate.type.BasicTypeRegistry     : Adding type registration boolean -> org.hibernate.type.BasicTypeReference@b1b471
2024-05-29T15:29:46.863-05:00 DEBUG 1432 --- [app_mantra] [           main] org.hibernate.type.BasicTypeRegistry     : Adding type registration java.lang.Boolean -> org.hibernate.type.BasicTypeReference@b1b471
2024-05-29T15:29:46.864-05:00 DEBUG 1432 --- [app_mantra] [           main] org.hibernate.type.BasicTypeRegistry     : Adding type registration numeric_boolean -> org.hibernate.type.BasicTypeReference@526f6427
2024-05-29T15:29:46.864-05:00 DEBUG 1432 --- [app_mantra] [           main] org.hibernate.type.BasicTypeRegistry     : Adding type registration org.hibernate.type.NumericBooleanConverter -> org.hibernate.type.BasicTypeReference@526f6427
2024-05-29T15:29:46.864-05:00 DEBUG 1432 --- [app_mantra] [           main] org.hibernate.type.BasicTypeRegistry     : Adding type registration true_false -> org.hibernate.type.BasicTypeReference@4f1afe8f
2024-05-29T15:29:46.864-05:00 DEBUG 1432 --- [app_mantra] [           main] org.hibernate.type.BasicTypeRegistry     : Adding type registration org.hibernate.type.TrueFalseConverter -> org.hibernate.type.BasicTypeReference@4f1afe8f
2024-05-29T15:29:46.864-05:00 DEBUG 1432 --- [app_mantra] [           main] org.hibernate.type.BasicTypeRegistry     : Adding type registration yes_no -> org.hibernate.type.BasicTypeReference@492521c4
2024-05-29T15:29:46.864-05:00 DEBUG 1432 --- [app_mantra] [           main] org.hibernate.type.BasicTypeRegistry     : Adding type registration org.hibernate.type.YesNoConverter -> org.hibernate.type.BasicTypeReference@492521c4
2024-05-29T15:29:46.864-05:00 DEBUG 1432 --- [app_mantra] [           main] org.hibernate.type.BasicTypeRegistry     : Adding type registration byte -> org.hibernate.type.BasicTypeReference@443a06ad
2024-05-29T15:29:46.864-05:00 DEBUG 1432 --- [app_mantra] [           main] org.hibernate.type.BasicTypeRegistry     : Adding type registration byte -> org.hibernate.type.BasicTypeReference@443a06ad
2024-05-29T15:29:46.864-05:00 DEBUG 1432 --- [app_mantra] [           main] org.hibernate.type.BasicTypeRegistry     : Adding type registration java.lang.Byte -> org.hibernate.type.BasicTypeReference@443a06ad
2024-05-29T15:29:46.865-05:00 DEBUG 1432 --- [app_mantra] [           main] org.hibernate.type.BasicTypeRegistry     : Adding type registration binary -> org.hibernate.type.BasicTypeReference@6ddd1c51
2024-05-29T15:29:46.865-05:00 DEBUG 1432 --- [app_mantra] [           main] org.hibernate.type.BasicTypeRegistry     : Adding type registration byte[] -> org.hibernate.type.BasicTypeReference@6ddd1c51
2024-05-29T15:29:46.865-05:00 DEBUG 1432 --- [app_mantra] [           main] org.hibernate.type.BasicTypeRegistry     : Adding type registration [B -> org.hibernate.type.BasicTypeReference@6ddd1c51
2024-05-29T15:29:46.865-05:00 DEBUG 1432 --- [app_mantra] [           main] org.hibernate.type.BasicTypeRegistry     : Adding type registration binary_wrapper -> org.hibernate.type.BasicTypeReference@752b69e3
2024-05-29T15:29:46.865-05:00 DEBUG 1432 --- [app_mantra] [           main] org.hibernate.type.BasicTypeRegistry     : Adding type registration wrapper-binary -> org.hibernate.type.BasicTypeReference@752b69e3
2024-05-29T15:29:46.865-05:00 DEBUG 1432 --- [app_mantra] [           main] org.hibernate.type.BasicTypeRegistry     : Adding type registration image -> org.hibernate.type.BasicTypeReference@15605d83
2024-05-29T15:29:46.865-05:00 DEBUG 1432 --- [app_mantra] [           main] org.hibernate.type.BasicTypeRegistry     : Adding type registration blob -> org.hibernate.type.BasicTypeReference@1fb2eec
2024-05-29T15:29:46.866-05:00 DEBUG 1432 --- [app_mantra] [           main] org.hibernate.type.BasicTypeRegistry     : Adding type registration java.sql.Blob -> org.hibernate.type.BasicTypeReference@1fb2eec
2024-05-29T15:29:46.866-05:00 DEBUG 1432 --- [app_mantra] [           main] org.hibernate.type.BasicTypeRegistry     : Adding type registration materialized_blob -> org.hibernate.type.BasicTypeReference@4c18516
2024-05-29T15:29:46.866-05:00 DEBUG 1432 --- [app_mantra] [           main] org.hibernate.type.BasicTypeRegistry     : Adding type registration materialized_blob_wrapper -> org.hibernate.type.BasicTypeReference@2a0b901c
2024-05-29T15:29:46.866-05:00 DEBUG 1432 --- [app_mantra] [           main] org.hibernate.type.BasicTypeRegistry     : Adding type registration short -> org.hibernate.type.BasicTypeReference@3d104c9b
2024-05-29T15:29:46.866-05:00 DEBUG 1432 --- [app_mantra] [           main] org.hibernate.type.BasicTypeRegistry     : Adding type registration short -> org.hibernate.type.BasicTypeReference@3d104c9b
2024-05-29T15:29:46.866-05:00 DEBUG 1432 --- [app_mantra] [           main] org.hibernate.type.BasicTypeRegistry     : Adding type registration java.lang.Short -> org.hibernate.type.BasicTypeReference@3d104c9b
2024-05-29T15:29:46.866-05:00 DEBUG 1432 --- [app_mantra] [           main] org.hibernate.type.BasicTypeRegistry     : Adding type registration integer -> org.hibernate.type.BasicTypeReference@6544899b
2024-05-29T15:29:46.866-05:00 DEBUG 1432 --- [app_mantra] [           main] org.hibernate.type.BasicTypeRegistry     : Adding type registration int -> org.hibernate.type.BasicTypeReference@6544899b
2024-05-29T15:29:46.866-05:00 DEBUG 1432 --- [app_mantra] [           main] org.hibernate.type.BasicTypeRegistry     : Adding type registration java.lang.Integer -> org.hibernate.type.BasicTypeReference@6544899b
2024-05-29T15:29:46.866-05:00 DEBUG 1432 --- [app_mantra] [           main] org.hibernate.type.BasicTypeRegistry     : Adding type registration long -> org.hibernate.type.BasicTypeReference@6da54910
2024-05-29T15:29:46.867-05:00 DEBUG 1432 --- [app_mantra] [           main] org.hibernate.type.BasicTypeRegistry     : Adding type registration long -> org.hibernate.type.BasicTypeReference@6da54910
2024-05-29T15:29:46.867-05:00 DEBUG 1432 --- [app_mantra] [           main] org.hibernate.type.BasicTypeRegistry     : Adding type registration java.lang.Long -> org.hibernate.type.BasicTypeReference@6da54910
2024-05-29T15:29:46.867-05:00 DEBUG 1432 --- [app_mantra] [           main] org.hibernate.type.BasicTypeRegistry     : Adding type registration float -> org.hibernate.type.BasicTypeReference@1bd8afc8
2024-05-29T15:29:46.867-05:00 DEBUG 1432 --- [app_mantra] [           main] org.hibernate.type.BasicTypeRegistry     : Adding type registration float -> org.hibernate.type.BasicTypeReference@1bd8afc8
2024-05-29T15:29:46.867-05:00 DEBUG 1432 --- [app_mantra] [           main] org.hibernate.type.BasicTypeRegistry     : Adding type registration java.lang.Float -> org.hibernate.type.BasicTypeReference@1bd8afc8
2024-05-29T15:29:46.867-05:00 DEBUG 1432 --- [app_mantra] [           main] org.hibernate.type.BasicTypeRegistry     : Adding type registration double -> org.hibernate.type.BasicTypeReference@24134cbc
2024-05-29T15:29:46.867-05:00 DEBUG 1432 --- [app_mantra] [           main] org.hibernate.type.BasicTypeRegistry     : Adding type registration double -> org.hibernate.type.BasicTypeReference@24134cbc
2024-05-29T15:29:46.867-05:00 DEBUG 1432 --- [app_mantra] [           main] org.hibernate.type.BasicTypeRegistry     : Adding type registration java.lang.Double -> org.hibernate.type.BasicTypeReference@24134cbc
2024-05-29T15:29:46.867-05:00 DEBUG 1432 --- [app_mantra] [           main] org.hibernate.type.BasicTypeRegistry     : Adding type registration big_integer -> org.hibernate.type.BasicTypeReference@65da01f4
2024-05-29T15:29:46.867-05:00 DEBUG 1432 --- [app_mantra] [           main] org.hibernate.type.BasicTypeRegistry     : Adding type registration java.math.BigInteger -> org.hibernate.type.BasicTypeReference@65da01f4
2024-05-29T15:29:46.867-05:00 DEBUG 1432 --- [app_mantra] [           main] org.hibernate.type.BasicTypeRegistry     : Adding type registration big_decimal -> org.hibernate.type.BasicTypeReference@22f02996
2024-05-29T15:29:46.868-05:00 DEBUG 1432 --- [app_mantra] [           main] org.hibernate.type.BasicTypeRegistry     : Adding type registration java.math.BigDecimal -> org.hibernate.type.BasicTypeReference@22f02996
2024-05-29T15:29:46.868-05:00 DEBUG 1432 --- [app_mantra] [           main] org.hibernate.type.BasicTypeRegistry     : Adding type registration character -> org.hibernate.type.BasicTypeReference@7c8874ef
2024-05-29T15:29:46.868-05:00 DEBUG 1432 --- [app_mantra] [           main] org.hibernate.type.BasicTypeRegistry     : Adding type registration char -> org.hibernate.type.BasicTypeReference@7c8874ef
2024-05-29T15:29:46.868-05:00 DEBUG 1432 --- [app_mantra] [           main] org.hibernate.type.BasicTypeRegistry     : Adding type registration java.lang.Character -> org.hibernate.type.BasicTypeReference@7c8874ef
2024-05-29T15:29:46.868-05:00 DEBUG 1432 --- [app_mantra] [           main] org.hibernate.type.BasicTypeRegistry     : Adding type registration character_nchar -> org.hibernate.type.BasicTypeReference@42c0a16e
2024-05-29T15:29:46.868-05:00 DEBUG 1432 --- [app_mantra] [           main] org.hibernate.type.BasicTypeRegistry     : Adding type registration string -> org.hibernate.type.BasicTypeReference@77a0dd63
2024-05-29T15:29:46.868-05:00 DEBUG 1432 --- [app_mantra] [           main] org.hibernate.type.BasicTypeRegistry     : Adding type registration java.lang.String -> org.hibernate.type.BasicTypeReference@77a0dd63
2024-05-29T15:29:46.868-05:00 DEBUG 1432 --- [app_mantra] [           main] org.hibernate.type.BasicTypeRegistry     : Adding type registration nstring -> org.hibernate.type.BasicTypeReference@543fe698
2024-05-29T15:29:46.868-05:00 DEBUG 1432 --- [app_mantra] [           main] org.hibernate.type.BasicTypeRegistry     : Adding type registration characters -> org.hibernate.type.BasicTypeReference@6b2fdffc
2024-05-29T15:29:46.868-05:00 DEBUG 1432 --- [app_mantra] [           main] org.hibernate.type.BasicTypeRegistry     : Adding type registration char[] -> org.hibernate.type.BasicTypeReference@6b2fdffc
2024-05-29T15:29:46.868-05:00 DEBUG 1432 --- [app_mantra] [           main] org.hibernate.type.BasicTypeRegistry     : Adding type registration [C -> org.hibernate.type.BasicTypeReference@6b2fdffc
2024-05-29T15:29:46.868-05:00 DEBUG 1432 --- [app_mantra] [           main] org.hibernate.type.BasicTypeRegistry     : Adding type registration wrapper-characters -> org.hibernate.type.BasicTypeReference@2ca3d826
2024-05-29T15:29:46.869-05:00 DEBUG 1432 --- [app_mantra] [           main] org.hibernate.type.BasicTypeRegistry     : Adding type registration text -> org.hibernate.type.BasicTypeReference@5d194314
2024-05-29T15:29:46.869-05:00 DEBUG 1432 --- [app_mantra] [           main] org.hibernate.type.BasicTypeRegistry     : Adding type registration ntext -> org.hibernate.type.BasicTypeReference@76396509
2024-05-29T15:29:46.869-05:00 DEBUG 1432 --- [app_mantra] [           main] org.hibernate.type.BasicTypeRegistry     : Adding type registration clob -> org.hibernate.type.BasicTypeReference@637c840d
2024-05-29T15:29:46.869-05:00 DEBUG 1432 --- [app_mantra] [           main] org.hibernate.type.BasicTypeRegistry     : Adding type registration java.sql.Clob -> org.hibernate.type.BasicTypeReference@637c840d
2024-05-29T15:29:46.869-05:00 DEBUG 1432 --- [app_mantra] [           main] org.hibernate.type.BasicTypeRegistry     : Adding type registration nclob -> org.hibernate.type.BasicTypeReference@51ac12ac
2024-05-29T15:29:46.869-05:00 DEBUG 1432 --- [app_mantra] [           main] org.hibernate.type.BasicTypeRegistry     : Adding type registration java.sql.NClob -> org.hibernate.type.BasicTypeReference@51ac12ac
2024-05-29T15:29:46.869-05:00 DEBUG 1432 --- [app_mantra] [           main] org.hibernate.type.BasicTypeRegistry     : Adding type registration materialized_clob -> org.hibernate.type.BasicTypeReference@463afa6e
2024-05-29T15:29:46.869-05:00 DEBUG 1432 --- [app_mantra] [           main] org.hibernate.type.BasicTypeRegistry     : Adding type registration materialized_clob_char_array -> org.hibernate.type.BasicTypeReference@7b96de8d
2024-05-29T15:29:46.869-05:00 DEBUG 1432 --- [app_mantra] [           main] org.hibernate.type.BasicTypeRegistry     : Adding type registration materialized_clob_character_array -> org.hibernate.type.BasicTypeReference@7ccd611e
2024-05-29T15:29:46.869-05:00 DEBUG 1432 --- [app_mantra] [           main] org.hibernate.type.BasicTypeRegistry     : Adding type registration materialized_nclob -> org.hibernate.type.BasicTypeReference@4dc52559
2024-05-29T15:29:46.869-05:00 DEBUG 1432 --- [app_mantra] [           main] org.hibernate.type.BasicTypeRegistry     : Adding type registration materialized_nclob_character_array -> org.hibernate.type.BasicTypeReference@5c3d4f05
2024-05-29T15:29:46.869-05:00 DEBUG 1432 --- [app_mantra] [           main] org.hibernate.type.BasicTypeRegistry     : Adding type registration materialized_nclob_char_array -> org.hibernate.type.BasicTypeReference@119290b9
2024-05-29T15:29:46.869-05:00 DEBUG 1432 --- [app_mantra] [           main] org.hibernate.type.BasicTypeRegistry     : Adding type registration Duration -> org.hibernate.type.BasicTypeReference@640d604
2024-05-29T15:29:46.870-05:00 DEBUG 1432 --- [app_mantra] [           main] org.hibernate.type.BasicTypeRegistry     : Adding type registration java.time.Duration -> org.hibernate.type.BasicTypeReference@640d604
2024-05-29T15:29:46.870-05:00 DEBUG 1432 --- [app_mantra] [           main] org.hibernate.type.BasicTypeRegistry     : Adding type registration LocalDateTime -> org.hibernate.type.BasicTypeReference@62cbc478
2024-05-29T15:29:46.870-05:00 DEBUG 1432 --- [app_mantra] [           main] org.hibernate.type.BasicTypeRegistry     : Adding type registration java.time.LocalDateTime -> org.hibernate.type.BasicTypeReference@62cbc478
2024-05-29T15:29:46.870-05:00 DEBUG 1432 --- [app_mantra] [           main] org.hibernate.type.BasicTypeRegistry     : Adding type registration LocalDate -> org.hibernate.type.BasicTypeReference@5438fa43
2024-05-29T15:29:46.870-05:00 DEBUG 1432 --- [app_mantra] [           main] org.hibernate.type.BasicTypeRegistry     : Adding type registration java.time.LocalDate -> org.hibernate.type.BasicTypeReference@5438fa43
2024-05-29T15:29:46.870-05:00 DEBUG 1432 --- [app_mantra] [           main] org.hibernate.type.BasicTypeRegistry     : Adding type registration LocalTime -> org.hibernate.type.BasicTypeReference@512abf25
2024-05-29T15:29:46.870-05:00 DEBUG 1432 --- [app_mantra] [           main] org.hibernate.type.BasicTypeRegistry     : Adding type registration java.time.LocalTime -> org.hibernate.type.BasicTypeReference@512abf25
2024-05-29T15:29:46.870-05:00 DEBUG 1432 --- [app_mantra] [           main] org.hibernate.type.BasicTypeRegistry     : Adding type registration OffsetDateTime -> org.hibernate.type.BasicTypeReference@515ab3f2
2024-05-29T15:29:46.870-05:00 DEBUG 1432 --- [app_mantra] [           main] org.hibernate.type.BasicTypeRegistry     : Adding type registration java.time.OffsetDateTime -> org.hibernate.type.BasicTypeReference@515ab3f2
2024-05-29T15:29:46.870-05:00 DEBUG 1432 --- [app_mantra] [           main] org.hibernate.type.BasicTypeRegistry     : Adding type registration OffsetDateTimeWithTimezone -> org.hibernate.type.BasicTypeReference@6d0e45a5
2024-05-29T15:29:46.870-05:00 DEBUG 1432 --- [app_mantra] [           main] org.hibernate.type.BasicTypeRegistry     : Adding type registration OffsetDateTimeWithoutTimezone -> org.hibernate.type.BasicTypeReference@7e7740a5
2024-05-29T15:29:46.870-05:00 DEBUG 1432 --- [app_mantra] [           main] org.hibernate.type.BasicTypeRegistry     : Adding type registration OffsetTime -> org.hibernate.type.BasicTypeReference@7aa01bd9
2024-05-29T15:29:46.871-05:00 DEBUG 1432 --- [app_mantra] [           main] org.hibernate.type.BasicTypeRegistry     : Adding type registration java.time.OffsetTime -> org.hibernate.type.BasicTypeReference@7aa01bd9
2024-05-29T15:29:46.871-05:00 DEBUG 1432 --- [app_mantra] [           main] org.hibernate.type.BasicTypeRegistry     : Adding type registration OffsetTimeUtc -> org.hibernate.type.BasicTypeReference@7e61e25c
2024-05-29T15:29:46.871-05:00 DEBUG 1432 --- [app_mantra] [           main] org.hibernate.type.BasicTypeRegistry     : Adding type registration OffsetTimeWithTimezone -> org.hibernate.type.BasicTypeReference@615db358
2024-05-29T15:29:46.871-05:00 DEBUG 1432 --- [app_mantra] [           main] org.hibernate.type.BasicTypeRegistry     : Adding type registration OffsetTimeWithoutTimezone -> org.hibernate.type.BasicTypeReference@256bb5be
2024-05-29T15:29:46.871-05:00 DEBUG 1432 --- [app_mantra] [           main] org.hibernate.type.BasicTypeRegistry     : Adding type registration ZonedDateTime -> org.hibernate.type.BasicTypeReference@5fef0c19
2024-05-29T15:29:46.871-05:00 DEBUG 1432 --- [app_mantra] [           main] org.hibernate.type.BasicTypeRegistry     : Adding type registration java.time.ZonedDateTime -> org.hibernate.type.BasicTypeReference@5fef0c19
2024-05-29T15:29:46.871-05:00 DEBUG 1432 --- [app_mantra] [           main] org.hibernate.type.BasicTypeRegistry     : Adding type registration ZonedDateTimeWithTimezone -> org.hibernate.type.BasicTypeReference@2e6d76ba
2024-05-29T15:29:46.871-05:00 DEBUG 1432 --- [app_mantra] [           main] org.hibernate.type.BasicTypeRegistry     : Adding type registration ZonedDateTimeWithoutTimezone -> org.hibernate.type.BasicTypeReference@22a6d75c
2024-05-29T15:29:46.871-05:00 DEBUG 1432 --- [app_mantra] [           main] org.hibernate.type.BasicTypeRegistry     : Adding type registration date -> org.hibernate.type.BasicTypeReference@5a9840f3
2024-05-29T15:29:46.871-05:00 DEBUG 1432 --- [app_mantra] [           main] org.hibernate.type.BasicTypeRegistry     : Adding type registration java.sql.Date -> org.hibernate.type.BasicTypeReference@5a9840f3
2024-05-29T15:29:46.871-05:00 DEBUG 1432 --- [app_mantra] [           main] org.hibernate.type.BasicTypeRegistry     : Adding type registration time -> org.hibernate.type.BasicTypeReference@7d30007d
2024-05-29T15:29:46.871-05:00 DEBUG 1432 --- [app_mantra] [           main] org.hibernate.type.BasicTypeRegistry     : Adding type registration java.sql.Time -> org.hibernate.type.BasicTypeReference@7d30007d
2024-05-29T15:29:46.871-05:00 DEBUG 1432 --- [app_mantra] [           main] org.hibernate.type.BasicTypeRegistry     : Adding type registration timestamp -> org.hibernate.type.BasicTypeReference@382d71c7
2024-05-29T15:29:46.872-05:00 DEBUG 1432 --- [app_mantra] [           main] org.hibernate.type.BasicTypeRegistry     : Adding type registration java.sql.Timestamp -> org.hibernate.type.BasicTypeReference@382d71c7
2024-05-29T15:29:46.872-05:00 DEBUG 1432 --- [app_mantra] [           main] org.hibernate.type.BasicTypeRegistry     : Adding type registration java.util.Date -> org.hibernate.type.BasicTypeReference@382d71c7
2024-05-29T15:29:46.872-05:00 DEBUG 1432 --- [app_mantra] [           main] org.hibernate.type.BasicTypeRegistry     : Adding type registration calendar -> org.hibernate.type.BasicTypeReference@2ca54da9
2024-05-29T15:29:46.872-05:00 DEBUG 1432 --- [app_mantra] [           main] org.hibernate.type.BasicTypeRegistry     : Adding type registration java.util.Calendar -> org.hibernate.type.BasicTypeReference@2ca54da9
2024-05-29T15:29:46.872-05:00 DEBUG 1432 --- [app_mantra] [           main] org.hibernate.type.BasicTypeRegistry     : Adding type registration java.util.GregorianCalendar -> org.hibernate.type.BasicTypeReference@2ca54da9
2024-05-29T15:29:46.872-05:00 DEBUG 1432 --- [app_mantra] [           main] org.hibernate.type.BasicTypeRegistry     : Adding type registration calendar_date -> org.hibernate.type.BasicTypeReference@34a20f16
2024-05-29T15:29:46.872-05:00 DEBUG 1432 --- [app_mantra] [           main] org.hibernate.type.BasicTypeRegistry     : Adding type registration calendar_time -> org.hibernate.type.BasicTypeReference@496cc217
2024-05-29T15:29:46.872-05:00 DEBUG 1432 --- [app_mantra] [           main] org.hibernate.type.BasicTypeRegistry     : Adding type registration instant -> org.hibernate.type.BasicTypeReference@1a1c21b4
2024-05-29T15:29:46.872-05:00 DEBUG 1432 --- [app_mantra] [           main] org.hibernate.type.BasicTypeRegistry     : Adding type registration java.time.Instant -> org.hibernate.type.BasicTypeReference@1a1c21b4
2024-05-29T15:29:46.872-05:00 DEBUG 1432 --- [app_mantra] [           main] org.hibernate.type.BasicTypeRegistry     : Adding type registration uuid -> org.hibernate.type.BasicTypeReference@1cd2ff5b
2024-05-29T15:29:46.873-05:00 DEBUG 1432 --- [app_mantra] [           main] org.hibernate.type.BasicTypeRegistry     : Adding type registration java.util.UUID -> org.hibernate.type.BasicTypeReference@1cd2ff5b
2024-05-29T15:29:46.873-05:00 DEBUG 1432 --- [app_mantra] [           main] org.hibernate.type.BasicTypeRegistry     : Adding type registration pg-uuid -> org.hibernate.type.BasicTypeReference@1cd2ff5b
2024-05-29T15:29:46.873-05:00 DEBUG 1432 --- [app_mantra] [           main] org.hibernate.type.BasicTypeRegistry     : Adding type registration uuid-binary -> org.hibernate.type.BasicTypeReference@38ac8968
2024-05-29T15:29:46.873-05:00 DEBUG 1432 --- [app_mantra] [           main] org.hibernate.type.BasicTypeRegistry     : Adding type registration uuid-char -> org.hibernate.type.BasicTypeReference@17ff8810
2024-05-29T15:29:46.873-05:00 DEBUG 1432 --- [app_mantra] [           main] org.hibernate.type.BasicTypeRegistry     : Adding type registration class -> org.hibernate.type.BasicTypeReference@6c951ada
2024-05-29T15:29:46.873-05:00 DEBUG 1432 --- [app_mantra] [           main] org.hibernate.type.BasicTypeRegistry     : Adding type registration java.lang.Class -> org.hibernate.type.BasicTypeReference@6c951ada
2024-05-29T15:29:46.873-05:00 DEBUG 1432 --- [app_mantra] [           main] org.hibernate.type.BasicTypeRegistry     : Adding type registration currency -> org.hibernate.type.BasicTypeReference@67b61834
2024-05-29T15:29:46.873-05:00 DEBUG 1432 --- [app_mantra] [           main] org.hibernate.type.BasicTypeRegistry     : Adding type registration Currency -> org.hibernate.type.BasicTypeReference@67b61834
2024-05-29T15:29:46.873-05:00 DEBUG 1432 --- [app_mantra] [           main] org.hibernate.type.BasicTypeRegistry     : Adding type registration java.util.Currency -> org.hibernate.type.BasicTypeReference@67b61834
2024-05-29T15:29:46.874-05:00 DEBUG 1432 --- [app_mantra] [           main] org.hibernate.type.BasicTypeRegistry     : Adding type registration locale -> org.hibernate.type.BasicTypeReference@50598a1a
2024-05-29T15:29:46.874-05:00 DEBUG 1432 --- [app_mantra] [           main] org.hibernate.type.BasicTypeRegistry     : Adding type registration java.util.Locale -> org.hibernate.type.BasicTypeReference@50598a1a
2024-05-29T15:29:46.874-05:00 DEBUG 1432 --- [app_mantra] [           main] org.hibernate.type.BasicTypeRegistry     : Adding type registration serializable -> org.hibernate.type.BasicTypeReference@14de1901
2024-05-29T15:29:46.874-05:00 DEBUG 1432 --- [app_mantra] [           main] org.hibernate.type.BasicTypeRegistry     : Adding type registration java.io.Serializable -> org.hibernate.type.BasicTypeReference@14de1901
2024-05-29T15:29:46.874-05:00 DEBUG 1432 --- [app_mantra] [           main] org.hibernate.type.BasicTypeRegistry     : Adding type registration timezone -> org.hibernate.type.BasicTypeReference@437ed416
2024-05-29T15:29:46.874-05:00 DEBUG 1432 --- [app_mantra] [           main] org.hibernate.type.BasicTypeRegistry     : Adding type registration java.util.TimeZone -> org.hibernate.type.BasicTypeReference@437ed416
2024-05-29T15:29:46.874-05:00 DEBUG 1432 --- [app_mantra] [           main] org.hibernate.type.BasicTypeRegistry     : Adding type registration ZoneOffset -> org.hibernate.type.BasicTypeReference@11f23038
2024-05-29T15:29:46.874-05:00 DEBUG 1432 --- [app_mantra] [           main] org.hibernate.type.BasicTypeRegistry     : Adding type registration java.time.ZoneOffset -> org.hibernate.type.BasicTypeReference@11f23038
2024-05-29T15:29:46.874-05:00 DEBUG 1432 --- [app_mantra] [           main] org.hibernate.type.BasicTypeRegistry     : Adding type registration url -> org.hibernate.type.BasicTypeReference@de77146
2024-05-29T15:29:46.874-05:00 DEBUG 1432 --- [app_mantra] [           main] org.hibernate.type.BasicTypeRegistry     : Adding type registration java.net.URL -> org.hibernate.type.BasicTypeReference@de77146
2024-05-29T15:29:46.874-05:00 DEBUG 1432 --- [app_mantra] [           main] org.hibernate.type.BasicTypeRegistry     : Adding type registration vector -> org.hibernate.type.BasicTypeReference@691567ea
2024-05-29T15:29:46.874-05:00 DEBUG 1432 --- [app_mantra] [           main] org.hibernate.type.BasicTypeRegistry     : Adding type registration row_version -> org.hibernate.type.BasicTypeReference@5cfed0ba
2024-05-29T15:29:46.878-05:00 DEBUG 1432 --- [app_mantra] [           main] org.hibernate.type.BasicTypeRegistry     : Adding type registration object -> org.hibernate.type.JavaObjectType@687389a6
2024-05-29T15:29:46.878-05:00 DEBUG 1432 --- [app_mantra] [           main] org.hibernate.type.BasicTypeRegistry     : Adding type registration java.lang.Object -> org.hibernate.type.JavaObjectType@687389a6
2024-05-29T15:29:46.880-05:00 DEBUG 1432 --- [app_mantra] [           main] org.hibernate.type.BasicTypeRegistry     : Adding type registration null -> org.hibernate.type.NullType@3e6ec74
2024-05-29T15:29:46.880-05:00 DEBUG 1432 --- [app_mantra] [           main] org.hibernate.type.BasicTypeRegistry     : Adding type registration imm_date -> org.hibernate.type.BasicTypeReference@2bd8f7db
2024-05-29T15:29:46.880-05:00 DEBUG 1432 --- [app_mantra] [           main] org.hibernate.type.BasicTypeRegistry     : Adding type registration imm_time -> org.hibernate.type.BasicTypeReference@6d7ad0f5
2024-05-29T15:29:46.880-05:00 DEBUG 1432 --- [app_mantra] [           main] org.hibernate.type.BasicTypeRegistry     : Adding type registration imm_timestamp -> org.hibernate.type.BasicTypeReference@30abf79c
2024-05-29T15:29:46.880-05:00 DEBUG 1432 --- [app_mantra] [           main] org.hibernate.type.BasicTypeRegistry     : Adding type registration imm_calendar -> org.hibernate.type.BasicTypeReference@49a38b1
2024-05-29T15:29:46.880-05:00 DEBUG 1432 --- [app_mantra] [           main] org.hibernate.type.BasicTypeRegistry     : Adding type registration imm_calendar_date -> org.hibernate.type.BasicTypeReference@681061d6
2024-05-29T15:29:46.880-05:00 DEBUG 1432 --- [app_mantra] [           main] org.hibernate.type.BasicTypeRegistry     : Adding type registration imm_calendar_time -> org.hibernate.type.BasicTypeReference@53d6e959
2024-05-29T15:29:46.880-05:00 DEBUG 1432 --- [app_mantra] [           main] org.hibernate.type.BasicTypeRegistry     : Adding type registration imm_binary -> org.hibernate.type.BasicTypeReference@3caee3a8
2024-05-29T15:29:46.880-05:00 DEBUG 1432 --- [app_mantra] [           main] org.hibernate.type.BasicTypeRegistry     : Adding type registration imm_serializable -> org.hibernate.type.BasicTypeReference@69a40b3c
2024-05-29T15:29:46.885-05:00 DEBUG 1432 --- [app_mantra] [           main] o.h.boot.internal.BootstrapContextImpl   : Injecting JPA temp ClassLoader [org.springframework.instrument.classloading.SimpleThrowawayClassLoader@2725ca05] into BootstrapContext; was [null]
2024-05-29T15:29:46.885-05:00 DEBUG 1432 --- [app_mantra] [           main] o.h.boot.internal.ClassLoaderAccessImpl  : ClassLoaderAccessImpl#injectTempClassLoader(org.springframework.instrument.classloading.SimpleThrowawayClassLoader@2725ca05) [was null]
2024-05-29T15:29:46.886-05:00 DEBUG 1432 --- [app_mantra] [           main] o.h.boot.internal.BootstrapContextImpl   : Injecting ScanEnvironment [org.hibernate.jpa.boot.internal.StandardJpaScanEnvironmentImpl@350323a0] into BootstrapContext; was [null]
2024-05-29T15:29:46.886-05:00 DEBUG 1432 --- [app_mantra] [           main] o.h.boot.internal.BootstrapContextImpl   : Injecting ScanOptions [org.hibernate.boot.archive.scan.internal.StandardScanOptions@2506b881] into BootstrapContext; was [org.hibernate.boot.archive.scan.internal.StandardScanOptions@5d7dd549]
2024-05-29T15:29:46.912-05:00 DEBUG 1432 --- [app_mantra] [           main] o.h.b.i.BytecodeProviderInitiator        : HHH000021: Bytecode provider: bytebuddy
2024-05-29T15:29:47.076-05:00  INFO 1432 --- [app_mantra] [           main] o.s.o.j.p.SpringPersistenceUnitInfo      : No LoadTimeWeaver setup: ignoring JPA class transformer
2024-05-29T15:29:47.077-05:00 DEBUG 1432 --- [app_mantra] [           main] o.h.boot.internal.BootstrapContextImpl   : Injecting JPA temp ClassLoader [null] into BootstrapContext; was [org.springframework.instrument.classloading.SimpleThrowawayClassLoader@2725ca05]
2024-05-29T15:29:47.077-05:00 DEBUG 1432 --- [app_mantra] [           main] o.h.boot.internal.ClassLoaderAccessImpl  : ClassLoaderAccessImpl#injectTempClassLoader(null) [was org.springframework.instrument.classloading.SimpleThrowawayClassLoader@2725ca05]
2024-05-29T15:29:47.110-05:00  INFO 1432 --- [app_mantra] [           main] com.zaxxer.hikari.HikariDataSource       : glamping - Starting...
2024-05-29T15:29:49.101-05:00  INFO 1432 --- [app_mantra] [           main] com.zaxxer.hikari.pool.HikariPool        : glamping - Added connection com.mysql.cj.jdbc.ConnectionImpl@318e3942
2024-05-29T15:29:49.103-05:00  INFO 1432 --- [app_mantra] [           main] com.zaxxer.hikari.HikariDataSource       : glamping - Start completed.
2024-05-29T15:29:49.107-05:00 DEBUG 1432 --- [app_mantra] [           main] o.h.e.j.e.i.JdbcEnvironmentInitiator     : Database ->
       name : MySQL
    version : 5.5.5-10.11.7-MariaDB-cll-lve
      major : 5
      minor : 5
2024-05-29T15:29:49.107-05:00 DEBUG 1432 --- [app_mantra] [           main] o.h.e.j.e.i.JdbcEnvironmentInitiator     : Driver ->
       name : MySQL Connector/J
    version : mysql-connector-j-8.1.0 (Revision: 7b6f9a337afe6ccb41823df485bf848ca7952b09)
      major : 8
      minor : 1
2024-05-29T15:29:49.107-05:00 DEBUG 1432 --- [app_mantra] [           main] o.h.e.j.e.i.JdbcEnvironmentInitiator     : JDBC version : 4.2
2024-05-29T15:29:49.302-05:00  WARN 1432 --- [app_mantra] [           main] org.hibernate.dialect.Dialect            : HHH000511: The 5.5.0 version for [org.hibernate.dialect.MySQLDialect] is no longer supported, hence certain features may not work properly. The minimum supported version is 8.0.0. Check the community dialects project for available legacy versions.
2024-05-29T15:29:49.306-05:00  WARN 1432 --- [app_mantra] [           main] org.hibernate.orm.deprecation            : HHH90000025: MySQLDialect does not need to be specified explicitly using 'hibernate.dialect' (remove the property setting and it will be selected by default)
2024-05-29T15:29:49.307-05:00 DEBUG 1432 --- [app_mantra] [           main] org.hibernate.orm.dialect                : HHH035001: Using dialect: org.hibernate.dialect.MySQLDialect, version: 5.5
2024-05-29T15:29:49.313-05:00 DEBUG 1432 --- [app_mantra] [           main] o.h.e.j.env.spi.IdentifierHelperBuilder  : JDBC driver metadata reported database stores quoted identifiers in more than one case
2024-05-29T15:29:49.314-05:00 DEBUG 1432 --- [app_mantra] [           main] o.h.e.j.env.spi.IdentifierHelperBuilder  : IdentifierCaseStrategy for both quoted and unquoted identifiers was set to the same strategy [MIXED]; that will likely lead to problems in schema update and validation if using quoted identifiers
2024-05-29T15:29:49.321-05:00 DEBUG 1432 --- [app_mantra] [           main] org.hibernate.orm.jdbc.lob               : HHH10010001: Disabling contextual LOB creation as hibernate.jdbc.lob.non_contextual_creation is true
2024-05-29T15:29:49.333-05:00 DEBUG 1432 --- [app_mantra] [           main] o.h.t.d.sql.spi.DdlTypeRegistry          : addDescriptor(12, org.hibernate.type.descriptor.sql.internal.CapacityDependentDdlType@4aeaff64) replaced previous registration(org.hibernate.type.descriptor.sql.internal.CapacityDependentDdlType@403f7aa2)
2024-05-29T15:29:49.334-05:00 DEBUG 1432 --- [app_mantra] [           main] o.h.t.d.sql.spi.DdlTypeRegistry          : addDescriptor(-9, org.hibernate.type.descriptor.sql.internal.CapacityDependentDdlType@545604a9) replaced previous registration(org.hibernate.type.descriptor.sql.internal.CapacityDependentDdlType@1029cf9)
2024-05-29T15:29:49.334-05:00 DEBUG 1432 --- [app_mantra] [           main] o.h.t.d.sql.spi.DdlTypeRegistry          : addDescriptor(-3, org.hibernate.type.descriptor.sql.internal.CapacityDependentDdlType@1c0e4262) replaced previous registration(org.hibernate.type.descriptor.sql.internal.CapacityDependentDdlType@27dfd12b)
2024-05-29T15:29:49.334-05:00 DEBUG 1432 --- [app_mantra] [           main] o.h.t.d.sql.spi.DdlTypeRegistry          : addDescriptor(4003, org.hibernate.type.descriptor.sql.internal.DdlTypeImpl@4348fa35) replaced previous registration(org.hibernate.type.descriptor.sql.internal.DdlTypeImpl@563843f1)
2024-05-29T15:29:49.334-05:00 DEBUG 1432 --- [app_mantra] [           main] o.h.t.d.sql.spi.DdlTypeRegistry          : addDescriptor(4001, org.hibernate.type.descriptor.sql.internal.DdlTypeImpl@38cb1606) replaced previous registration(org.hibernate.type.descriptor.sql.internal.DdlTypeImpl@61c4cebd)
2024-05-29T15:29:49.334-05:00 DEBUG 1432 --- [app_mantra] [           main] o.h.t.d.sql.spi.DdlTypeRegistry          : addDescriptor(4002, org.hibernate.type.descriptor.sql.internal.DdlTypeImpl@655909e2) replaced previous registration(org.hibernate.type.descriptor.sql.internal.DdlTypeImpl@716ae973)
2024-05-29T15:29:49.334-05:00 DEBUG 1432 --- [app_mantra] [           main] o.h.t.d.sql.spi.DdlTypeRegistry          : addDescriptor(2004, org.hibernate.type.descriptor.sql.internal.CapacityDependentDdlType@1171ba7e) replaced previous registration(org.hibernate.type.descriptor.sql.internal.DdlTypeImpl@56872fcb)
2024-05-29T15:29:49.334-05:00 DEBUG 1432 --- [app_mantra] [           main] o.h.t.d.sql.spi.DdlTypeRegistry          : addDescriptor(2005, org.hibernate.type.descriptor.sql.internal.CapacityDependentDdlType@7b3c2ae0) replaced previous registration(org.hibernate.type.descriptor.sql.internal.DdlTypeImpl@5d3b6585)
2024-05-29T15:29:49.334-05:00 DEBUG 1432 --- [app_mantra] [           main] o.h.t.d.sql.spi.DdlTypeRegistry          : addDescriptor(2011, org.hibernate.type.descriptor.sql.internal.CapacityDependentDdlType@41059616) replaced previous registration(org.hibernate.type.descriptor.sql.internal.DdlTypeImpl@2e93108a)
2024-05-29T15:29:49.336-05:00 DEBUG 1432 --- [app_mantra] [           main] o.h.t.d.jdbc.spi.JdbcTypeRegistry        : addDescriptor(NCharTypeDescriptor) replaced previous registration(CharTypeDescriptor)
2024-05-29T15:29:49.336-05:00 DEBUG 1432 --- [app_mantra] [           main] o.h.t.d.jdbc.spi.JdbcTypeRegistry        : addDescriptor(NVarcharTypeDescriptor) replaced previous registration(VarcharTypeDescriptor)
2024-05-29T15:29:49.337-05:00 DEBUG 1432 --- [app_mantra] [           main] o.h.t.d.jdbc.spi.JdbcTypeRegistry        : addDescriptor(LongNVarcharTypeDescriptor) replaced previous registration(LongVarcharTypeDescriptor)
2024-05-29T15:29:49.339-05:00 DEBUG 1432 --- [app_mantra] [           main] o.h.t.d.jdbc.spi.JdbcTypeRegistry        : addDescriptor(NClobTypeDescriptor(DEFAULT)) replaced previous registration(ClobTypeDescriptor(DEFAULT))
2024-05-29T15:29:49.339-05:00 DEBUG 1432 --- [app_mantra] [           main] o.h.t.d.jdbc.spi.JdbcTypeRegistry        : addDescriptor(2005, ClobTypeDescriptor(STREAM_BINDING)) replaced previous registration(ClobTypeDescriptor(DEFAULT))
2024-05-29T15:29:49.342-05:00 DEBUG 1432 --- [app_mantra] [           main] org.hibernate.type.BasicTypeRegistry     : Adding type registration null -> org.hibernate.type.NullType@68821f6
2024-05-29T15:29:49.342-05:00 DEBUG 1432 --- [app_mantra] [           main] org.hibernate.type.BasicTypeRegistry     : Type registration key [null] overrode previous entry : `org.hibernate.type.NullType@3e6ec74`
2024-05-29T15:29:49.346-05:00 DEBUG 1432 --- [app_mantra] [           main] org.hibernate.type.BasicTypeRegistry     : Adding type registration org.hibernate.type.DurationType -> basicType@1(java.time.Duration,2)
2024-05-29T15:29:49.346-05:00 DEBUG 1432 --- [app_mantra] [           main] org.hibernate.type.BasicTypeRegistry     : Adding type registration Duration -> basicType@1(java.time.Duration,2)
2024-05-29T15:29:49.346-05:00 DEBUG 1432 --- [app_mantra] [           main] org.hibernate.type.BasicTypeRegistry     : Adding type registration java.time.Duration -> basicType@1(java.time.Duration,2)
2024-05-29T15:29:49.349-05:00 DEBUG 1432 --- [app_mantra] [           main] org.hibernate.type.BasicTypeRegistry     : Adding type registration org.hibernate.type.OffsetDateTimeType -> basicType@2(java.time.OffsetDateTime,3003)
2024-05-29T15:29:49.350-05:00 DEBUG 1432 --- [app_mantra] [           main] org.hibernate.type.BasicTypeRegistry     : Adding type registration OffsetDateTime -> basicType@2(java.time.OffsetDateTime,3003)
2024-05-29T15:29:49.350-05:00 DEBUG 1432 --- [app_mantra] [           main] org.hibernate.type.BasicTypeRegistry     : Adding type registration java.time.OffsetDateTime -> basicType@2(java.time.OffsetDateTime,3003)
2024-05-29T15:29:49.350-05:00 DEBUG 1432 --- [app_mantra] [           main] org.hibernate.type.BasicTypeRegistry     : Adding type registration org.hibernate.type.ZonedDateTimeType -> basicType@3(java.time.ZonedDateTime,3003)
2024-05-29T15:29:49.350-05:00 DEBUG 1432 --- [app_mantra] [           main] org.hibernate.type.BasicTypeRegistry     : Adding type registration ZonedDateTime -> basicType@3(java.time.ZonedDateTime,3003)
2024-05-29T15:29:49.350-05:00 DEBUG 1432 --- [app_mantra] [           main] org.hibernate.type.BasicTypeRegistry     : Adding type registration java.time.ZonedDateTime -> basicType@3(java.time.ZonedDateTime,3003)
2024-05-29T15:29:49.351-05:00 DEBUG 1432 --- [app_mantra] [           main] org.hibernate.type.BasicTypeRegistry     : Adding type registration org.hibernate.type.OffsetTimeType -> basicType@4(java.time.OffsetTime,3007)
2024-05-29T15:29:49.351-05:00 DEBUG 1432 --- [app_mantra] [           main] org.hibernate.type.BasicTypeRegistry     : Adding type registration OffsetTime -> basicType@4(java.time.OffsetTime,3007)
2024-05-29T15:29:49.351-05:00 DEBUG 1432 --- [app_mantra] [           main] org.hibernate.type.BasicTypeRegistry     : Adding type registration java.time.OffsetTime -> basicType@4(java.time.OffsetTime,3007)
2024-05-29T15:29:49.353-05:00 DEBUG 1432 --- [app_mantra] [           main] o.h.type.spi.TypeConfiguration$Scope     : Scoping TypeConfiguration [org.hibernate.type.spi.TypeConfiguration@11f3400c] to MetadataBuildingContext [org.hibernate.boot.internal.MetadataBuildingContextRootImpl@628b503a]
2024-05-29T15:29:49.393-05:00 DEBUG 1432 --- [app_mantra] [           main] o.h.boot.model.relational.Namespace      : Created database namespace [logicalName=Name{catalog=null, schema=null}, physicalName=Name{catalog=null, schema=null}]
2024-05-29T15:29:49.413-05:00 DEBUG 1432 --- [app_mantra] [           main] o.h.boot.model.internal.EntityBinder     : Binding entity from annotated class: glamping.glamping.entidades.Cabania
2024-05-29T15:29:49.420-05:00 DEBUG 1432 --- [app_mantra] [           main] o.h.boot.model.internal.EntityBinder     : Import with entity name Cabania
2024-05-29T15:29:49.426-05:00 DEBUG 1432 --- [app_mantra] [           main] o.h.boot.model.internal.EntityBinder     : Bind entity glamping.glamping.entidades.Cabania on table cabania
2024-05-29T15:29:49.434-05:00 DEBUG 1432 --- [app_mantra] [           main] o.h.boot.model.internal.AnnotatedColumn  : Binding column: AnnotatedDiscriminatorColumn(column='DTYPE')
2024-05-29T15:29:49.450-05:00 DEBUG 1432 --- [app_mantra] [           main] o.h.boot.model.internal.AnnotatedColumn  : Binding column: AnnotatedColumn(column='Cabania_id')
2024-05-29T15:29:49.452-05:00 DEBUG 1432 --- [app_mantra] [           main] o.h.boot.internal.ClassLoaderAccessImpl  : Not known whether passed class name [glamping.glamping.entidades.Cabania] is safe
2024-05-29T15:29:49.452-05:00 DEBUG 1432 --- [app_mantra] [           main] o.h.boot.internal.ClassLoaderAccessImpl  : No temp ClassLoader provided; using live ClassLoader for loading potentially unsafe class : glamping.glamping.entidades.Cabania
2024-05-29T15:29:49.455-05:00 DEBUG 1432 --- [app_mantra] [           main] o.h.boot.model.internal.PropertyBinder   : MetadataSourceProcessor property id with lazy=false
2024-05-29T15:29:49.459-05:00 DEBUG 1432 --- [app_mantra] [           main] o.h.b.m.internal.AbstractPropertyHolder  : Attempting to locate auto-apply AttributeConverter for property [glamping.glamping.entidades.Cabania:id]
2024-05-29T15:29:49.463-05:00 DEBUG 1432 --- [app_mantra] [           main] o.h.b.model.internal.BasicValueBinder    : building BasicValue for id
2024-05-29T15:29:49.467-05:00 DEBUG 1432 --- [app_mantra] [           main] org.hibernate.mapping.BasicValue         : Skipping column re-registration: cabania.cabania_id
2024-05-29T15:29:49.467-05:00 DEBUG 1432 --- [app_mantra] [           main] o.h.boot.model.internal.PropertyBinder   : Building property id
2024-05-29T15:29:49.471-05:00 DEBUG 1432 --- [app_mantra] [           main] o.h.boot.model.internal.BinderHelper     : #makeIdGenerator(BasicValue([Column(cabania_id)]), id, org.hibernate.id.enhanced.SequenceStyleGenerator, , ...)
2024-05-29T15:29:49.473-05:00 DEBUG 1432 --- [app_mantra] [           main] o.h.boot.model.internal.AnnotatedColumn  : Binding column: AnnotatedColumn()
2024-05-29T15:29:49.474-05:00 DEBUG 1432 --- [app_mantra] [           main] o.h.boot.model.internal.PropertyBinder   : MetadataSourceProcessor property capacidad with lazy=false
2024-05-29T15:29:49.474-05:00 DEBUG 1432 --- [app_mantra] [           main] o.h.b.m.internal.AbstractPropertyHolder  : Attempting to locate auto-apply AttributeConverter for property [glamping.glamping.entidades.Cabania:capacidad]
2024-05-29T15:29:49.475-05:00 DEBUG 1432 --- [app_mantra] [           main] o.h.b.model.internal.BasicValueBinder    : building BasicValue for capacidad
2024-05-29T15:29:49.475-05:00 DEBUG 1432 --- [app_mantra] [           main] org.hibernate.mapping.BasicValue         : Skipping column re-registration: cabania.capacidad
2024-05-29T15:29:49.475-05:00 DEBUG 1432 --- [app_mantra] [           main] o.h.boot.model.internal.PropertyBinder   : Building property capacidad
2024-05-29T15:29:49.476-05:00 DEBUG 1432 --- [app_mantra] [           main] o.h.boot.model.internal.AnnotatedColumn  : Binding column: AnnotatedColumn()
2024-05-29T15:29:49.476-05:00 DEBUG 1432 --- [app_mantra] [           main] o.h.boot.model.internal.PropertyBinder   : MetadataSourceProcessor property descripcion with lazy=false
2024-05-29T15:29:49.476-05:00 DEBUG 1432 --- [app_mantra] [           main] o.h.b.m.internal.AbstractPropertyHolder  : Attempting to locate auto-apply AttributeConverter for property [glamping.glamping.entidades.Cabania:descripcion]
2024-05-29T15:29:49.476-05:00 DEBUG 1432 --- [app_mantra] [           main] o.h.b.model.internal.BasicValueBinder    : building BasicValue for descripcion
2024-05-29T15:29:49.476-05:00 DEBUG 1432 --- [app_mantra] [           main] org.hibernate.mapping.BasicValue         : Skipping column re-registration: cabania.descripcion
2024-05-29T15:29:49.476-05:00 DEBUG 1432 --- [app_mantra] [           main] o.h.boot.model.internal.PropertyBinder   : Building property descripcion
2024-05-29T15:29:49.477-05:00 DEBUG 1432 --- [app_mantra] [           main] o.h.boot.model.internal.AnnotatedColumn  : Binding column: AnnotatedColumn()
2024-05-29T15:29:49.477-05:00 DEBUG 1432 --- [app_mantra] [           main] o.h.boot.model.internal.PropertyBinder   : MetadataSourceProcessor property estado with lazy=false
2024-05-29T15:29:49.477-05:00 DEBUG 1432 --- [app_mantra] [           main] o.h.b.m.internal.AbstractPropertyHolder  : Attempting to locate auto-apply AttributeConverter for property [glamping.glamping.entidades.Cabania:estado]
2024-05-29T15:29:49.477-05:00 DEBUG 1432 --- [app_mantra] [           main] o.h.b.model.internal.BasicValueBinder    : building BasicValue for estado
2024-05-29T15:29:49.477-05:00 DEBUG 1432 --- [app_mantra] [           main] org.hibernate.mapping.BasicValue         : Skipping column re-registration: cabania.estado
2024-05-29T15:29:49.477-05:00 DEBUG 1432 --- [app_mantra] [           main] o.h.boot.model.internal.PropertyBinder   : Building property estado
2024-05-29T15:29:49.477-05:00 DEBUG 1432 --- [app_mantra] [           main] o.h.boot.model.internal.AnnotatedColumn  : Binding column: AnnotatedColumn(column='imagen_id')
2024-05-29T15:29:49.492-05:00 DEBUG 1432 --- [app_mantra] [           main] o.h.boot.model.internal.AnnotatedColumn  : Binding column: IndexColumn(column='imagen_ORDER')
2024-05-29T15:29:49.495-05:00 DEBUG 1432 --- [app_mantra] [           main] o.h.boot.model.internal.AnnotatedColumn  : Binding column: AnnotatedColumn(column='imagen_id')
2024-05-29T15:29:49.496-05:00 DEBUG 1432 --- [app_mantra] [           main] o.h.boot.model.internal.AnnotatedColumn  : Binding column: AnnotatedColumn(column='imagen_KEY')
2024-05-29T15:29:49.497-05:00 DEBUG 1432 --- [app_mantra] [           main] o.h.boot.model.internal.AnnotatedColumn  : Binding column: AnnotatedJoinColumn(column='imagen_KEY')
2024-05-29T15:29:49.498-05:00 DEBUG 1432 --- [app_mantra] [           main] o.h.boot.model.internal.AnnotatedColumn  : Binding column: AnnotatedJoinColumn()
2024-05-29T15:29:49.498-05:00 DEBUG 1432 --- [app_mantra] [           main] o.h.boot.model.internal.AnnotatedColumn  : Binding column: AnnotatedJoinColumn()
2024-05-29T15:29:49.501-05:00 DEBUG 1432 --- [app_mantra] [           main] o.h.b.model.internal.CollectionBinder    : Collection role: glamping.glamping.entidades.Cabania.imagen
2024-05-29T15:29:49.504-05:00 DEBUG 1432 --- [app_mantra] [           main] o.h.boot.model.internal.PropertyBinder   : Building property imagen
2024-05-29T15:29:49.504-05:00 DEBUG 1432 --- [app_mantra] [           main] o.h.boot.model.internal.AnnotatedColumn  : Binding column: AnnotatedColumn()
2024-05-29T15:29:49.504-05:00 DEBUG 1432 --- [app_mantra] [           main] o.h.boot.model.internal.PropertyBinder   : MetadataSourceProcessor property nombre with lazy=false
2024-05-29T15:29:49.504-05:00 DEBUG 1432 --- [app_mantra] [           main] o.h.b.m.internal.AbstractPropertyHolder  : Attempting to locate auto-apply AttributeConverter for property [glamping.glamping.entidades.Cabania:nombre]
2024-05-29T15:29:49.504-05:00 DEBUG 1432 --- [app_mantra] [           main] o.h.b.model.internal.BasicValueBinder    : building BasicValue for nombre
2024-05-29T15:29:49.504-05:00 DEBUG 1432 --- [app_mantra] [           main] org.hibernate.mapping.BasicValue         : Skipping column re-registration: cabania.nombre
2024-05-29T15:29:49.505-05:00 DEBUG 1432 --- [app_mantra] [           main] o.h.boot.model.internal.PropertyBinder   : Building property nombre
2024-05-29T15:29:49.505-05:00 DEBUG 1432 --- [app_mantra] [           main] o.h.boot.model.internal.AnnotatedColumn  : Binding column: AnnotatedColumn(column='reserva_id')
2024-05-29T15:29:49.505-05:00 DEBUG 1432 --- [app_mantra] [           main] o.h.boot.model.internal.AnnotatedColumn  : Binding column: IndexColumn(column='reserva_ORDER')
2024-05-29T15:29:49.505-05:00 DEBUG 1432 --- [app_mantra] [           main] o.h.boot.model.internal.AnnotatedColumn  : Binding column: AnnotatedColumn(column='reserva_id')
2024-05-29T15:29:49.506-05:00 DEBUG 1432 --- [app_mantra] [           main] o.h.boot.model.internal.AnnotatedColumn  : Binding column: AnnotatedColumn(column='reserva_KEY')
2024-05-29T15:29:49.506-05:00 DEBUG 1432 --- [app_mantra] [           main] o.h.boot.model.internal.AnnotatedColumn  : Binding column: AnnotatedJoinColumn(column='reserva_KEY')
2024-05-29T15:29:49.506-05:00 DEBUG 1432 --- [app_mantra] [           main] o.h.boot.model.internal.AnnotatedColumn  : Binding column: AnnotatedJoinColumn()
2024-05-29T15:29:49.506-05:00 DEBUG 1432 --- [app_mantra] [           main] o.h.boot.model.internal.AnnotatedColumn  : Binding column: AnnotatedJoinColumn()
2024-05-29T15:29:49.506-05:00 DEBUG 1432 --- [app_mantra] [           main] o.h.b.model.internal.CollectionBinder    : Collection role: glamping.glamping.entidades.Cabania.reserva
2024-05-29T15:29:49.506-05:00 DEBUG 1432 --- [app_mantra] [           main] o.h.boot.model.internal.PropertyBinder   : Building property reserva
2024-05-29T15:29:49.508-05:00 DEBUG 1432 --- [app_mantra] [           main] o.h.b.r.c.i.ClassLoaderServiceImpl       : HHH000194: Package not found or wo package-info.java: glamping.glamping.entidades
2024-05-29T15:29:49.513-05:00 DEBUG 1432 --- [app_mantra] [           main] o.h.boot.model.internal.EntityBinder     : Binding entity from annotated class: glamping.glamping.entidades.Imagen
2024-05-29T15:29:49.514-05:00 DEBUG 1432 --- [app_mantra] [           main] o.h.boot.model.internal.EntityBinder     : Import with entity name Imagen
2024-05-29T15:29:49.514-05:00 DEBUG 1432 --- [app_mantra] [           main] o.h.boot.model.internal.EntityBinder     : Bind entity glamping.glamping.entidades.Imagen on table imagenes
2024-05-29T15:29:49.515-05:00 DEBUG 1432 --- [app_mantra] [           main] o.h.boot.model.internal.AnnotatedColumn  : Binding column: AnnotatedDiscriminatorColumn(column='DTYPE')
2024-05-29T15:29:49.520-05:00 DEBUG 1432 --- [app_mantra] [           main] o.h.boot.model.internal.AnnotatedColumn  : Binding column: AnnotatedColumn(column='imagen_id')
2024-05-29T15:29:49.520-05:00 DEBUG 1432 --- [app_mantra] [           main] o.h.boot.internal.ClassLoaderAccessImpl  : Not known whether passed class name [glamping.glamping.entidades.Imagen] is safe
2024-05-29T15:29:49.520-05:00 DEBUG 1432 --- [app_mantra] [           main] o.h.boot.internal.ClassLoaderAccessImpl  : No temp ClassLoader provided; using live ClassLoader for loading potentially unsafe class : glamping.glamping.entidades.Imagen
2024-05-29T15:29:49.520-05:00 DEBUG 1432 --- [app_mantra] [           main] o.h.boot.model.internal.PropertyBinder   : MetadataSourceProcessor property id with lazy=false
2024-05-29T15:29:49.520-05:00 DEBUG 1432 --- [app_mantra] [           main] o.h.b.m.internal.AbstractPropertyHolder  : Attempting to locate auto-apply AttributeConverter for property [glamping.glamping.entidades.Imagen:id]
2024-05-29T15:29:49.520-05:00 DEBUG 1432 --- [app_mantra] [           main] o.h.b.model.internal.BasicValueBinder    : building BasicValue for id
2024-05-29T15:29:49.521-05:00 DEBUG 1432 --- [app_mantra] [           main] org.hibernate.mapping.BasicValue         : Skipping column re-registration: imagenes.imagen_id
2024-05-29T15:29:49.521-05:00 DEBUG 1432 --- [app_mantra] [           main] o.h.boot.model.internal.PropertyBinder   : Building property id
2024-05-29T15:29:49.521-05:00 DEBUG 1432 --- [app_mantra] [           main] o.h.boot.model.internal.BinderHelper     : #makeIdGenerator(BasicValue([Column(imagen_id)]), id, org.hibernate.id.enhanced.SequenceStyleGenerator, , ...)
2024-05-29T15:29:49.522-05:00 DEBUG 1432 --- [app_mantra] [           main] o.h.boot.model.internal.AnnotatedColumn  : Binding column: AnnotatedJoinColumn(column='Cabania_id')
2024-05-29T15:29:49.522-05:00 DEBUG 1432 --- [app_mantra] [           main] o.h.boot.model.internal.AnnotatedColumn  : Binding column: AnnotatedColumn()
2024-05-29T15:29:49.526-05:00 DEBUG 1432 --- [app_mantra] [           main] o.h.boot.model.internal.PropertyBinder   : Building property cabania
2024-05-29T15:29:49.526-05:00 DEBUG 1432 --- [app_mantra] [           main] o.h.boot.model.internal.AnnotatedColumn  : Binding column: AnnotatedColumn()
2024-05-29T15:29:49.526-05:00 DEBUG 1432 --- [app_mantra] [           main] o.h.boot.model.internal.PropertyBinder   : MetadataSourceProcessor property fileName with lazy=false
2024-05-29T15:29:49.526-05:00 DEBUG 1432 --- [app_mantra] [           main] o.h.b.m.internal.AbstractPropertyHolder  : Attempting to locate auto-apply AttributeConverter for property [glamping.glamping.entidades.Imagen:fileName]
2024-05-29T15:29:49.526-05:00 DEBUG 1432 --- [app_mantra] [           main] o.h.b.model.internal.BasicValueBinder    : building BasicValue for fileName
2024-05-29T15:29:49.526-05:00 DEBUG 1432 --- [app_mantra] [           main] org.hibernate.mapping.BasicValue         : Skipping column re-registration: imagenes.file_name
2024-05-29T15:29:49.526-05:00 DEBUG 1432 --- [app_mantra] [           main] o.h.boot.model.internal.PropertyBinder   : Building property fileName
2024-05-29T15:29:49.527-05:00 DEBUG 1432 --- [app_mantra] [           main] o.h.boot.model.internal.AnnotatedColumn  : Binding column: AnnotatedColumn()
2024-05-29T15:29:49.527-05:00 DEBUG 1432 --- [app_mantra] [           main] o.h.boot.model.internal.PropertyBinder   : MetadataSourceProcessor property fileType with lazy=false
2024-05-29T15:29:49.527-05:00 DEBUG 1432 --- [app_mantra] [           main] o.h.b.m.internal.AbstractPropertyHolder  : Attempting to locate auto-apply AttributeConverter for property [glamping.glamping.entidades.Imagen:fileType]
2024-05-29T15:29:49.527-05:00 DEBUG 1432 --- [app_mantra] [           main] o.h.b.model.internal.BasicValueBinder    : building BasicValue for fileType
2024-05-29T15:29:49.527-05:00 DEBUG 1432 --- [app_mantra] [           main] org.hibernate.mapping.BasicValue         : Skipping column re-registration: imagenes.file_type
2024-05-29T15:29:49.527-05:00 DEBUG 1432 --- [app_mantra] [           main] o.h.boot.model.internal.PropertyBinder   : Building property fileType
2024-05-29T15:29:49.527-05:00 DEBUG 1432 --- [app_mantra] [           main] o.h.boot.model.internal.AnnotatedColumn  : Binding column: AnnotatedJoinColumn(column='Informacion_id')
2024-05-29T15:29:49.528-05:00 DEBUG 1432 --- [app_mantra] [           main] o.h.boot.model.internal.AnnotatedColumn  : Binding column: AnnotatedColumn()
2024-05-29T15:29:49.528-05:00 DEBUG 1432 --- [app_mantra] [           main] o.h.boot.model.internal.PropertyBinder   : Building property info
2024-05-29T15:29:49.528-05:00 DEBUG 1432 --- [app_mantra] [           main] o.h.boot.model.internal.AnnotatedColumn  : Binding column: AnnotatedColumn()
2024-05-29T15:29:49.528-05:00 DEBUG 1432 --- [app_mantra] [           main] o.h.boot.model.internal.PropertyBinder   : MetadataSourceProcessor property ruta with lazy=false
2024-05-29T15:29:49.528-05:00 DEBUG 1432 --- [app_mantra] [           main] o.h.b.m.internal.AbstractPropertyHolder  : Attempting to locate auto-apply AttributeConverter for property [glamping.glamping.entidades.Imagen:ruta]
2024-05-29T15:29:49.528-05:00 DEBUG 1432 --- [app_mantra] [           main] o.h.b.model.internal.BasicValueBinder    : building BasicValue for ruta
2024-05-29T15:29:49.528-05:00 DEBUG 1432 --- [app_mantra] [           main] org.hibernate.mapping.BasicValue         : Skipping column re-registration: imagenes.ruta
2024-05-29T15:29:49.529-05:00 DEBUG 1432 --- [app_mantra] [           main] o.h.boot.model.internal.PropertyBinder   : Building property ruta
2024-05-29T15:29:49.529-05:00 DEBUG 1432 --- [app_mantra] [           main] o.h.boot.model.internal.AnnotatedColumn  : Binding column: AnnotatedColumn()
2024-05-29T15:29:49.529-05:00 DEBUG 1432 --- [app_mantra] [           main] o.h.boot.model.internal.PropertyBinder   : MetadataSourceProcessor property tamano with lazy=false
2024-05-29T15:29:49.529-05:00 DEBUG 1432 --- [app_mantra] [           main] o.h.b.m.internal.AbstractPropertyHolder  : Attempting to locate auto-apply AttributeConverter for property [glamping.glamping.entidades.Imagen:tamano]
2024-05-29T15:29:49.529-05:00 DEBUG 1432 --- [app_mantra] [           main] o.h.b.model.internal.BasicValueBinder    : building BasicValue for tamano
2024-05-29T15:29:49.529-05:00 DEBUG 1432 --- [app_mantra] [           main] org.hibernate.mapping.BasicValue         : Skipping column re-registration: imagenes.tamano
2024-05-29T15:29:49.529-05:00 DEBUG 1432 --- [app_mantra] [           main] o.h.boot.model.internal.PropertyBinder   : Building property tamano
2024-05-29T15:29:49.530-05:00 DEBUG 1432 --- [app_mantra] [           main] o.h.b.r.c.i.ClassLoaderServiceImpl       : HHH000194: Package not found or wo package-info.java: glamping.glamping.entidades
2024-05-29T15:29:49.531-05:00 DEBUG 1432 --- [app_mantra] [           main] o.h.boot.model.internal.EntityBinder     : Binding entity from annotated class: glamping.glamping.entidades.Informacion
2024-05-29T15:29:49.531-05:00 DEBUG 1432 --- [app_mantra] [           main] o.h.boot.model.internal.EntityBinder     : Import with entity name Informacion
2024-05-29T15:29:49.531-05:00 DEBUG 1432 --- [app_mantra] [           main] o.h.boot.model.internal.EntityBinder     : Bind entity glamping.glamping.entidades.Informacion on table informacion
2024-05-29T15:29:49.532-05:00 DEBUG 1432 --- [app_mantra] [           main] o.h.boot.model.internal.AnnotatedColumn  : Binding column: AnnotatedDiscriminatorColumn(column='DTYPE')
2024-05-29T15:29:49.533-05:00 DEBUG 1432 --- [app_mantra] [           main] o.h.boot.model.internal.AnnotatedColumn  : Binding column: AnnotatedColumn()
2024-05-29T15:29:49.533-05:00 DEBUG 1432 --- [app_mantra] [           main] o.h.boot.internal.ClassLoaderAccessImpl  : Not known whether passed class name [glamping.glamping.entidades.Informacion] is safe
2024-05-29T15:29:49.533-05:00 DEBUG 1432 --- [app_mantra] [           main] o.h.boot.internal.ClassLoaderAccessImpl  : No temp ClassLoader provided; using live ClassLoader for loading potentially unsafe class : glamping.glamping.entidades.Informacion
2024-05-29T15:29:49.533-05:00 DEBUG 1432 --- [app_mantra] [           main] o.h.boot.model.internal.PropertyBinder   : MetadataSourceProcessor property id with lazy=false
2024-05-29T15:29:49.533-05:00 DEBUG 1432 --- [app_mantra] [           main] o.h.b.m.internal.AbstractPropertyHolder  : Attempting to locate auto-apply AttributeConverter for property [glamping.glamping.entidades.Informacion:id]
2024-05-29T15:29:49.534-05:00 DEBUG 1432 --- [app_mantra] [           main] o.h.b.model.internal.BasicValueBinder    : building BasicValue for id
2024-05-29T15:29:49.534-05:00 DEBUG 1432 --- [app_mantra] [           main] org.hibernate.mapping.BasicValue         : Skipping column re-registration: informacion.id
2024-05-29T15:29:49.534-05:00 DEBUG 1432 --- [app_mantra] [           main] o.h.boot.model.internal.PropertyBinder   : Building property id
2024-05-29T15:29:49.534-05:00 DEBUG 1432 --- [app_mantra] [           main] o.h.boot.model.internal.BinderHelper     : #makeIdGenerator(BasicValue([Column(id)]), id, org.hibernate.id.enhanced.SequenceStyleGenerator, , ...)
2024-05-29T15:29:49.534-05:00 DEBUG 1432 --- [app_mantra] [           main] o.h.boot.model.internal.AnnotatedColumn  : Binding column: AnnotatedColumn()
2024-05-29T15:29:49.534-05:00 DEBUG 1432 --- [app_mantra] [           main] o.h.boot.model.internal.PropertyBinder   : MetadataSourceProcessor property iconoServicio with lazy=false
2024-05-29T15:29:49.534-05:00 DEBUG 1432 --- [app_mantra] [           main] o.h.b.m.internal.AbstractPropertyHolder  : Attempting to locate auto-apply AttributeConverter for property [glamping.glamping.entidades.Informacion:iconoServicio]
2024-05-29T15:29:49.534-05:00 DEBUG 1432 --- [app_mantra] [           main] o.h.b.model.internal.BasicValueBinder    : building BasicValue for iconoServicio
2024-05-29T15:29:49.534-05:00 DEBUG 1432 --- [app_mantra] [           main] org.hibernate.mapping.BasicValue         : Skipping column re-registration: informacion.icono_servicio
2024-05-29T15:29:49.534-05:00 DEBUG 1432 --- [app_mantra] [           main] o.h.boot.model.internal.PropertyBinder   : Building property iconoServicio
2024-05-29T15:29:49.535-05:00 DEBUG 1432 --- [app_mantra] [           main] o.h.boot.model.internal.AnnotatedColumn  : Binding column: AnnotatedJoinColumn()
2024-05-29T15:29:49.535-05:00 DEBUG 1432 --- [app_mantra] [           main] o.h.boot.model.internal.AnnotatedColumn  : Binding column: AnnotatedColumn()
2024-05-29T15:29:49.536-05:00 DEBUG 1432 --- [app_mantra] [           main] o.h.boot.model.internal.AnnotatedColumn  : Binding column: AnnotatedColumn()
2024-05-29T15:29:49.536-05:00 DEBUG 1432 --- [app_mantra] [           main] o.h.boot.model.internal.PropertyBinder   : MetadataSourceProcessor property seccion with lazy=false
2024-05-29T15:29:49.536-05:00 DEBUG 1432 --- [app_mantra] [           main] o.h.b.m.internal.AbstractPropertyHolder  : Attempting to locate auto-apply AttributeConverter for property [glamping.glamping.entidades.Informacion:seccion]
2024-05-29T15:29:49.536-05:00 DEBUG 1432 --- [app_mantra] [           main] o.h.b.model.internal.BasicValueBinder    : building BasicValue for seccion
2024-05-29T15:29:49.536-05:00 DEBUG 1432 --- [app_mantra] [           main] org.hibernate.mapping.BasicValue         : Skipping column re-registration: informacion.seccion
2024-05-29T15:29:49.537-05:00 DEBUG 1432 --- [app_mantra] [           main] o.h.boot.model.internal.PropertyBinder   : Building property seccion
2024-05-29T15:29:49.537-05:00 DEBUG 1432 --- [app_mantra] [           main] o.h.boot.model.internal.AnnotatedColumn  : Binding column: AnnotatedColumn()
2024-05-29T15:29:49.537-05:00 DEBUG 1432 --- [app_mantra] [           main] o.h.boot.model.internal.PropertyBinder   : MetadataSourceProcessor property texto with lazy=false
2024-05-29T15:29:49.537-05:00 DEBUG 1432 --- [app_mantra] [           main] o.h.b.m.internal.AbstractPropertyHolder  : Attempting to locate auto-apply AttributeConverter for property [glamping.glamping.entidades.Informacion:texto]
2024-05-29T15:29:49.537-05:00 DEBUG 1432 --- [app_mantra] [           main] o.h.b.model.internal.BasicValueBinder    : building BasicValue for texto
2024-05-29T15:29:49.537-05:00 DEBUG 1432 --- [app_mantra] [           main] org.hibernate.mapping.BasicValue         : Skipping column re-registration: informacion.texto
2024-05-29T15:29:49.537-05:00 DEBUG 1432 --- [app_mantra] [           main] o.h.boot.model.internal.PropertyBinder   : Building property texto
2024-05-29T15:29:49.537-05:00 DEBUG 1432 --- [app_mantra] [           main] o.h.boot.model.internal.AnnotatedColumn  : Binding column: AnnotatedColumn()
2024-05-29T15:29:49.537-05:00 DEBUG 1432 --- [app_mantra] [           main] o.h.boot.model.internal.PropertyBinder   : MetadataSourceProcessor property titulo with lazy=false
2024-05-29T15:29:49.537-05:00 DEBUG 1432 --- [app_mantra] [           main] o.h.b.m.internal.AbstractPropertyHolder  : Attempting to locate auto-apply AttributeConverter for property [glamping.glamping.entidades.Informacion:titulo]
2024-05-29T15:29:49.537-05:00 DEBUG 1432 --- [app_mantra] [           main] o.h.b.model.internal.BasicValueBinder    : building BasicValue for titulo
2024-05-29T15:29:49.537-05:00 DEBUG 1432 --- [app_mantra] [           main] org.hibernate.mapping.BasicValue         : Skipping column re-registration: informacion.titulo
2024-05-29T15:29:49.537-05:00 DEBUG 1432 --- [app_mantra] [           main] o.h.boot.model.internal.PropertyBinder   : Building property titulo
2024-05-29T15:29:49.538-05:00 DEBUG 1432 --- [app_mantra] [           main] o.h.b.r.c.i.ClassLoaderServiceImpl       : HHH000194: Package not found or wo package-info.java: glamping.glamping.entidades
2024-05-29T15:29:49.538-05:00 DEBUG 1432 --- [app_mantra] [           main] o.h.boot.model.internal.EntityBinder     : Binding entity from annotated class: glamping.glamping.entidades.PasswordResetToken
2024-05-29T15:29:49.539-05:00 DEBUG 1432 --- [app_mantra] [           main] o.h.boot.model.internal.EntityBinder     : Import with entity name PasswordResetToken
2024-05-29T15:29:49.539-05:00 DEBUG 1432 --- [app_mantra] [           main] o.h.boot.model.internal.EntityBinder     : Bind entity glamping.glamping.entidades.PasswordResetToken on table password_reset_token
2024-05-29T15:29:49.539-05:00 DEBUG 1432 --- [app_mantra] [           main] o.h.boot.model.internal.AnnotatedColumn  : Binding column: AnnotatedDiscriminatorColumn(column='DTYPE')
2024-05-29T15:29:49.539-05:00 DEBUG 1432 --- [app_mantra] [           main] o.h.boot.model.internal.AnnotatedColumn  : Binding column: AnnotatedColumn()
2024-05-29T15:29:49.539-05:00 DEBUG 1432 --- [app_mantra] [           main] o.h.boot.internal.ClassLoaderAccessImpl  : Not known whether passed class name [glamping.glamping.entidades.PasswordResetToken] is safe
2024-05-29T15:29:49.539-05:00 DEBUG 1432 --- [app_mantra] [           main] o.h.boot.internal.ClassLoaderAccessImpl  : No temp ClassLoader provided; using live ClassLoader for loading potentially unsafe class : glamping.glamping.entidades.PasswordResetToken
2024-05-29T15:29:49.539-05:00 DEBUG 1432 --- [app_mantra] [           main] o.h.boot.model.internal.PropertyBinder   : MetadataSourceProcessor property id with lazy=false
2024-05-29T15:29:49.540-05:00 DEBUG 1432 --- [app_mantra] [           main] o.h.b.m.internal.AbstractPropertyHolder  : Attempting to locate auto-apply AttributeConverter for property [glamping.glamping.entidades.PasswordResetToken:id]
2024-05-29T15:29:49.540-05:00 DEBUG 1432 --- [app_mantra] [           main] o.h.b.model.internal.BasicValueBinder    : building BasicValue for id
2024-05-29T15:29:49.540-05:00 DEBUG 1432 --- [app_mantra] [           main] org.hibernate.mapping.BasicValue         : Skipping column re-registration: password_reset_token.id
2024-05-29T15:29:49.540-05:00 DEBUG 1432 --- [app_mantra] [           main] o.h.boot.model.internal.PropertyBinder   : Building property id
2024-05-29T15:29:49.540-05:00 DEBUG 1432 --- [app_mantra] [           main] o.h.boot.model.internal.BinderHelper     : #makeIdGenerator(BasicValue([Column(id)]), id, org.hibernate.id.enhanced.SequenceStyleGenerator, , ...)
2024-05-29T15:29:49.541-05:00 DEBUG 1432 --- [app_mantra] [           main] o.h.boot.model.internal.AnnotatedColumn  : Binding column: AnnotatedColumn()
2024-05-29T15:29:49.541-05:00 DEBUG 1432 --- [app_mantra] [           main] o.h.boot.model.internal.PropertyBinder   : MetadataSourceProcessor property email with lazy=false
2024-05-29T15:29:49.541-05:00 DEBUG 1432 --- [app_mantra] [           main] o.h.b.m.internal.AbstractPropertyHolder  : Attempting to locate auto-apply AttributeConverter for property [glamping.glamping.entidades.PasswordResetToken:email]
2024-05-29T15:29:49.541-05:00 DEBUG 1432 --- [app_mantra] [           main] o.h.b.model.internal.BasicValueBinder    : building BasicValue for email
2024-05-29T15:29:49.541-05:00 DEBUG 1432 --- [app_mantra] [           main] org.hibernate.mapping.BasicValue         : Skipping column re-registration: password_reset_token.email
2024-05-29T15:29:49.541-05:00 DEBUG 1432 --- [app_mantra] [           main] o.h.boot.model.internal.PropertyBinder   : Building property email
2024-05-29T15:29:49.541-05:00 DEBUG 1432 --- [app_mantra] [           main] o.h.boot.model.internal.AnnotatedColumn  : Binding column: AnnotatedColumn()
2024-05-29T15:29:49.541-05:00 DEBUG 1432 --- [app_mantra] [           main] o.h.boot.model.internal.PropertyBinder   : MetadataSourceProcessor property expirationDate with lazy=false
[...]
2024-05-29T15:29:59.586-05:00 DEBUG 1432 --- [app_mantra] [           main] org.hibernate.orm.results                : Extracted JDBC value [0] - [1]
2024-05-29T15:29:59.586-05:00 DEBUG 1432 --- [app_mantra] [           main] o.hibernate.orm.results.loading.entity   : (EntityResultInitializer) Hydrated EntityKey (glamping.glamping.entidades.Roles(142420314092900)): 1
2024-05-29T15:29:59.586-05:00 DEBUG 1432 --- [app_mantra] [           main] o.h.o.r.l.o.h.o.r.loading.collection     : (SelectEagerCollectionInitializer) Current row collection key : glamping.glamping.entidades.Roles(142420314092900).usuario#1
2024-05-29T15:29:59.586-05:00 DEBUG 1432 --- [app_mantra] [           main] o.hibernate.orm.results.loading.entity   : (EntityResultInitializer) Created new entity instance [glamping.glamping.entidades.Roles(142420314092900)#1] : 204836658
2024-05-29T15:29:59.586-05:00 DEBUG 1432 --- [app_mantra] [           main] org.hibernate.orm.results                : Extracted JDBC value [1] - [usuario]
2024-05-29T15:29:59.586-05:00 DEBUG 1432 --- [app_mantra] [           main] o.hibernate.orm.results.loading.entity   : (EntityResultInitializer) Done materializing entityInstance : glamping.glamping.entidades.Roles(142420314092900)#1
2024-05-29T15:29:59.586-05:00 DEBUG 1432 --- [app_mantra] [           main] org.hibernate.orm.results.loading        : Calling top-level assembler (0 / 1) : org.hibernate.sql.results.graph.entity.internal.EntityAssembler@505e483f
2024-05-29T15:29:59.589-05:00 DEBUG 1432 --- [app_mantra] [           main] org.hibernate.orm.sql.exec               : Skipping reading Query result cache data: cache-enabled = false, cache-mode = IGNORE
2024-05-29T15:29:59.590-05:00 DEBUG 1432 --- [app_mantra] [           main] org.hibernate.orm.results                : Initializer list:
	  glamping.glamping.entidades.Roles.usuario.{element}.roles.usuario -> SelectEagerCollectionInitializer(glamping.glamping.entidades.Roles.usuario.{element}.roles.usuario)@238462145 (PluralAttribute(glamping.glamping.entidades.Roles.usuario))
	  glamping.glamping.entidades.Roles.usuario.{element}.roles -> EntityJoinedFetchInitializer(glamping.glamping.entidades.Roles.usuario.{element}.roles)@60320598 (ToOneAttributeMapping(NavigableRole[glamping.glamping.entidades.Usuario.roles])@704611578)
	  glamping.glamping.entidades.Roles.usuario.{element}.reserva -> DelayedCollectionInitializer(glamping.glamping.entidades.Roles.usuario.{element}.reserva)@2106643654 (PluralAttribute(glamping.glamping.entidades.Usuario.reserva))
	  glamping.glamping.entidades.Roles.usuario -> BagInitializer(glamping.glamping.entidades.Roles.usuario)@1161809122 (PluralAttribute(glamping.glamping.entidades.Roles.usuario))
	  glamping.glamping.entidades.Roles.usuario.{element} -> EntityJoinedFetchInitializer(glamping.glamping.entidades.Roles.usuario.{element})@2115270696 (EntityCollectionPart(glamping.glamping.entidades.Roles.usuario#{element})@887398710)

2024-05-29T15:29:59.590-05:00 DEBUG 1432 --- [app_mantra] [           main] org.hibernate.SQL                        : select u1_0.usuario_id,u1_0.nombre_contacto_emergencia,u1_0.contacto,u1_0.contacto_emergencia,u1_0.email,u1_0.fecha_nacimiento,u1_0.nombre,u1_0.parentesco,u1_0.password,r1_0.rol_id,r1_0.nombre,u1_0.username from usuario u1_0 left join roles r1_0 on r1_0.rol_id=u1_0.roles_rol_id where u1_0.usuario_id=?
2024-05-29T15:29:59.756-05:00 DEBUG 1432 --- [app_mantra] [           main] org.hibernate.orm.results                : Extracted JDBC value [9] - [1]
2024-05-29T15:29:59.757-05:00 DEBUG 1432 --- [app_mantra] [           main] o.hibernate.orm.results.loading.entity   : (EntityJoinedFetchInitializer) Hydrated EntityKey (glamping.glamping.entidades.Roles.usuario.{element}.roles): 1
2024-05-29T15:29:59.757-05:00 DEBUG 1432 --- [app_mantra] [           main] org.hibernate.orm.results                : Extracted JDBC value [0] - [1]
2024-05-29T15:29:59.757-05:00 DEBUG 1432 --- [app_mantra] [           main] o.hibernate.orm.results.loading.entity   : (EntityJoinedFetchInitializer) Hydrated EntityKey (glamping.glamping.entidades.Roles.usuario.{element}): 1
2024-05-29T15:29:59.757-05:00 DEBUG 1432 --- [app_mantra] [           main] org.hibernate.orm.results                : Extracted JDBC value [0] - [1]
2024-05-29T15:29:59.757-05:00 DEBUG 1432 --- [app_mantra] [           main] o.h.o.r.l.o.h.o.r.loading.collection     : (DelayedCollectionInitializer) Current row collection key : glamping.glamping.entidades.Roles.usuario.{element}.reserva#1
2024-05-29T15:29:59.757-05:00 DEBUG 1432 --- [app_mantra] [           main] o.h.o.r.l.o.h.o.r.loading.collection     : (SelectEagerCollectionInitializer) Current row collection key : glamping.glamping.entidades.Roles.usuario.{element}.roles.usuario#1
2024-05-29T15:29:59.757-05:00 DEBUG 1432 --- [app_mantra] [           main] org.hibernate.orm.results                : Extracted JDBC value [0] - [1]
2024-05-29T15:29:59.757-05:00 DEBUG 1432 --- [app_mantra] [           main] o.h.o.r.l.o.h.o.r.loading.collection     : (BagInitializer) Current row collection key : glamping.glamping.entidades.Roles.usuario#1
2024-05-29T15:29:59.757-05:00 DEBUG 1432 --- [app_mantra] [           main] org.hibernate.orm.results                : Extracted JDBC value [0] - [1]
2024-05-29T15:29:59.757-05:00 DEBUG 1432 --- [app_mantra] [           main] o.hibernate.orm.results.loading.entity   : (EntityJoinedFetchInitializer) Created new entity instance [glamping.glamping.entidades.Roles.usuario.{element}#1] : 2117613330
2024-05-29T15:29:59.757-05:00 DEBUG 1432 --- [app_mantra] [           main] o.h.o.r.l.o.h.o.r.loading.collection     : (BagInitializer) Responsible for loading collection [glamping.glamping.entidades.Roles.usuario#1] : org.hibernate.collection.spi.PersistentBag@1578673831
2024-05-29T15:29:59.757-05:00 DEBUG 1432 --- [app_mantra] [           main] org.hibernate.orm.results                : Extracted JDBC value [1] - [null]
2024-05-29T15:29:59.757-05:00 DEBUG 1432 --- [app_mantra] [           main] org.hibernate.orm.results                : Extracted JDBC value [2] - [null]
2024-05-29T15:29:59.757-05:00 DEBUG 1432 --- [app_mantra] [           main] org.hibernate.orm.results                : Extracted JDBC value [3] - [null]
2024-05-29T15:29:59.757-05:00 DEBUG 1432 --- [app_mantra] [           main] org.hibernate.orm.results                : Extracted JDBC value [4] - [josedavids123@live.com]
2024-05-29T15:29:59.757-05:00 DEBUG 1432 --- [app_mantra] [           main] org.hibernate.orm.results                : Extracted JDBC value [5] - [null]
2024-05-29T15:29:59.757-05:00 DEBUG 1432 --- [app_mantra] [           main] org.hibernate.orm.results                : Extracted JDBC value [6] - [jose]
2024-05-29T15:29:59.757-05:00 DEBUG 1432 --- [app_mantra] [           main] org.hibernate.orm.results                : Extracted JDBC value [7] - [null]
2024-05-29T15:29:59.757-05:00 DEBUG 1432 --- [app_mantra] [           main] org.hibernate.orm.results                : Extracted JDBC value [8] - [$2a$10$ag3JnNH8QSo5SNpJsgJkM.A9iUaCfrm5ZTzBhSeD1oc4v9CTkk/eG]
2024-05-29T15:29:59.757-05:00 DEBUG 1432 --- [app_mantra] [           main] org.hibernate.orm.results                : Extracted JDBC value [11] - [user]
2024-05-29T15:29:59.757-05:00 DEBUG 1432 --- [app_mantra] [           main] o.hibernate.orm.results.loading.entity   : (EntityJoinedFetchInitializer) Done materializing entityInstance : glamping.glamping.entidades.Roles.usuario.{element}#1
2024-05-29T15:29:59.757-05:00 DEBUG 1432 --- [app_mantra] [           main] o.h.o.r.l.o.h.o.r.loading.collection     : (BagInitializer) Reading element from row for collection [glamping.glamping.entidades.Roles.usuario#1] -> org.hibernate.collection.spi.PersistentBag@1578673831
2024-05-29T15:29:59.757-05:00 DEBUG 1432 --- [app_mantra] [           main] org.hibernate.orm.results.loading        : Calling top-level assembler (0 / 1) : org.hibernate.sql.results.graph.collection.internal.EagerCollectionAssembler@2e587292
2024-05-29T15:29:59.758-05:00 DEBUG 1432 --- [app_mantra] [           main] o.h.sql.results.internal.ResultsHelper   : Collection fully initialized: [glamping.glamping.entidades.Roles.usuario#1]
2024-05-29T15:29:59.758-05:00 DEBUG 1432 --- [app_mantra] [           main] org.hibernate.orm.sql.ast.create         : Created new SQL alias : r1_0
2024-05-29T15:29:59.758-05:00 DEBUG 1432 --- [app_mantra] [           main] org.hibernate.orm.sql.ast.create         : Registration of TableGroup [StandardTableGroup(glamping.glamping.entidades.Roles(142420314092900))] with identifierForTableGroup [glamping.glamping.entidades.Roles] for NavigablePath [glamping.glamping.entidades.Roles] 
2024-05-29T15:29:59.758-05:00 DEBUG 1432 --- [app_mantra] [           main] o.h.q.sqm.sql.BaseSqmToSqlAstConverter   : Determining mapping-model type for SqmParameter : org.hibernate.query.sqm.tree.expression.SqmJpaCriteriaParameterWrapper@97842a0
2024-05-29T15:29:59.759-05:00 DEBUG 1432 --- [app_mantra] [           main] o.h.q.sqm.sql.BaseSqmToSqlAstConverter   : Determining mapping-model type for SqmPath : SqmBasicValuedSimplePath(glamping.glamping.entidades.Roles(142420314092900).name) 
2024-05-29T15:29:59.759-05:00 DEBUG 1432 --- [app_mantra] [           main] org.hibernate.orm.results.graph.AST      : DomainResult Graph:
 \-EntityResultImpl [glamping.glamping.entidades.Roles(142420314092900)]
 |  +-BasicFetch [glamping.glamping.entidades.Roles(142420314092900).name]
 |  \-SelectEagerCollectionFetch [glamping.glamping.entidades.Roles(142420314092900).usuario]

2024-05-29T15:29:59.759-05:00 DEBUG 1432 --- [app_mantra] [           main] org.hibernate.orm.sql.ast.tree           : SQL AST Tree:
    SelectStatement {
      FromClause {
        StandardTableGroup (r1 : glamping.glamping.entidades.Roles(142420314092900)) {
          primaryTableReference : roles as r1_0
        }
      }
    }

2024-05-29T15:29:59.759-05:00 DEBUG 1432 --- [app_mantra] [           main] org.hibernate.orm.sql.exec               : Skipping reading Query result cache data: cache-enabled = false, cache-mode = NORMAL
2024-05-29T15:29:59.759-05:00 DEBUG 1432 --- [app_mantra] [           main] org.hibernate.orm.results                : Initializer list:
	  glamping.glamping.entidades.Roles(142420314092900).usuario -> SelectEagerCollectionInitializer(glamping.glamping.entidades.Roles(142420314092900).usuario)@1287012773 (PluralAttribute(glamping.glamping.entidades.Roles.usuario))
	  glamping.glamping.entidades.Roles(142420314092900) -> EntityResultInitializer(glamping.glamping.entidades.Roles(142420314092900))@118519761 (SingleTableEntityPersister(glamping.glamping.entidades.Roles))

2024-05-29T15:29:59.759-05:00 DEBUG 1432 --- [app_mantra] [           main] org.hibernate.SQL                        : select r1_0.rol_id,r1_0.nombre from roles r1_0 where r1_0.nombre=?
2024-05-29T15:29:59.917-05:00 DEBUG 1432 --- [app_mantra] [           main] org.hibernate.orm.results                : Extracted JDBC value [0] - [2]
2024-05-29T15:29:59.917-05:00 DEBUG 1432 --- [app_mantra] [           main] o.hibernate.orm.results.loading.entity   : (EntityResultInitializer) Hydrated EntityKey (glamping.glamping.entidades.Roles(142420314092900)): 2
2024-05-29T15:29:59.917-05:00 DEBUG 1432 --- [app_mantra] [           main] o.h.o.r.l.o.h.o.r.loading.collection     : (SelectEagerCollectionInitializer) Current row collection key : glamping.glamping.entidades.Roles(142420314092900).usuario#2
2024-05-29T15:29:59.917-05:00 DEBUG 1432 --- [app_mantra] [           main] o.hibernate.orm.results.loading.entity   : (EntityResultInitializer) Created new entity instance [glamping.glamping.entidades.Roles(142420314092900)#2] : 500153041
2024-05-29T15:29:59.917-05:00 DEBUG 1432 --- [app_mantra] [           main] org.hibernate.orm.results                : Extracted JDBC value [1] - [admin]
2024-05-29T15:29:59.917-05:00 DEBUG 1432 --- [app_mantra] [           main] o.hibernate.orm.results.loading.entity   : (EntityResultInitializer) Done materializing entityInstance : glamping.glamping.entidades.Roles(142420314092900)#2
2024-05-29T15:29:59.917-05:00 DEBUG 1432 --- [app_mantra] [           main] org.hibernate.orm.results.loading        : Calling top-level assembler (0 / 1) : org.hibernate.sql.results.graph.entity.internal.EntityAssembler@12418d3f
2024-05-29T15:29:59.918-05:00 DEBUG 1432 --- [app_mantra] [           main] org.hibernate.orm.sql.exec               : Skipping reading Query result cache data: cache-enabled = false, cache-mode = IGNORE
2024-05-29T15:29:59.918-05:00 DEBUG 1432 --- [app_mantra] [           main] org.hibernate.orm.results                : Initializer list:
	  glamping.glamping.entidades.Roles.usuario.{element}.roles.usuario -> SelectEagerCollectionInitializer(glamping.glamping.entidades.Roles.usuario.{element}.roles.usuario)@1109462311 (PluralAttribute(glamping.glamping.entidades.Roles.usuario))
	  glamping.glamping.entidades.Roles.usuario.{element}.roles -> EntityJoinedFetchInitializer(glamping.glamping.entidades.Roles.usuario.{element}.roles)@1949334269 (ToOneAttributeMapping(NavigableRole[glamping.glamping.entidades.Usuario.roles])@704611578)
	  glamping.glamping.entidades.Roles.usuario.{element}.reserva -> DelayedCollectionInitializer(glamping.glamping.entidades.Roles.usuario.{element}.reserva)@1778792753 (PluralAttribute(glamping.glamping.entidades.Usuario.reserva))
	  glamping.glamping.entidades.Roles.usuario -> BagInitializer(glamping.glamping.entidades.Roles.usuario)@162083492 (PluralAttribute(glamping.glamping.entidades.Roles.usuario))
	  glamping.glamping.entidades.Roles.usuario.{element} -> EntityJoinedFetchInitializer(glamping.glamping.entidades.Roles.usuario.{element})@1135300227 (EntityCollectionPart(glamping.glamping.entidades.Roles.usuario#{element})@887398710)

2024-05-29T15:29:59.918-05:00 DEBUG 1432 --- [app_mantra] [           main] org.hibernate.SQL                        : select u1_0.usuario_id,u1_0.nombre_contacto_emergencia,u1_0.contacto,u1_0.contacto_emergencia,u1_0.email,u1_0.fecha_nacimiento,u1_0.nombre,u1_0.parentesco,u1_0.password,r1_0.rol_id,r1_0.nombre,u1_0.username from usuario u1_0 left join roles r1_0 on r1_0.rol_id=u1_0.roles_rol_id where u1_0.usuario_id=?
2024-05-29T15:30:00.082-05:00 DEBUG 1432 --- [app_mantra] [           main] org.hibernate.orm.results                : Extracted JDBC value [9] - [2]
2024-05-29T15:30:00.082-05:00 DEBUG 1432 --- [app_mantra] [           main] o.hibernate.orm.results.loading.entity   : (EntityJoinedFetchInitializer) Hydrated EntityKey (glamping.glamping.entidades.Roles.usuario.{element}.roles): 2
2024-05-29T15:30:00.082-05:00 DEBUG 1432 --- [app_mantra] [           main] org.hibernate.orm.results                : Extracted JDBC value [0] - [2]
2024-05-29T15:30:00.082-05:00 DEBUG 1432 --- [app_mantra] [           main] o.hibernate.orm.results.loading.entity   : (EntityJoinedFetchInitializer) Hydrated EntityKey (glamping.glamping.entidades.Roles.usuario.{element}): 2
2024-05-29T15:30:00.082-05:00 DEBUG 1432 --- [app_mantra] [           main] org.hibernate.orm.results                : Extracted JDBC value [0] - [2]
2024-05-29T15:30:00.082-05:00 DEBUG 1432 --- [app_mantra] [           main] o.h.o.r.l.o.h.o.r.loading.collection     : (DelayedCollectionInitializer) Current row collection key : glamping.glamping.entidades.Roles.usuario.{element}.reserva#2
2024-05-29T15:30:00.082-05:00 DEBUG 1432 --- [app_mantra] [           main] o.h.o.r.l.o.h.o.r.loading.collection     : (SelectEagerCollectionInitializer) Current row collection key : glamping.glamping.entidades.Roles.usuario.{element}.roles.usuario#2
2024-05-29T15:30:00.082-05:00 DEBUG 1432 --- [app_mantra] [           main] org.hibernate.orm.results                : Extracted JDBC value [0] - [2]
2024-05-29T15:30:00.082-05:00 DEBUG 1432 --- [app_mantra] [           main] o.h.o.r.l.o.h.o.r.loading.collection     : (BagInitializer) Current row collection key : glamping.glamping.entidades.Roles.usuario#2
2024-05-29T15:30:00.082-05:00 DEBUG 1432 --- [app_mantra] [           main] org.hibernate.orm.results                : Extracted JDBC value [0] - [2]
2024-05-29T15:30:00.082-05:00 DEBUG 1432 --- [app_mantra] [           main] o.hibernate.orm.results.loading.entity   : (EntityJoinedFetchInitializer) Created new entity instance [glamping.glamping.entidades.Roles.usuario.{element}#2] : 793999565
2024-05-29T15:30:00.082-05:00 DEBUG 1432 --- [app_mantra] [           main] o.h.o.r.l.o.h.o.r.loading.collection     : (BagInitializer) Responsible for loading collection [glamping.glamping.entidades.Roles.usuario#2] : org.hibernate.collection.spi.PersistentBag@434497606
2024-05-29T15:30:00.082-05:00 DEBUG 1432 --- [app_mantra] [           main] org.hibernate.orm.results                : Extracted JDBC value [1] - [null]
2024-05-29T15:30:00.082-05:00 DEBUG 1432 --- [app_mantra] [           main] org.hibernate.orm.results                : Extracted JDBC value [2] - [null]
2024-05-29T15:30:00.082-05:00 DEBUG 1432 --- [app_mantra] [           main] org.hibernate.orm.results                : Extracted JDBC value [3] - [null]
2024-05-29T15:30:00.082-05:00 DEBUG 1432 --- [app_mantra] [           main] org.hibernate.orm.results                : Extracted JDBC value [4] - [josedavids123@gmail.com]
2024-05-29T15:30:00.082-05:00 DEBUG 1432 --- [app_mantra] [           main] org.hibernate.orm.results                : Extracted JDBC value [5] - [null]
2024-05-29T15:30:00.082-05:00 DEBUG 1432 --- [app_mantra] [           main] org.hibernate.orm.results                : Extracted JDBC value [6] - [jose]
2024-05-29T15:30:00.082-05:00 DEBUG 1432 --- [app_mantra] [           main] org.hibernate.orm.results                : Extracted JDBC value [7] - [null]
2024-05-29T15:30:00.082-05:00 DEBUG 1432 --- [app_mantra] [           main] org.hibernate.orm.results                : Extracted JDBC value [8] - [$2a$10$m5IDnUww8J9fUfHdgiSFrOz4Y7zhEtfapcmIgqOJ3hI5jnqbnoW9O]
2024-05-29T15:30:00.082-05:00 DEBUG 1432 --- [app_mantra] [           main] org.hibernate.orm.results                : Extracted JDBC value [11] - [admin]
2024-05-29T15:30:00.082-05:00 DEBUG 1432 --- [app_mantra] [           main] o.hibernate.orm.results.loading.entity   : (EntityJoinedFetchInitializer) Done materializing entityInstance : glamping.glamping.entidades.Roles.usuario.{element}#2
2024-05-29T15:30:00.082-05:00 DEBUG 1432 --- [app_mantra] [           main] o.h.o.r.l.o.h.o.r.loading.collection     : (BagInitializer) Reading element from row for collection [glamping.glamping.entidades.Roles.usuario#2] -> org.hibernate.collection.spi.PersistentBag@434497606
2024-05-29T15:30:00.083-05:00 DEBUG 1432 --- [app_mantra] [           main] org.hibernate.orm.results.loading        : Calling top-level assembler (0 / 1) : org.hibernate.sql.results.graph.collection.internal.EagerCollectionAssembler@5bdfae42
2024-05-29T15:30:00.083-05:00 DEBUG 1432 --- [app_mantra] [           main] o.h.sql.results.internal.ResultsHelper   : Collection fully initialized: [glamping.glamping.entidades.Roles.usuario#2]
Usuario ya existe
Usuario admin ya existe
2024-05-29T15:30:00.084-05:00 DEBUG 1432 --- [app_mantra] [           main] o.s.b.a.ApplicationAvailabilityBean      : Application availability state ReadinessState changed to ACCEPTING_TRAFFIC
]]></system-out>
    <system-err><![CDATA[WARNING: A Java agent has been loaded dynamically (C:\Users\laura\.m2\repository\net\bytebuddy\byte-buddy-agent\1.14.10\byte-buddy-agent-1.14.10.jar)
WARNING: If a serviceability tool is in use, please run with -XX:+EnableDynamicAgentLoading to hide this warning
WARNING: If a serviceability tool is not in use, please run with -Djdk.instrument.traceUsage for more information
WARNING: Dynamic loading of agents will be disallowed by default in a future release
]]></system-err>
  </testcase>
</testsuite>